{"doc_template_name": "doc.txt", "event": "Loading tests...", "file_path": "./data/tests/default.yaml", "level": "info", "mapping_template_name": "ignore_malformed.mapping.txt", "templates_path": "./data/templates", "timestamp": 1688460617.3757062}
{"event": "New mapping type", "level": "debug", "mapping_type": "integer", "timestamp": 1688460617.3773398}
{"event": "Error while deleting index", "level": "error", "resp": {"error": {"index": "my-index-000001", "index_uuid": "_na_", "reason": "no such index [my-index-000001]", "resource.id": "my-index-000001", "resource.type": "index_or_alias", "root_cause": [{"index": "my-index-000001", "index_uuid": "_na_", "reason": "no such index [my-index-000001]", "resource.id": "my-index-000001", "resource.type": "index_or_alias", "type": "index_not_found_exception"}], "type": "index_not_found_exception"}, "status": 404}, "timestamp": 1688460617.4494772}
{"event": "Created index", "level": "debug", "mapping_type": "integer", "resp": {"acknowledged": true, "index": "my-index-000001", "shards_acknowledged": true}, "timestamp": 1688460617.618654}
{"event": "Trying indexing...", "level": "debug", "mapping_type": "integer", "runtime_type": "date", "timestamp": 1688460617.618737, "value": 1420070400001}
{"event": "Object indexed correctly", "level": "debug", "mapping_type": "integer", "resp": {"_id": "0", "_index": "my-index-000001", "_primary_term": 1, "_seq_no": 0, "_shards": {"failed": 0, "successful": 1, "total": 2}, "_version": 1, "forced_refresh": true, "result": "created"}, "runtime_type": "date", "timestamp": 1688460617.723444, "value": 1420070400001}
{"event": "Trying indexing...", "level": "debug", "mapping_type": "integer", "runtime_type": "date", "timestamp": 1688460617.7235332, "value": "\"2015-01-01T12:10:30Z\""}
{"event": "Object indexed correctly", "level": "debug", "mapping_type": "integer", "resp": {"_id": "1", "_index": "my-index-000001", "_primary_term": 1, "_seq_no": 1, "_shards": {"failed": 0, "successful": 1, "total": 2}, "_version": 1, "forced_refresh": true, "result": "created"}, "runtime_type": "date", "timestamp": 1688460617.799021, "value": "\"2015-01-01T12:10:30Z\""}
{"event": "Trying indexing...", "level": "debug", "mapping_type": "integer", "runtime_type": "date", "timestamp": 1688460617.7991092, "value": "\"2015-01-01\""}
{"event": "Object indexed correctly", "level": "debug", "mapping_type": "integer", "resp": {"_id": "2", "_index": "my-index-000001", "_primary_term": 1, "_seq_no": 2, "_shards": {"failed": 0, "successful": 1, "total": 2}, "_version": 1, "forced_refresh": true, "result": "created"}, "runtime_type": "date", "timestamp": 1688460617.8596082, "value": "\"2015-01-01\""}
{"event": "Index deleted", "level": "debug", "resp": {"acknowledged": true}, "timestamp": 1688460618.025192}
{"event": "Created index", "level": "debug", "mapping_type": "integer", "resp": {"acknowledged": true, "index": "my-index-000001", "shards_acknowledged": true}, "timestamp": 1688460618.159971}
{"event": "Trying indexing...", "level": "debug", "mapping_type": "integer", "runtime_type": "date_nanos", "timestamp": 1688460618.160087, "value": 1420070400000}
{"event": "Object indexed correctly", "level": "debug", "mapping_type": "integer", "resp": {"_id": "0", "_index": "my-index-000001", "_primary_term": 1, "_seq_no": 0, "_shards": {"failed": 0, "successful": 1, "total": 2}, "_version": 1, "forced_refresh": true, "result": "created"}, "runtime_type": "date_nanos", "timestamp": 1688460618.241338, "value": 1420070400000}
{"event": "Trying indexing...", "level": "debug", "mapping_type": "integer", "runtime_type": "date_nanos", "timestamp": 1688460618.2414348, "value": "\"2015-01-01T12:10:30.123456789Z\""}
{"event": "Object indexed correctly", "level": "debug", "mapping_type": "integer", "resp": {"_id": "1", "_index": "my-index-000001", "_primary_term": 1, "_seq_no": 1, "_shards": {"failed": 0, "successful": 1, "total": 2}, "_version": 1, "forced_refresh": true, "result": "created"}, "runtime_type": "date_nanos", "timestamp": 1688460618.3027031, "value": "\"2015-01-01T12:10:30.123456789Z\""}
{"event": "Trying indexing...", "level": "debug", "mapping_type": "integer", "runtime_type": "date_nanos", "timestamp": 1688460618.302788, "value": "\"2015-01-01\""}
{"event": "Object indexed correctly", "level": "debug", "mapping_type": "integer", "resp": {"_id": "2", "_index": "my-index-000001", "_primary_term": 1, "_seq_no": 2, "_shards": {"failed": 0, "successful": 1, "total": 2}, "_version": 1, "forced_refresh": true, "result": "created"}, "runtime_type": "date_nanos", "timestamp": 1688460618.360534, "value": "\"2015-01-01\""}
{"event": "Index deleted", "level": "debug", "resp": {"acknowledged": true}, "timestamp": 1688460618.510656}
{"event": "Created index", "level": "debug", "mapping_type": "integer", "resp": {"acknowledged": true, "index": "my-index-000001", "shards_acknowledged": true}, "timestamp": 1688460618.643023}
{"event": "Trying indexing...", "level": "debug", "mapping_type": "integer", "runtime_type": "ip", "timestamp": 1688460618.6430998, "value": "\"192.168.1.1\""}
{"event": "Object indexed correctly", "level": "debug", "mapping_type": "integer", "resp": {"_id": "0", "_index": "my-index-000001", "_primary_term": 1, "_seq_no": 0, "_shards": {"failed": 0, "successful": 1, "total": 2}, "_version": 1, "forced_refresh": true, "result": "created"}, "runtime_type": "ip", "timestamp": 1688460618.735424, "value": "\"192.168.1.1\""}
{"event": "Trying indexing...", "level": "debug", "mapping_type": "integer", "runtime_type": "ip", "timestamp": 1688460618.73553, "value": "\"192.168.0.0/16\""}
{"event": "Object indexed correctly", "level": "debug", "mapping_type": "integer", "resp": {"_id": "1", "_index": "my-index-000001", "_primary_term": 1, "_seq_no": 1, "_shards": {"failed": 0, "successful": 1, "total": 2}, "_version": 1, "forced_refresh": true, "result": "created"}, "runtime_type": "ip", "timestamp": 1688460618.805952, "value": "\"192.168.0.0/16\""}
{"event": "Trying indexing...", "level": "debug", "mapping_type": "integer", "runtime_type": "ip", "timestamp": 1688460618.8060439, "value": "\"2001:db8::/48\""}
{"event": "Object indexed correctly", "level": "debug", "mapping_type": "integer", "resp": {"_id": "2", "_index": "my-index-000001", "_primary_term": 1, "_seq_no": 2, "_shards": {"failed": 0, "successful": 1, "total": 2}, "_version": 1, "forced_refresh": true, "result": "created"}, "runtime_type": "ip", "timestamp": 1688460618.865821, "value": "\"2001:db8::/48\""}
{"event": "Trying indexing...", "level": "debug", "mapping_type": "integer", "runtime_type": "ip", "timestamp": 1688460618.865908, "value": "\"2001:db8::1:0:0:1\""}
{"event": "Object indexed correctly", "level": "debug", "mapping_type": "integer", "resp": {"_id": "3", "_index": "my-index-000001", "_primary_term": 1, "_seq_no": 3, "_shards": {"failed": 0, "successful": 1, "total": 2}, "_version": 1, "forced_refresh": true, "result": "created"}, "runtime_type": "ip", "timestamp": 1688460618.931347, "value": "\"2001:db8::1:0:0:1\""}
{"event": "Index deleted", "level": "debug", "resp": {"acknowledged": true}, "timestamp": 1688460619.0831099}
{"event": "Created index", "level": "debug", "mapping_type": "integer", "resp": {"acknowledged": true, "index": "my-index-000001", "shards_acknowledged": true}, "timestamp": 1688460619.214626}
{"event": "Trying indexing...", "level": "debug", "mapping_type": "integer", "runtime_type": "ip_range", "timestamp": 1688460619.214711, "value": "\"192.168.0.0/16\""}
{"event": "Object indexed correctly", "level": "debug", "mapping_type": "integer", "resp": {"_id": "0", "_index": "my-index-000001", "_primary_term": 1, "_seq_no": 0, "_shards": {"failed": 0, "successful": 1, "total": 2}, "_version": 1, "forced_refresh": true, "result": "created"}, "runtime_type": "ip_range", "timestamp": 1688460619.296799, "value": "\"192.168.0.0/16\""}
{"event": "Index deleted", "level": "debug", "resp": {"acknowledged": true}, "timestamp": 1688460619.447913}
{"event": "Created index", "level": "debug", "mapping_type": "integer", "resp": {"acknowledged": true, "index": "my-index-000001", "shards_acknowledged": true}, "timestamp": 1688460619.581805}
{"event": "Trying indexing...", "level": "debug", "mapping_type": "integer", "runtime_type": "date_range", "timestamp": 1688460619.5818849, "value": "{\"gte\":\"2015-10-31 12:00:00\",\"lte\": \"2015-11-01\"}"}
{"event": "Failed indexing doc", "level": "error", "mapping_type": "integer", "resp": {"error": {"caused_by": {"reason": "Cannot parse object as number", "type": "illegal_argument_exception"}, "reason": "failed to parse field [malformed_field] of type [integer] in document with id '0'. Preview of field's value: '{gte=2015-10-3112:00:00, lte=2015-11-01}'", "root_cause": [{"reason": "failed to parse field [malformed_field] of type [integer] in document with id '0'. Preview of field's value: '{gte=2015-10-3112:00:00, lte=2015-11-01}'", "type": "mapper_parsing_exception"}], "type": "mapper_parsing_exception"}, "status": 400}, "runtime_type": "date_range", "timestamp": 1688460619.63676, "value": "{\"gte\":\"2015-10-31 12:00:00\",\"lte\": \"2015-11-01\"}"}
{"event": "Index deleted", "level": "debug", "resp": {"acknowledged": true}, "timestamp": 1688460619.78304}
{"event": "Created index", "level": "debug", "mapping_type": "integer", "resp": {"acknowledged": true, "index": "my-index-000001", "shards_acknowledged": true}, "timestamp": 1688460619.922312}
{"event": "Trying indexing...", "level": "debug", "mapping_type": "integer", "runtime_type": "object", "timestamp": 1688460619.922399, "value": "{\"age\":30,\"name\":{\"first\":\"John\",\"last\":\"Smith\"}}"}
{"event": "Failed indexing doc", "level": "error", "mapping_type": "integer", "resp": {"error": {"caused_by": {"reason": "Cannot parse object as number", "type": "illegal_argument_exception"}, "reason": "failed to parse field [malformed_field] of type [integer] in document with id '0'. Preview of field's value: '{name={last=Smith, first=John}, age=30}'", "root_cause": [{"reason": "failed to parse field [malformed_field] of type [integer] in document with id '0'. Preview of field's value: '{name={last=Smith, first=John}, age=30}'", "type": "mapper_parsing_exception"}], "type": "mapper_parsing_exception"}, "status": 400}, "runtime_type": "object", "timestamp": 1688460619.9760919, "value": "{\"age\":30,\"name\":{\"first\":\"John\",\"last\":\"Smith\"}}"}
{"event": "Trying indexing...", "level": "debug", "mapping_type": "integer", "runtime_type": "object", "timestamp": 1688460619.976178, "value": "{\"age\":30,\"name.first\":\"John\",\"name.last\":\"Smith\"}"}
{"event": "Failed indexing doc", "level": "error", "mapping_type": "integer", "resp": {"error": {"caused_by": {"reason": "Cannot parse object as number", "type": "illegal_argument_exception"}, "reason": "failed to parse field [malformed_field] of type [integer] in document with id '1'. Preview of field's value: '{name={last=Smith}, age=30}'", "root_cause": [{"reason": "failed to parse field [malformed_field] of type [integer] in document with id '1'. Preview of field's value: '{name={last=Smith}, age=30}'", "type": "mapper_parsing_exception"}], "type": "mapper_parsing_exception"}, "status": 400}, "runtime_type": "object", "timestamp": 1688460620.029589, "value": "{\"age\":30,\"name.first\":\"John\",\"name.last\":\"Smith\"}"}
{"event": "New mapping type", "level": "debug", "mapping_type": "date", "timestamp": 1688460620.091928}
{"event": "Index deleted", "level": "debug", "resp": {"acknowledged": true}, "timestamp": 1688460620.185728}
{"event": "Created index", "level": "debug", "mapping_type": "date", "resp": {"acknowledged": true, "index": "my-index-000001", "shards_acknowledged": true}, "timestamp": 1688460620.3140821}
{"event": "Trying indexing...", "level": "debug", "mapping_type": "date", "runtime_type": "integer", "timestamp": 1688460620.314167, "value": 1}
{"event": "Object indexed correctly", "level": "debug", "mapping_type": "date", "resp": {"_id": "0", "_index": "my-index-000001", "_primary_term": 1, "_seq_no": 0, "_shards": {"failed": 0, "successful": 1, "total": 2}, "_version": 1, "forced_refresh": true, "result": "created"}, "runtime_type": "integer", "timestamp": 1688460620.396149, "value": 1}
{"event": "Trying indexing...", "level": "debug", "mapping_type": "date", "runtime_type": "integer", "timestamp": 1688460620.396234, "value": -1}
{"event": "Object indexed correctly", "level": "debug", "mapping_type": "date", "resp": {"_id": "1", "_index": "my-index-000001", "_primary_term": 1, "_seq_no": 1, "_shards": {"failed": 0, "successful": 1, "total": 2}, "_version": 1, "forced_refresh": true, "result": "created"}, "runtime_type": "integer", "timestamp": 1688460620.45542, "value": -1}
{"event": "Trying indexing...", "level": "debug", "mapping_type": "date", "runtime_type": "integer", "timestamp": 1688460620.455504, "value": 0}
{"event": "Object indexed correctly", "level": "debug", "mapping_type": "date", "resp": {"_id": "2", "_index": "my-index-000001", "_primary_term": 1, "_seq_no": 2, "_shards": {"failed": 0, "successful": 1, "total": 2}, "_version": 1, "forced_refresh": true, "result": "created"}, "runtime_type": "integer", "timestamp": 1688460620.5154939, "value": 0}
{"event": "Index deleted", "level": "debug", "resp": {"acknowledged": true}, "timestamp": 1688460620.665847}
{"event": "Created index", "level": "debug", "mapping_type": "date", "resp": {"acknowledged": true, "index": "my-index-000001", "shards_acknowledged": true}, "timestamp": 1688460620.7981062}
{"event": "Trying indexing...", "level": "debug", "mapping_type": "date", "runtime_type": "date_nanos", "timestamp": 1688460620.79819, "value": 1420070400000}
{"event": "Object indexed correctly", "level": "debug", "mapping_type": "date", "resp": {"_id": "0", "_index": "my-index-000001", "_primary_term": 1, "_seq_no": 0, "_shards": {"failed": 0, "successful": 1, "total": 2}, "_version": 1, "forced_refresh": true, "result": "created"}, "runtime_type": "date_nanos", "timestamp": 1688460620.8823721, "value": 1420070400000}
{"event": "Trying indexing...", "level": "debug", "mapping_type": "date", "runtime_type": "date_nanos", "timestamp": 1688460620.882467, "value": "\"2015-01-01T12:10:30.123456789Z\""}
{"event": "Object indexed correctly", "level": "debug", "mapping_type": "date", "resp": {"_id": "1", "_index": "my-index-000001", "_primary_term": 1, "_seq_no": 1, "_shards": {"failed": 0, "successful": 1, "total": 2}, "_version": 1, "forced_refresh": true, "result": "created"}, "runtime_type": "date_nanos", "timestamp": 1688460620.94143, "value": "\"2015-01-01T12:10:30.123456789Z\""}
{"event": "Trying indexing...", "level": "debug", "mapping_type": "date", "runtime_type": "date_nanos", "timestamp": 1688460620.94152, "value": "\"2015-01-01\""}
{"event": "Object indexed correctly", "level": "debug", "mapping_type": "date", "resp": {"_id": "2", "_index": "my-index-000001", "_primary_term": 1, "_seq_no": 2, "_shards": {"failed": 0, "successful": 1, "total": 2}, "_version": 1, "forced_refresh": true, "result": "created"}, "runtime_type": "date_nanos", "timestamp": 1688460621.003099, "value": "\"2015-01-01\""}
{"event": "Index deleted", "level": "debug", "resp": {"acknowledged": true}, "timestamp": 1688460621.1548831}
{"event": "Created index", "level": "debug", "mapping_type": "date", "resp": {"acknowledged": true, "index": "my-index-000001", "shards_acknowledged": true}, "timestamp": 1688460621.285991}
{"event": "Trying indexing...", "level": "debug", "mapping_type": "date", "runtime_type": "ip", "timestamp": 1688460621.286072, "value": "\"192.168.1.1\""}
{"event": "Object indexed correctly", "level": "debug", "mapping_type": "date", "resp": {"_id": "0", "_index": "my-index-000001", "_primary_term": 1, "_seq_no": 0, "_shards": {"failed": 0, "successful": 1, "total": 2}, "_version": 1, "forced_refresh": true, "result": "created"}, "runtime_type": "ip", "timestamp": 1688460621.368879, "value": "\"192.168.1.1\""}
{"event": "Trying indexing...", "level": "debug", "mapping_type": "date", "runtime_type": "ip", "timestamp": 1688460621.368963, "value": "\"192.168.0.0/16\""}
{"event": "Object indexed correctly", "level": "debug", "mapping_type": "date", "resp": {"_id": "1", "_index": "my-index-000001", "_primary_term": 1, "_seq_no": 1, "_shards": {"failed": 0, "successful": 1, "total": 2}, "_version": 1, "forced_refresh": true, "result": "created"}, "runtime_type": "ip", "timestamp": 1688460621.428906, "value": "\"192.168.0.0/16\""}
{"event": "Trying indexing...", "level": "debug", "mapping_type": "date", "runtime_type": "ip", "timestamp": 1688460621.428989, "value": "\"2001:db8::/48\""}
{"event": "Object indexed correctly", "level": "debug", "mapping_type": "date", "resp": {"_id": "2", "_index": "my-index-000001", "_primary_term": 1, "_seq_no": 2, "_shards": {"failed": 0, "successful": 1, "total": 2}, "_version": 1, "forced_refresh": true, "result": "created"}, "runtime_type": "ip", "timestamp": 1688460621.488786, "value": "\"2001:db8::/48\""}
{"event": "Trying indexing...", "level": "debug", "mapping_type": "date", "runtime_type": "ip", "timestamp": 1688460621.488872, "value": "\"2001:db8::1:0:0:1\""}
{"event": "Object indexed correctly", "level": "debug", "mapping_type": "date", "resp": {"_id": "3", "_index": "my-index-000001", "_primary_term": 1, "_seq_no": 3, "_shards": {"failed": 0, "successful": 1, "total": 2}, "_version": 1, "forced_refresh": true, "result": "created"}, "runtime_type": "ip", "timestamp": 1688460621.552356, "value": "\"2001:db8::1:0:0:1\""}
{"event": "Index deleted", "level": "debug", "resp": {"acknowledged": true}, "timestamp": 1688460621.700327}
{"event": "Created index", "level": "debug", "mapping_type": "date", "resp": {"acknowledged": true, "index": "my-index-000001", "shards_acknowledged": true}, "timestamp": 1688460621.843213}
{"event": "Trying indexing...", "level": "debug", "mapping_type": "date", "runtime_type": "ip_range", "timestamp": 1688460621.843296, "value": "\"192.168.0.0/16\""}
{"event": "Object indexed correctly", "level": "debug", "mapping_type": "date", "resp": {"_id": "0", "_index": "my-index-000001", "_primary_term": 1, "_seq_no": 0, "_shards": {"failed": 0, "successful": 1, "total": 2}, "_version": 1, "forced_refresh": true, "result": "created"}, "runtime_type": "ip_range", "timestamp": 1688460621.929686, "value": "\"192.168.0.0/16\""}
{"event": "Index deleted", "level": "debug", "resp": {"acknowledged": true}, "timestamp": 1688460622.076433}
{"event": "Created index", "level": "debug", "mapping_type": "date", "resp": {"acknowledged": true, "index": "my-index-000001", "shards_acknowledged": true}, "timestamp": 1688460622.2125561}
{"event": "Trying indexing...", "level": "debug", "mapping_type": "date", "runtime_type": "date_range", "timestamp": 1688460622.212638, "value": "{\"gte\":\"2015-10-31 12:00:00\",\"lte\": \"2015-11-01\"}"}
{"event": "Failed indexing doc", "level": "error", "mapping_type": "date", "resp": {"error": {"caused_by": {"reason": "Can't get text on a START_OBJECT at 1:40", "type": "illegal_state_exception"}, "reason": "failed to parse field [malformed_field] of type [date] in document with id '0'. Preview of field's value: '{gte=2015-10-3112:00:00, lte=2015-11-01}'", "root_cause": [{"reason": "failed to parse field [malformed_field] of type [date] in document with id '0'. Preview of field's value: '{gte=2015-10-3112:00:00, lte=2015-11-01}'", "type": "mapper_parsing_exception"}], "type": "mapper_parsing_exception"}, "status": 400}, "runtime_type": "date_range", "timestamp": 1688460622.267918, "value": "{\"gte\":\"2015-10-31 12:00:00\",\"lte\": \"2015-11-01\"}"}
{"event": "Index deleted", "level": "debug", "resp": {"acknowledged": true}, "timestamp": 1688460622.413878}
{"event": "Created index", "level": "debug", "mapping_type": "date", "resp": {"acknowledged": true, "index": "my-index-000001", "shards_acknowledged": true}, "timestamp": 1688460622.54442}
{"event": "Trying indexing...", "level": "debug", "mapping_type": "date", "runtime_type": "object", "timestamp": 1688460622.5445051, "value": "{\"age\":30,\"name\":{\"first\":\"John\",\"last\":\"Smith\"}}"}
{"event": "Failed indexing doc", "level": "error", "mapping_type": "date", "resp": {"error": {"caused_by": {"reason": "Can't get text on a START_OBJECT at 1:40", "type": "illegal_state_exception"}, "reason": "failed to parse field [malformed_field] of type [date] in document with id '0'. Preview of field's value: '{name={last=Smith, first=John}, age=30}'", "root_cause": [{"reason": "failed to parse field [malformed_field] of type [date] in document with id '0'. Preview of field's value: '{name={last=Smith, first=John}, age=30}'", "type": "mapper_parsing_exception"}], "type": "mapper_parsing_exception"}, "status": 400}, "runtime_type": "object", "timestamp": 1688460622.598013, "value": "{\"age\":30,\"name\":{\"first\":\"John\",\"last\":\"Smith\"}}"}
{"event": "Trying indexing...", "level": "debug", "mapping_type": "date", "runtime_type": "object", "timestamp": 1688460622.5981052, "value": "{\"age\":30,\"name.first\":\"John\",\"name.last\":\"Smith\"}"}
{"event": "Failed indexing doc", "level": "error", "mapping_type": "date", "resp": {"error": {"caused_by": {"reason": "Can't get text on a START_OBJECT at 1:40", "type": "illegal_state_exception"}, "reason": "failed to parse field [malformed_field] of type [date] in document with id '1'. Preview of field's value: '{name={last=Smith}, age=30}'", "root_cause": [{"reason": "failed to parse field [malformed_field] of type [date] in document with id '1'. Preview of field's value: '{name={last=Smith}, age=30}'", "type": "mapper_parsing_exception"}], "type": "mapper_parsing_exception"}, "status": 400}, "runtime_type": "object", "timestamp": 1688460622.651849, "value": "{\"age\":30,\"name.first\":\"John\",\"name.last\":\"Smith\"}"}
{"event": "New mapping type", "level": "debug", "mapping_type": "date_nanos", "timestamp": 1688460622.714371}
{"event": "Index deleted", "level": "debug", "resp": {"acknowledged": true}, "timestamp": 1688460622.79911}
{"event": "Created index", "level": "debug", "mapping_type": "date_nanos", "resp": {"acknowledged": true, "index": "my-index-000001", "shards_acknowledged": true}, "timestamp": 1688460622.9317582}
{"event": "Trying indexing...", "level": "debug", "mapping_type": "date_nanos", "runtime_type": "integer", "timestamp": 1688460622.931846, "value": 1}
{"event": "Object indexed correctly", "level": "debug", "mapping_type": "date_nanos", "resp": {"_id": "0", "_index": "my-index-000001", "_primary_term": 1, "_seq_no": 0, "_shards": {"failed": 0, "successful": 1, "total": 2}, "_version": 1, "forced_refresh": true, "result": "created"}, "runtime_type": "integer", "timestamp": 1688460623.017028, "value": 1}
{"event": "Trying indexing...", "level": "debug", "mapping_type": "date_nanos", "runtime_type": "integer", "timestamp": 1688460623.017122, "value": -1}
{"event": "Object indexed correctly", "level": "debug", "mapping_type": "date_nanos", "resp": {"_id": "1", "_index": "my-index-000001", "_primary_term": 1, "_seq_no": 1, "_shards": {"failed": 0, "successful": 1, "total": 2}, "_version": 1, "forced_refresh": true, "result": "created"}, "runtime_type": "integer", "timestamp": 1688460623.076308, "value": -1}
{"event": "Trying indexing...", "level": "debug", "mapping_type": "date_nanos", "runtime_type": "integer", "timestamp": 1688460623.076394, "value": 0}
{"event": "Object indexed correctly", "level": "debug", "mapping_type": "date_nanos", "resp": {"_id": "2", "_index": "my-index-000001", "_primary_term": 1, "_seq_no": 2, "_shards": {"failed": 0, "successful": 1, "total": 2}, "_version": 1, "forced_refresh": true, "result": "created"}, "runtime_type": "integer", "timestamp": 1688460623.134808, "value": 0}
{"event": "Index deleted", "level": "debug", "resp": {"acknowledged": true}, "timestamp": 1688460623.284676}
{"event": "Created index", "level": "debug", "mapping_type": "date_nanos", "resp": {"acknowledged": true, "index": "my-index-000001", "shards_acknowledged": true}, "timestamp": 1688460623.414767}
{"event": "Trying indexing...", "level": "debug", "mapping_type": "date_nanos", "runtime_type": "date", "timestamp": 1688460623.41485, "value": 1420070400001}
{"event": "Object indexed correctly", "level": "debug", "mapping_type": "date_nanos", "resp": {"_id": "0", "_index": "my-index-000001", "_primary_term": 1, "_seq_no": 0, "_shards": {"failed": 0, "successful": 1, "total": 2}, "_version": 1, "forced_refresh": true, "result": "created"}, "runtime_type": "date", "timestamp": 1688460623.49606, "value": 1420070400001}
{"event": "Trying indexing...", "level": "debug", "mapping_type": "date_nanos", "runtime_type": "date", "timestamp": 1688460623.4961479, "value": "\"2015-01-01T12:10:30Z\""}
{"event": "Object indexed correctly", "level": "debug", "mapping_type": "date_nanos", "resp": {"_id": "1", "_index": "my-index-000001", "_primary_term": 1, "_seq_no": 1, "_shards": {"failed": 0, "successful": 1, "total": 2}, "_version": 1, "forced_refresh": true, "result": "created"}, "runtime_type": "date", "timestamp": 1688460623.555202, "value": "\"2015-01-01T12:10:30Z\""}
{"event": "Trying indexing...", "level": "debug", "mapping_type": "date_nanos", "runtime_type": "date", "timestamp": 1688460623.5552871, "value": "\"2015-01-01\""}
{"event": "Object indexed correctly", "level": "debug", "mapping_type": "date_nanos", "resp": {"_id": "2", "_index": "my-index-000001", "_primary_term": 1, "_seq_no": 2, "_shards": {"failed": 0, "successful": 1, "total": 2}, "_version": 1, "forced_refresh": true, "result": "created"}, "runtime_type": "date", "timestamp": 1688460623.615069, "value": "\"2015-01-01\""}
{"event": "Index deleted", "level": "debug", "resp": {"acknowledged": true}, "timestamp": 1688460623.761308}
{"event": "Created index", "level": "debug", "mapping_type": "date_nanos", "resp": {"acknowledged": true, "index": "my-index-000001", "shards_acknowledged": true}, "timestamp": 1688460623.886081}
{"event": "Trying indexing...", "level": "debug", "mapping_type": "date_nanos", "runtime_type": "ip", "timestamp": 1688460623.8861609, "value": "\"192.168.1.1\""}
{"event": "Object indexed correctly", "level": "debug", "mapping_type": "date_nanos", "resp": {"_id": "0", "_index": "my-index-000001", "_primary_term": 1, "_seq_no": 0, "_shards": {"failed": 0, "successful": 1, "total": 2}, "_version": 1, "forced_refresh": true, "result": "created"}, "runtime_type": "ip", "timestamp": 1688460623.9671628, "value": "\"192.168.1.1\""}
{"event": "Trying indexing...", "level": "debug", "mapping_type": "date_nanos", "runtime_type": "ip", "timestamp": 1688460623.967251, "value": "\"192.168.0.0/16\""}
{"event": "Object indexed correctly", "level": "debug", "mapping_type": "date_nanos", "resp": {"_id": "1", "_index": "my-index-000001", "_primary_term": 1, "_seq_no": 1, "_shards": {"failed": 0, "successful": 1, "total": 2}, "_version": 1, "forced_refresh": true, "result": "created"}, "runtime_type": "ip", "timestamp": 1688460624.0261, "value": "\"192.168.0.0/16\""}
{"event": "Trying indexing...", "level": "debug", "mapping_type": "date_nanos", "runtime_type": "ip", "timestamp": 1688460624.0261838, "value": "\"2001:db8::/48\""}
{"event": "Object indexed correctly", "level": "debug", "mapping_type": "date_nanos", "resp": {"_id": "2", "_index": "my-index-000001", "_primary_term": 1, "_seq_no": 2, "_shards": {"failed": 0, "successful": 1, "total": 2}, "_version": 1, "forced_refresh": true, "result": "created"}, "runtime_type": "ip", "timestamp": 1688460624.0852659, "value": "\"2001:db8::/48\""}
{"event": "Trying indexing...", "level": "debug", "mapping_type": "date_nanos", "runtime_type": "ip", "timestamp": 1688460624.085352, "value": "\"2001:db8::1:0:0:1\""}
{"event": "Object indexed correctly", "level": "debug", "mapping_type": "date_nanos", "resp": {"_id": "3", "_index": "my-index-000001", "_primary_term": 1, "_seq_no": 3, "_shards": {"failed": 0, "successful": 1, "total": 2}, "_version": 1, "forced_refresh": true, "result": "created"}, "runtime_type": "ip", "timestamp": 1688460624.148202, "value": "\"2001:db8::1:0:0:1\""}
{"event": "Index deleted", "level": "debug", "resp": {"acknowledged": true}, "timestamp": 1688460624.296216}
{"event": "Created index", "level": "debug", "mapping_type": "date_nanos", "resp": {"acknowledged": true, "index": "my-index-000001", "shards_acknowledged": true}, "timestamp": 1688460624.430395}
{"event": "Trying indexing...", "level": "debug", "mapping_type": "date_nanos", "runtime_type": "ip_range", "timestamp": 1688460624.430478, "value": "\"192.168.0.0/16\""}
{"event": "Object indexed correctly", "level": "debug", "mapping_type": "date_nanos", "resp": {"_id": "0", "_index": "my-index-000001", "_primary_term": 1, "_seq_no": 0, "_shards": {"failed": 0, "successful": 1, "total": 2}, "_version": 1, "forced_refresh": true, "result": "created"}, "runtime_type": "ip_range", "timestamp": 1688460624.512206, "value": "\"192.168.0.0/16\""}
{"event": "Index deleted", "level": "debug", "resp": {"acknowledged": true}, "timestamp": 1688460624.6610858}
{"event": "Created index", "level": "debug", "mapping_type": "date_nanos", "resp": {"acknowledged": true, "index": "my-index-000001", "shards_acknowledged": true}, "timestamp": 1688460624.806407}
{"event": "Trying indexing...", "level": "debug", "mapping_type": "date_nanos", "runtime_type": "date_range", "timestamp": 1688460624.806489, "value": "{\"gte\":\"2015-10-31 12:00:00\",\"lte\": \"2015-11-01\"}"}
{"event": "Failed indexing doc", "level": "error", "mapping_type": "date_nanos", "resp": {"error": {"caused_by": {"reason": "Can't get text on a START_OBJECT at 1:40", "type": "illegal_state_exception"}, "reason": "failed to parse field [malformed_field] of type [date_nanos] in document with id '0'. Preview of field's value: '{gte=2015-10-3112:00:00, lte=2015-11-01}'", "root_cause": [{"reason": "failed to parse field [malformed_field] of type [date_nanos] in document with id '0'. Preview of field's value: '{gte=2015-10-3112:00:00, lte=2015-11-01}'", "type": "mapper_parsing_exception"}], "type": "mapper_parsing_exception"}, "status": 400}, "runtime_type": "date_range", "timestamp": 1688460624.8609018, "value": "{\"gte\":\"2015-10-31 12:00:00\",\"lte\": \"2015-11-01\"}"}
{"event": "Index deleted", "level": "debug", "resp": {"acknowledged": true}, "timestamp": 1688460625.0094578}
{"event": "Created index", "level": "debug", "mapping_type": "date_nanos", "resp": {"acknowledged": true, "index": "my-index-000001", "shards_acknowledged": true}, "timestamp": 1688460625.146973}
{"event": "Trying indexing...", "level": "debug", "mapping_type": "date_nanos", "runtime_type": "object", "timestamp": 1688460625.147062, "value": "{\"age\":30,\"name\":{\"first\":\"John\",\"last\":\"Smith\"}}"}
{"event": "Failed indexing doc", "level": "error", "mapping_type": "date_nanos", "resp": {"error": {"caused_by": {"reason": "Can't get text on a START_OBJECT at 1:40", "type": "illegal_state_exception"}, "reason": "failed to parse field [malformed_field] of type [date_nanos] in document with id '0'. Preview of field's value: '{name={last=Smith, first=John}, age=30}'", "root_cause": [{"reason": "failed to parse field [malformed_field] of type [date_nanos] in document with id '0'. Preview of field's value: '{name={last=Smith, first=John}, age=30}'", "type": "mapper_parsing_exception"}], "type": "mapper_parsing_exception"}, "status": 400}, "runtime_type": "object", "timestamp": 1688460625.19952, "value": "{\"age\":30,\"name\":{\"first\":\"John\",\"last\":\"Smith\"}}"}
{"event": "Trying indexing...", "level": "debug", "mapping_type": "date_nanos", "runtime_type": "object", "timestamp": 1688460625.199609, "value": "{\"age\":30,\"name.first\":\"John\",\"name.last\":\"Smith\"}"}
{"event": "Failed indexing doc", "level": "error", "mapping_type": "date_nanos", "resp": {"error": {"caused_by": {"reason": "Can't get text on a START_OBJECT at 1:40", "type": "illegal_state_exception"}, "reason": "failed to parse field [malformed_field] of type [date_nanos] in document with id '1'. Preview of field's value: '{name={last=Smith}, age=30}'", "root_cause": [{"reason": "failed to parse field [malformed_field] of type [date_nanos] in document with id '1'. Preview of field's value: '{name={last=Smith}, age=30}'", "type": "mapper_parsing_exception"}], "type": "mapper_parsing_exception"}, "status": 400}, "runtime_type": "object", "timestamp": 1688460625.252932, "value": "{\"age\":30,\"name.first\":\"John\",\"name.last\":\"Smith\"}"}
{"event": "New mapping type", "level": "debug", "mapping_type": "ip", "timestamp": 1688460625.3150048}
{"event": "Index deleted", "level": "debug", "resp": {"acknowledged": true}, "timestamp": 1688460625.4085639}
{"event": "Created index", "level": "debug", "mapping_type": "ip", "resp": {"acknowledged": true, "index": "my-index-000001", "shards_acknowledged": true}, "timestamp": 1688460625.541132}
{"event": "Trying indexing...", "level": "debug", "mapping_type": "ip", "runtime_type": "integer", "timestamp": 1688460625.541214, "value": 1}
{"event": "Object indexed correctly", "level": "debug", "mapping_type": "ip", "resp": {"_id": "0", "_index": "my-index-000001", "_primary_term": 1, "_seq_no": 0, "_shards": {"failed": 0, "successful": 1, "total": 2}, "_version": 1, "forced_refresh": true, "result": "created"}, "runtime_type": "integer", "timestamp": 1688460625.621703, "value": 1}
{"event": "Trying indexing...", "level": "debug", "mapping_type": "ip", "runtime_type": "integer", "timestamp": 1688460625.621786, "value": -1}
{"event": "Object indexed correctly", "level": "debug", "mapping_type": "ip", "resp": {"_id": "1", "_index": "my-index-000001", "_primary_term": 1, "_seq_no": 1, "_shards": {"failed": 0, "successful": 1, "total": 2}, "_version": 1, "forced_refresh": true, "result": "created"}, "runtime_type": "integer", "timestamp": 1688460625.6805608, "value": -1}
{"event": "Trying indexing...", "level": "debug", "mapping_type": "ip", "runtime_type": "integer", "timestamp": 1688460625.68065, "value": 0}
{"event": "Object indexed correctly", "level": "debug", "mapping_type": "ip", "resp": {"_id": "2", "_index": "my-index-000001", "_primary_term": 1, "_seq_no": 2, "_shards": {"failed": 0, "successful": 1, "total": 2}, "_version": 1, "forced_refresh": true, "result": "created"}, "runtime_type": "integer", "timestamp": 1688460625.740212, "value": 0}
{"event": "Index deleted", "level": "debug", "resp": {"acknowledged": true}, "timestamp": 1688460625.890244}
{"event": "Created index", "level": "debug", "mapping_type": "ip", "resp": {"acknowledged": true, "index": "my-index-000001", "shards_acknowledged": true}, "timestamp": 1688460626.026098}
{"event": "Trying indexing...", "level": "debug", "mapping_type": "ip", "runtime_type": "date", "timestamp": 1688460626.0261812, "value": 1420070400001}
{"event": "Object indexed correctly", "level": "debug", "mapping_type": "ip", "resp": {"_id": "0", "_index": "my-index-000001", "_primary_term": 1, "_seq_no": 0, "_shards": {"failed": 0, "successful": 1, "total": 2}, "_version": 1, "forced_refresh": true, "result": "created"}, "runtime_type": "date", "timestamp": 1688460626.107799, "value": 1420070400001}
{"event": "Trying indexing...", "level": "debug", "mapping_type": "ip", "runtime_type": "date", "timestamp": 1688460626.107889, "value": "\"2015-01-01T12:10:30Z\""}
{"event": "Object indexed correctly", "level": "debug", "mapping_type": "ip", "resp": {"_id": "1", "_index": "my-index-000001", "_primary_term": 1, "_seq_no": 1, "_shards": {"failed": 0, "successful": 1, "total": 2}, "_version": 1, "forced_refresh": true, "result": "created"}, "runtime_type": "date", "timestamp": 1688460626.1675541, "value": "\"2015-01-01T12:10:30Z\""}
{"event": "Trying indexing...", "level": "debug", "mapping_type": "ip", "runtime_type": "date", "timestamp": 1688460626.167642, "value": "\"2015-01-01\""}
{"event": "Object indexed correctly", "level": "debug", "mapping_type": "ip", "resp": {"_id": "2", "_index": "my-index-000001", "_primary_term": 1, "_seq_no": 2, "_shards": {"failed": 0, "successful": 1, "total": 2}, "_version": 1, "forced_refresh": true, "result": "created"}, "runtime_type": "date", "timestamp": 1688460626.2257879, "value": "\"2015-01-01\""}
{"event": "Index deleted", "level": "debug", "resp": {"acknowledged": true}, "timestamp": 1688460626.377493}
{"event": "Created index", "level": "debug", "mapping_type": "ip", "resp": {"acknowledged": true, "index": "my-index-000001", "shards_acknowledged": true}, "timestamp": 1688460626.510296}
{"event": "Trying indexing...", "level": "debug", "mapping_type": "ip", "runtime_type": "date_nanos", "timestamp": 1688460626.51038, "value": 1420070400000}
{"event": "Object indexed correctly", "level": "debug", "mapping_type": "ip", "resp": {"_id": "0", "_index": "my-index-000001", "_primary_term": 1, "_seq_no": 0, "_shards": {"failed": 0, "successful": 1, "total": 2}, "_version": 1, "forced_refresh": true, "result": "created"}, "runtime_type": "date_nanos", "timestamp": 1688460626.592386, "value": 1420070400000}
{"event": "Trying indexing...", "level": "debug", "mapping_type": "ip", "runtime_type": "date_nanos", "timestamp": 1688460626.5924742, "value": "\"2015-01-01T12:10:30.123456789Z\""}
{"event": "Object indexed correctly", "level": "debug", "mapping_type": "ip", "resp": {"_id": "1", "_index": "my-index-000001", "_primary_term": 1, "_seq_no": 1, "_shards": {"failed": 0, "successful": 1, "total": 2}, "_version": 1, "forced_refresh": true, "result": "created"}, "runtime_type": "date_nanos", "timestamp": 1688460626.6521358, "value": "\"2015-01-01T12:10:30.123456789Z\""}
{"event": "Trying indexing...", "level": "debug", "mapping_type": "ip", "runtime_type": "date_nanos", "timestamp": 1688460626.652226, "value": "\"2015-01-01\""}
{"event": "Object indexed correctly", "level": "debug", "mapping_type": "ip", "resp": {"_id": "2", "_index": "my-index-000001", "_primary_term": 1, "_seq_no": 2, "_shards": {"failed": 0, "successful": 1, "total": 2}, "_version": 1, "forced_refresh": true, "result": "created"}, "runtime_type": "date_nanos", "timestamp": 1688460626.7111611, "value": "\"2015-01-01\""}
{"event": "Index deleted", "level": "debug", "resp": {"acknowledged": true}, "timestamp": 1688460626.85823}
{"event": "Created index", "level": "debug", "mapping_type": "ip", "resp": {"acknowledged": true, "index": "my-index-000001", "shards_acknowledged": true}, "timestamp": 1688460626.9899368}
{"event": "Trying indexing...", "level": "debug", "mapping_type": "ip", "runtime_type": "ip_range", "timestamp": 1688460626.990026, "value": "\"192.168.0.0/16\""}
{"event": "Object indexed correctly", "level": "debug", "mapping_type": "ip", "resp": {"_id": "0", "_index": "my-index-000001", "_primary_term": 1, "_seq_no": 0, "_shards": {"failed": 0, "successful": 1, "total": 2}, "_version": 1, "forced_refresh": true, "result": "created"}, "runtime_type": "ip_range", "timestamp": 1688460627.0717828, "value": "\"192.168.0.0/16\""}
{"event": "Index deleted", "level": "debug", "resp": {"acknowledged": true}, "timestamp": 1688460627.221525}
{"event": "Created index", "level": "debug", "mapping_type": "ip", "resp": {"acknowledged": true, "index": "my-index-000001", "shards_acknowledged": true}, "timestamp": 1688460627.3523881}
{"event": "Trying indexing...", "level": "debug", "mapping_type": "ip", "runtime_type": "date_range", "timestamp": 1688460627.352468, "value": "{\"gte\":\"2015-10-31 12:00:00\",\"lte\": \"2015-11-01\"}"}
{"event": "Failed indexing doc", "level": "error", "mapping_type": "ip", "resp": {"error": {"caused_by": {"reason": "Can't get text on a START_OBJECT at 1:40", "type": "illegal_state_exception"}, "reason": "failed to parse field [malformed_field] of type [ip] in document with id '0'. Preview of field's value: '{gte=2015-10-3112:00:00, lte=2015-11-01}'", "root_cause": [{"reason": "failed to parse field [malformed_field] of type [ip] in document with id '0'. Preview of field's value: '{gte=2015-10-3112:00:00, lte=2015-11-01}'", "type": "mapper_parsing_exception"}], "type": "mapper_parsing_exception"}, "status": 400}, "runtime_type": "date_range", "timestamp": 1688460627.4059598, "value": "{\"gte\":\"2015-10-31 12:00:00\",\"lte\": \"2015-11-01\"}"}
{"event": "Index deleted", "level": "debug", "resp": {"acknowledged": true}, "timestamp": 1688460627.553163}
{"event": "Created index", "level": "debug", "mapping_type": "ip", "resp": {"acknowledged": true, "index": "my-index-000001", "shards_acknowledged": true}, "timestamp": 1688460627.683219}
{"event": "Trying indexing...", "level": "debug", "mapping_type": "ip", "runtime_type": "object", "timestamp": 1688460627.683309, "value": "{\"age\":30,\"name\":{\"first\":\"John\",\"last\":\"Smith\"}}"}
{"event": "Failed indexing doc", "level": "error", "mapping_type": "ip", "resp": {"error": {"caused_by": {"reason": "Can't get text on a START_OBJECT at 1:40", "type": "illegal_state_exception"}, "reason": "failed to parse field [malformed_field] of type [ip] in document with id '0'. Preview of field's value: '{name={last=Smith, first=John}, age=30}'", "root_cause": [{"reason": "failed to parse field [malformed_field] of type [ip] in document with id '0'. Preview of field's value: '{name={last=Smith, first=John}, age=30}'", "type": "mapper_parsing_exception"}], "type": "mapper_parsing_exception"}, "status": 400}, "runtime_type": "object", "timestamp": 1688460627.7372632, "value": "{\"age\":30,\"name\":{\"first\":\"John\",\"last\":\"Smith\"}}"}
{"event": "Trying indexing...", "level": "debug", "mapping_type": "ip", "runtime_type": "object", "timestamp": 1688460627.737352, "value": "{\"age\":30,\"name.first\":\"John\",\"name.last\":\"Smith\"}"}
{"event": "Failed indexing doc", "level": "error", "mapping_type": "ip", "resp": {"error": {"caused_by": {"reason": "Can't get text on a START_OBJECT at 1:40", "type": "illegal_state_exception"}, "reason": "failed to parse field [malformed_field] of type [ip] in document with id '1'. Preview of field's value: '{name={last=Smith}, age=30}'", "root_cause": [{"reason": "failed to parse field [malformed_field] of type [ip] in document with id '1'. Preview of field's value: '{name={last=Smith}, age=30}'", "type": "mapper_parsing_exception"}], "type": "mapper_parsing_exception"}, "status": 400}, "runtime_type": "object", "timestamp": 1688460627.790485, "value": "{\"age\":30,\"name.first\":\"John\",\"name.last\":\"Smith\"}"}
{"event": "New mapping type", "level": "debug", "mapping_type": "ip_range", "timestamp": 1688460627.852525}
{"event": "Index deleted", "level": "debug", "resp": {"acknowledged": true}, "timestamp": 1688460627.939042}
{"event": "Created index", "level": "debug", "mapping_type": "ip_range", "resp": {"acknowledged": true, "index": "my-index-000001", "shards_acknowledged": true}, "timestamp": 1688460628.0697558}
{"event": "Trying indexing...", "level": "debug", "mapping_type": "ip_range", "runtime_type": "integer", "timestamp": 1688460628.069835, "value": 1}
{"event": "Failed indexing doc", "level": "error", "mapping_type": "ip_range", "resp": {"error": {"caused_by": {"reason": "error parsing field [malformed_field], expected an object but got malformed_field", "type": "mapper_parsing_exception"}, "reason": "failed to parse field [malformed_field] of type [ip_range] in document with id '0'. Preview of field's value: '1'", "root_cause": [{"reason": "error parsing field [malformed_field], expected an object but got malformed_field", "type": "mapper_parsing_exception"}], "type": "mapper_parsing_exception"}, "status": 400}, "runtime_type": "integer", "timestamp": 1688460628.123017, "value": 1}
{"event": "Trying indexing...", "level": "debug", "mapping_type": "ip_range", "runtime_type": "integer", "timestamp": 1688460628.123107, "value": -1}
{"event": "Failed indexing doc", "level": "error", "mapping_type": "ip_range", "resp": {"error": {"caused_by": {"reason": "error parsing field [malformed_field], expected an object but got malformed_field", "type": "mapper_parsing_exception"}, "reason": "failed to parse field [malformed_field] of type [ip_range] in document with id '1'. Preview of field's value: '-1'", "root_cause": [{"reason": "error parsing field [malformed_field], expected an object but got malformed_field", "type": "mapper_parsing_exception"}], "type": "mapper_parsing_exception"}, "status": 400}, "runtime_type": "integer", "timestamp": 1688460628.177241, "value": -1}
{"event": "Trying indexing...", "level": "debug", "mapping_type": "ip_range", "runtime_type": "integer", "timestamp": 1688460628.177332, "value": 0}
{"event": "Failed indexing doc", "level": "error", "mapping_type": "ip_range", "resp": {"error": {"caused_by": {"reason": "error parsing field [malformed_field], expected an object but got malformed_field", "type": "mapper_parsing_exception"}, "reason": "failed to parse field [malformed_field] of type [ip_range] in document with id '2'. Preview of field's value: '0'", "root_cause": [{"reason": "error parsing field [malformed_field], expected an object but got malformed_field", "type": "mapper_parsing_exception"}], "type": "mapper_parsing_exception"}, "status": 400}, "runtime_type": "integer", "timestamp": 1688460628.230942, "value": 0}
{"event": "Index deleted", "level": "debug", "resp": {"acknowledged": true}, "timestamp": 1688460628.37939}
{"event": "Created index", "level": "debug", "mapping_type": "ip_range", "resp": {"acknowledged": true, "index": "my-index-000001", "shards_acknowledged": true}, "timestamp": 1688460628.5328069}
{"event": "Trying indexing...", "level": "debug", "mapping_type": "ip_range", "runtime_type": "date", "timestamp": 1688460628.532896, "value": 1420070400001}
{"event": "Failed indexing doc", "level": "error", "mapping_type": "ip_range", "resp": {"error": {"caused_by": {"reason": "error parsing field [malformed_field], expected an object but got malformed_field", "type": "mapper_parsing_exception"}, "reason": "failed to parse field [malformed_field] of type [ip_range] in document with id '0'. Preview of field's value: '1420070400001'", "root_cause": [{"reason": "error parsing field [malformed_field], expected an object but got malformed_field", "type": "mapper_parsing_exception"}], "type": "mapper_parsing_exception"}, "status": 400}, "runtime_type": "date", "timestamp": 1688460628.586207, "value": 1420070400001}
{"event": "Trying indexing...", "level": "debug", "mapping_type": "ip_range", "runtime_type": "date", "timestamp": 1688460628.586297, "value": "\"2015-01-01T12:10:30Z\""}
{"event": "Failed indexing doc", "level": "error", "mapping_type": "ip_range", "resp": {"error": {"caused_by": {"reason": "Expected [ip/prefix] but was [2015-01-01T12:10:30Z]", "type": "illegal_argument_exception"}, "reason": "failed to parse field [malformed_field] of type [ip_range] in document with id '1'. Preview of field's value: '2015-01-01T12:10:30Z'", "root_cause": [{"reason": "failed to parse field [malformed_field] of type [ip_range] in document with id '1'. Preview of field's value: '2015-01-01T12:10:30Z'", "type": "mapper_parsing_exception"}], "type": "mapper_parsing_exception"}, "status": 400}, "runtime_type": "date", "timestamp": 1688460628.63968, "value": "\"2015-01-01T12:10:30Z\""}
{"event": "Trying indexing...", "level": "debug", "mapping_type": "ip_range", "runtime_type": "date", "timestamp": 1688460628.639761, "value": "\"2015-01-01\""}
{"event": "Failed indexing doc", "level": "error", "mapping_type": "ip_range", "resp": {"error": {"caused_by": {"reason": "Expected [ip/prefix] but was [2015-01-01]", "type": "illegal_argument_exception"}, "reason": "failed to parse field [malformed_field] of type [ip_range] in document with id '2'. Preview of field's value: '2015-01-01'", "root_cause": [{"reason": "failed to parse field [malformed_field] of type [ip_range] in document with id '2'. Preview of field's value: '2015-01-01'", "type": "mapper_parsing_exception"}], "type": "mapper_parsing_exception"}, "status": 400}, "runtime_type": "date", "timestamp": 1688460628.693578, "value": "\"2015-01-01\""}
{"event": "Index deleted", "level": "debug", "resp": {"acknowledged": true}, "timestamp": 1688460628.864987}
{"event": "Created index", "level": "debug", "mapping_type": "ip_range", "resp": {"acknowledged": true, "index": "my-index-000001", "shards_acknowledged": true}, "timestamp": 1688460628.993728}
{"event": "Trying indexing...", "level": "debug", "mapping_type": "ip_range", "runtime_type": "date_nanos", "timestamp": 1688460628.993819, "value": 1420070400000}
{"event": "Failed indexing doc", "level": "error", "mapping_type": "ip_range", "resp": {"error": {"caused_by": {"reason": "error parsing field [malformed_field], expected an object but got malformed_field", "type": "mapper_parsing_exception"}, "reason": "failed to parse field [malformed_field] of type [ip_range] in document with id '0'. Preview of field's value: '1420070400000'", "root_cause": [{"reason": "error parsing field [malformed_field], expected an object but got malformed_field", "type": "mapper_parsing_exception"}], "type": "mapper_parsing_exception"}, "status": 400}, "runtime_type": "date_nanos", "timestamp": 1688460629.046608, "value": 1420070400000}
{"event": "Trying indexing...", "level": "debug", "mapping_type": "ip_range", "runtime_type": "date_nanos", "timestamp": 1688460629.046696, "value": "\"2015-01-01T12:10:30.123456789Z\""}
{"event": "Failed indexing doc", "level": "error", "mapping_type": "ip_range", "resp": {"error": {"caused_by": {"reason": "Expected [ip/prefix] but was [2015-01-01T12:10:30.123456789Z]", "type": "illegal_argument_exception"}, "reason": "failed to parse field [malformed_field] of type [ip_range] in document with id '1'. Preview of field's value: '2015-01-01T12:10:30.123456789Z'", "root_cause": [{"reason": "failed to parse field [malformed_field] of type [ip_range] in document with id '1'. Preview of field's value: '2015-01-01T12:10:30.123456789Z'", "type": "mapper_parsing_exception"}], "type": "mapper_parsing_exception"}, "status": 400}, "runtime_type": "date_nanos", "timestamp": 1688460629.1001039, "value": "\"2015-01-01T12:10:30.123456789Z\""}
{"event": "Trying indexing...", "level": "debug", "mapping_type": "ip_range", "runtime_type": "date_nanos", "timestamp": 1688460629.100193, "value": "\"2015-01-01\""}
{"event": "Failed indexing doc", "level": "error", "mapping_type": "ip_range", "resp": {"error": {"caused_by": {"reason": "Expected [ip/prefix] but was [2015-01-01]", "type": "illegal_argument_exception"}, "reason": "failed to parse field [malformed_field] of type [ip_range] in document with id '2'. Preview of field's value: '2015-01-01'", "root_cause": [{"reason": "failed to parse field [malformed_field] of type [ip_range] in document with id '2'. Preview of field's value: '2015-01-01'", "type": "mapper_parsing_exception"}], "type": "mapper_parsing_exception"}, "status": 400}, "runtime_type": "date_nanos", "timestamp": 1688460629.1538932, "value": "\"2015-01-01\""}
{"event": "Index deleted", "level": "debug", "resp": {"acknowledged": true}, "timestamp": 1688460629.3035252}
{"event": "Created index", "level": "debug", "mapping_type": "ip_range", "resp": {"acknowledged": true, "index": "my-index-000001", "shards_acknowledged": true}, "timestamp": 1688460629.437166}
{"event": "Trying indexing...", "level": "debug", "mapping_type": "ip_range", "runtime_type": "ip", "timestamp": 1688460629.437245, "value": "\"192.168.1.1\""}
{"event": "Failed indexing doc", "level": "error", "mapping_type": "ip_range", "resp": {"error": {"caused_by": {"reason": "Expected [ip/prefix] but was [192.168.1.1]", "type": "illegal_argument_exception"}, "reason": "failed to parse field [malformed_field] of type [ip_range] in document with id '0'. Preview of field's value: '192.168.1.1'", "root_cause": [{"reason": "failed to parse field [malformed_field] of type [ip_range] in document with id '0'. Preview of field's value: '192.168.1.1'", "type": "mapper_parsing_exception"}], "type": "mapper_parsing_exception"}, "status": 400}, "runtime_type": "ip", "timestamp": 1688460629.490152, "value": "\"192.168.1.1\""}
{"event": "Trying indexing...", "level": "debug", "mapping_type": "ip_range", "runtime_type": "ip", "timestamp": 1688460629.49024, "value": "\"192.168.0.0/16\""}
{"event": "Object indexed correctly", "level": "debug", "mapping_type": "ip_range", "resp": {"_id": "1", "_index": "my-index-000001", "_primary_term": 1, "_seq_no": 0, "_shards": {"failed": 0, "successful": 1, "total": 2}, "_version": 1, "forced_refresh": true, "result": "created"}, "runtime_type": "ip", "timestamp": 1688460629.582442, "value": "\"192.168.0.0/16\""}
{"event": "Trying indexing...", "level": "debug", "mapping_type": "ip_range", "runtime_type": "ip", "timestamp": 1688460629.582535, "value": "\"2001:db8::/48\""}
{"event": "Object indexed correctly", "level": "debug", "mapping_type": "ip_range", "resp": {"_id": "2", "_index": "my-index-000001", "_primary_term": 1, "_seq_no": 1, "_shards": {"failed": 0, "successful": 1, "total": 2}, "_version": 1, "forced_refresh": true, "result": "created"}, "runtime_type": "ip", "timestamp": 1688460629.6413, "value": "\"2001:db8::/48\""}
{"event": "Trying indexing...", "level": "debug", "mapping_type": "ip_range", "runtime_type": "ip", "timestamp": 1688460629.64139, "value": "\"2001:db8::1:0:0:1\""}
{"event": "Failed indexing doc", "level": "error", "mapping_type": "ip_range", "resp": {"error": {"caused_by": {"reason": "Expected [ip/prefix] but was [2001:db8::1:0:0:1]", "type": "illegal_argument_exception"}, "reason": "failed to parse field [malformed_field] of type [ip_range] in document with id '3'. Preview of field's value: '2001:db8::1:0:0:1'", "root_cause": [{"reason": "failed to parse field [malformed_field] of type [ip_range] in document with id '3'. Preview of field's value: '2001:db8::1:0:0:1'", "type": "mapper_parsing_exception"}], "type": "mapper_parsing_exception"}, "status": 400}, "runtime_type": "ip", "timestamp": 1688460629.698959, "value": "\"2001:db8::1:0:0:1\""}
{"event": "Index deleted", "level": "debug", "resp": {"acknowledged": true}, "timestamp": 1688460629.839735}
{"event": "Created index", "level": "debug", "mapping_type": "ip_range", "resp": {"acknowledged": true, "index": "my-index-000001", "shards_acknowledged": true}, "timestamp": 1688460629.972373}
{"event": "Trying indexing...", "level": "debug", "mapping_type": "ip_range", "runtime_type": "date_range", "timestamp": 1688460629.972457, "value": "{\"gte\":\"2015-10-31 12:00:00\",\"lte\": \"2015-11-01\"}"}
{"event": "Failed indexing doc", "level": "error", "mapping_type": "ip_range", "resp": {"error": {"caused_by": {"reason": "'2015-10-3112:00:00' is not an IP string literal.", "type": "illegal_argument_exception"}, "reason": "failed to parse field [malformed_field] of type [ip_range] in document with id '0'. Preview of field's value: '2015-10-3112:00:00'", "root_cause": [{"reason": "failed to parse field [malformed_field] of type [ip_range] in document with id '0'. Preview of field's value: '2015-10-3112:00:00'", "type": "mapper_parsing_exception"}], "type": "mapper_parsing_exception"}, "status": 400}, "runtime_type": "date_range", "timestamp": 1688460630.027664, "value": "{\"gte\":\"2015-10-31 12:00:00\",\"lte\": \"2015-11-01\"}"}
{"event": "Index deleted", "level": "debug", "resp": {"acknowledged": true}, "timestamp": 1688460630.171989}
{"event": "Created index", "level": "debug", "mapping_type": "ip_range", "resp": {"acknowledged": true, "index": "my-index-000001", "shards_acknowledged": true}, "timestamp": 1688460630.3100102}
{"event": "Trying indexing...", "level": "debug", "mapping_type": "ip_range", "runtime_type": "object", "timestamp": 1688460630.310088, "value": "{\"age\":30,\"name\":{\"first\":\"John\",\"last\":\"Smith\"}}"}
{"event": "Failed indexing doc", "level": "error", "mapping_type": "ip_range", "resp": {"error": {"caused_by": {"reason": "error parsing field [malformed_field], with unknown parameter [age]", "type": "mapper_parsing_exception"}, "reason": "failed to parse field [malformed_field] of type [ip_range] in document with id '0'. Preview of field's value: '30'", "root_cause": [{"reason": "error parsing field [malformed_field], with unknown parameter [age]", "type": "mapper_parsing_exception"}], "type": "mapper_parsing_exception"}, "status": 400}, "runtime_type": "object", "timestamp": 1688460630.3633122, "value": "{\"age\":30,\"name\":{\"first\":\"John\",\"last\":\"Smith\"}}"}
{"event": "Trying indexing...", "level": "debug", "mapping_type": "ip_range", "runtime_type": "object", "timestamp": 1688460630.363404, "value": "{\"age\":30,\"name.first\":\"John\",\"name.last\":\"Smith\"}"}
{"event": "Failed indexing doc", "level": "error", "mapping_type": "ip_range", "resp": {"error": {"caused_by": {"reason": "error parsing field [malformed_field], with unknown parameter [age]", "type": "mapper_parsing_exception"}, "reason": "failed to parse field [malformed_field] of type [ip_range] in document with id '1'. Preview of field's value: '30'", "root_cause": [{"reason": "error parsing field [malformed_field], with unknown parameter [age]", "type": "mapper_parsing_exception"}], "type": "mapper_parsing_exception"}, "status": 400}, "runtime_type": "object", "timestamp": 1688460630.417082, "value": "{\"age\":30,\"name.first\":\"John\",\"name.last\":\"Smith\"}"}
{"event": "New mapping type", "level": "debug", "mapping_type": "date_range", "timestamp": 1688460630.479699}
{"event": "Index deleted", "level": "debug", "resp": {"acknowledged": true}, "timestamp": 1688460630.564971}
{"event": "Created index", "level": "debug", "mapping_type": "date_range", "resp": {"acknowledged": true, "index": "my-index-000001", "shards_acknowledged": true}, "timestamp": 1688460630.6961448}
{"event": "Trying indexing...", "level": "debug", "mapping_type": "date_range", "runtime_type": "integer", "timestamp": 1688460630.696233, "value": 1}
{"event": "Failed indexing doc", "level": "error", "mapping_type": "date_range", "resp": {"error": {"caused_by": {"reason": "error parsing field [malformed_field], expected an object but got malformed_field", "type": "mapper_parsing_exception"}, "reason": "failed to parse field [malformed_field] of type [date_range] in document with id '0'. Preview of field's value: '1'", "root_cause": [{"reason": "error parsing field [malformed_field], expected an object but got malformed_field", "type": "mapper_parsing_exception"}], "type": "mapper_parsing_exception"}, "status": 400}, "runtime_type": "integer", "timestamp": 1688460630.750008, "value": 1}
{"event": "Trying indexing...", "level": "debug", "mapping_type": "date_range", "runtime_type": "integer", "timestamp": 1688460630.750098, "value": -1}
{"event": "Failed indexing doc", "level": "error", "mapping_type": "date_range", "resp": {"error": {"caused_by": {"reason": "error parsing field [malformed_field], expected an object but got malformed_field", "type": "mapper_parsing_exception"}, "reason": "failed to parse field [malformed_field] of type [date_range] in document with id '1'. Preview of field's value: '-1'", "root_cause": [{"reason": "error parsing field [malformed_field], expected an object but got malformed_field", "type": "mapper_parsing_exception"}], "type": "mapper_parsing_exception"}, "status": 400}, "runtime_type": "integer", "timestamp": 1688460630.803995, "value": -1}
{"event": "Trying indexing...", "level": "debug", "mapping_type": "date_range", "runtime_type": "integer", "timestamp": 1688460630.804084, "value": 0}
{"event": "Failed indexing doc", "level": "error", "mapping_type": "date_range", "resp": {"error": {"caused_by": {"reason": "error parsing field [malformed_field], expected an object but got malformed_field", "type": "mapper_parsing_exception"}, "reason": "failed to parse field [malformed_field] of type [date_range] in document with id '2'. Preview of field's value: '0'", "root_cause": [{"reason": "error parsing field [malformed_field], expected an object but got malformed_field", "type": "mapper_parsing_exception"}], "type": "mapper_parsing_exception"}, "status": 400}, "runtime_type": "integer", "timestamp": 1688460630.856746, "value": 0}
{"event": "Index deleted", "level": "debug", "resp": {"acknowledged": true}, "timestamp": 1688460631.008876}
{"event": "Created index", "level": "debug", "mapping_type": "date_range", "resp": {"acknowledged": true, "index": "my-index-000001", "shards_acknowledged": true}, "timestamp": 1688460631.1417012}
{"event": "Trying indexing...", "level": "debug", "mapping_type": "date_range", "runtime_type": "date", "timestamp": 1688460631.14179, "value": 1420070400001}
{"event": "Failed indexing doc", "level": "error", "mapping_type": "date_range", "resp": {"error": {"caused_by": {"reason": "error parsing field [malformed_field], expected an object but got malformed_field", "type": "mapper_parsing_exception"}, "reason": "failed to parse field [malformed_field] of type [date_range] in document with id '0'. Preview of field's value: '1420070400001'", "root_cause": [{"reason": "error parsing field [malformed_field], expected an object but got malformed_field", "type": "mapper_parsing_exception"}], "type": "mapper_parsing_exception"}, "status": 400}, "runtime_type": "date", "timestamp": 1688460631.19455, "value": 1420070400001}
{"event": "Trying indexing...", "level": "debug", "mapping_type": "date_range", "runtime_type": "date", "timestamp": 1688460631.1946409, "value": "\"2015-01-01T12:10:30Z\""}
{"event": "Failed indexing doc", "level": "error", "mapping_type": "date_range", "resp": {"error": {"caused_by": {"reason": "error parsing field [malformed_field], expected an object but got malformed_field", "type": "mapper_parsing_exception"}, "reason": "failed to parse field [malformed_field] of type [date_range] in document with id '1'. Preview of field's value: '2015-01-01T12:10:30Z'", "root_cause": [{"reason": "error parsing field [malformed_field], expected an object but got malformed_field", "type": "mapper_parsing_exception"}], "type": "mapper_parsing_exception"}, "status": 400}, "runtime_type": "date", "timestamp": 1688460631.247945, "value": "\"2015-01-01T12:10:30Z\""}
{"event": "Trying indexing...", "level": "debug", "mapping_type": "date_range", "runtime_type": "date", "timestamp": 1688460631.2480361, "value": "\"2015-01-01\""}
{"event": "Failed indexing doc", "level": "error", "mapping_type": "date_range", "resp": {"error": {"caused_by": {"reason": "error parsing field [malformed_field], expected an object but got malformed_field", "type": "mapper_parsing_exception"}, "reason": "failed to parse field [malformed_field] of type [date_range] in document with id '2'. Preview of field's value: '2015-01-01'", "root_cause": [{"reason": "error parsing field [malformed_field], expected an object but got malformed_field", "type": "mapper_parsing_exception"}], "type": "mapper_parsing_exception"}, "status": 400}, "runtime_type": "date", "timestamp": 1688460631.3018298, "value": "\"2015-01-01\""}
{"event": "Index deleted", "level": "debug", "resp": {"acknowledged": true}, "timestamp": 1688460631.45854}
{"event": "Created index", "level": "debug", "mapping_type": "date_range", "resp": {"acknowledged": true, "index": "my-index-000001", "shards_acknowledged": true}, "timestamp": 1688460631.58991}
{"event": "Trying indexing...", "level": "debug", "mapping_type": "date_range", "runtime_type": "date_nanos", "timestamp": 1688460631.58999, "value": 1420070400000}
{"event": "Failed indexing doc", "level": "error", "mapping_type": "date_range", "resp": {"error": {"caused_by": {"reason": "error parsing field [malformed_field], expected an object but got malformed_field", "type": "mapper_parsing_exception"}, "reason": "failed to parse field [malformed_field] of type [date_range] in document with id '0'. Preview of field's value: '1420070400000'", "root_cause": [{"reason": "error parsing field [malformed_field], expected an object but got malformed_field", "type": "mapper_parsing_exception"}], "type": "mapper_parsing_exception"}, "status": 400}, "runtime_type": "date_nanos", "timestamp": 1688460631.64274, "value": 1420070400000}
{"event": "Trying indexing...", "level": "debug", "mapping_type": "date_range", "runtime_type": "date_nanos", "timestamp": 1688460631.642828, "value": "\"2015-01-01T12:10:30.123456789Z\""}
{"event": "Failed indexing doc", "level": "error", "mapping_type": "date_range", "resp": {"error": {"caused_by": {"reason": "error parsing field [malformed_field], expected an object but got malformed_field", "type": "mapper_parsing_exception"}, "reason": "failed to parse field [malformed_field] of type [date_range] in document with id '1'. Preview of field's value: '2015-01-01T12:10:30.123456789Z'", "root_cause": [{"reason": "error parsing field [malformed_field], expected an object but got malformed_field", "type": "mapper_parsing_exception"}], "type": "mapper_parsing_exception"}, "status": 400}, "runtime_type": "date_nanos", "timestamp": 1688460631.696198, "value": "\"2015-01-01T12:10:30.123456789Z\""}
{"event": "Trying indexing...", "level": "debug", "mapping_type": "date_range", "runtime_type": "date_nanos", "timestamp": 1688460631.6962838, "value": "\"2015-01-01\""}
{"event": "Failed indexing doc", "level": "error", "mapping_type": "date_range", "resp": {"error": {"caused_by": {"reason": "error parsing field [malformed_field], expected an object but got malformed_field", "type": "mapper_parsing_exception"}, "reason": "failed to parse field [malformed_field] of type [date_range] in document with id '2'. Preview of field's value: '2015-01-01'", "root_cause": [{"reason": "error parsing field [malformed_field], expected an object but got malformed_field", "type": "mapper_parsing_exception"}], "type": "mapper_parsing_exception"}, "status": 400}, "runtime_type": "date_nanos", "timestamp": 1688460631.748998, "value": "\"2015-01-01\""}
{"event": "Index deleted", "level": "debug", "resp": {"acknowledged": true}, "timestamp": 1688460631.900563}
{"event": "Created index", "level": "debug", "mapping_type": "date_range", "resp": {"acknowledged": true, "index": "my-index-000001", "shards_acknowledged": true}, "timestamp": 1688460632.027735}
{"event": "Trying indexing...", "level": "debug", "mapping_type": "date_range", "runtime_type": "ip", "timestamp": 1688460632.0278149, "value": "\"192.168.1.1\""}
{"event": "Failed indexing doc", "level": "error", "mapping_type": "date_range", "resp": {"error": {"caused_by": {"reason": "error parsing field [malformed_field], expected an object but got malformed_field", "type": "mapper_parsing_exception"}, "reason": "failed to parse field [malformed_field] of type [date_range] in document with id '0'. Preview of field's value: '192.168.1.1'", "root_cause": [{"reason": "error parsing field [malformed_field], expected an object but got malformed_field", "type": "mapper_parsing_exception"}], "type": "mapper_parsing_exception"}, "status": 400}, "runtime_type": "ip", "timestamp": 1688460632.081346, "value": "\"192.168.1.1\""}
{"event": "Trying indexing...", "level": "debug", "mapping_type": "date_range", "runtime_type": "ip", "timestamp": 1688460632.081436, "value": "\"192.168.0.0/16\""}
{"event": "Failed indexing doc", "level": "error", "mapping_type": "date_range", "resp": {"error": {"caused_by": {"reason": "error parsing field [malformed_field], expected an object but got malformed_field", "type": "mapper_parsing_exception"}, "reason": "failed to parse field [malformed_field] of type [date_range] in document with id '1'. Preview of field's value: '192.168.0.0/16'", "root_cause": [{"reason": "error parsing field [malformed_field], expected an object but got malformed_field", "type": "mapper_parsing_exception"}], "type": "mapper_parsing_exception"}, "status": 400}, "runtime_type": "ip", "timestamp": 1688460632.134861, "value": "\"192.168.0.0/16\""}
{"event": "Trying indexing...", "level": "debug", "mapping_type": "date_range", "runtime_type": "ip", "timestamp": 1688460632.134948, "value": "\"2001:db8::/48\""}
{"event": "Failed indexing doc", "level": "error", "mapping_type": "date_range", "resp": {"error": {"caused_by": {"reason": "error parsing field [malformed_field], expected an object but got malformed_field", "type": "mapper_parsing_exception"}, "reason": "failed to parse field [malformed_field] of type [date_range] in document with id '2'. Preview of field's value: '2001:db8::/48'", "root_cause": [{"reason": "error parsing field [malformed_field], expected an object but got malformed_field", "type": "mapper_parsing_exception"}], "type": "mapper_parsing_exception"}, "status": 400}, "runtime_type": "ip", "timestamp": 1688460632.1875808, "value": "\"2001:db8::/48\""}
{"event": "Trying indexing...", "level": "debug", "mapping_type": "date_range", "runtime_type": "ip", "timestamp": 1688460632.187671, "value": "\"2001:db8::1:0:0:1\""}
{"event": "Failed indexing doc", "level": "error", "mapping_type": "date_range", "resp": {"error": {"caused_by": {"reason": "error parsing field [malformed_field], expected an object but got malformed_field", "type": "mapper_parsing_exception"}, "reason": "failed to parse field [malformed_field] of type [date_range] in document with id '3'. Preview of field's value: '2001:db8::1:0:0:1'", "root_cause": [{"reason": "error parsing field [malformed_field], expected an object but got malformed_field", "type": "mapper_parsing_exception"}], "type": "mapper_parsing_exception"}, "status": 400}, "runtime_type": "ip", "timestamp": 1688460632.256931, "value": "\"2001:db8::1:0:0:1\""}
{"event": "Index deleted", "level": "debug", "resp": {"acknowledged": true}, "timestamp": 1688460632.43424}
{"event": "Created index", "level": "debug", "mapping_type": "date_range", "resp": {"acknowledged": true, "index": "my-index-000001", "shards_acknowledged": true}, "timestamp": 1688460632.563095}
{"event": "Trying indexing...", "level": "debug", "mapping_type": "date_range", "runtime_type": "ip_range", "timestamp": 1688460632.563182, "value": "\"192.168.0.0/16\""}
{"event": "Failed indexing doc", "level": "error", "mapping_type": "date_range", "resp": {"error": {"caused_by": {"reason": "error parsing field [malformed_field], expected an object but got malformed_field", "type": "mapper_parsing_exception"}, "reason": "failed to parse field [malformed_field] of type [date_range] in document with id '0'. Preview of field's value: '192.168.0.0/16'", "root_cause": [{"reason": "error parsing field [malformed_field], expected an object but got malformed_field", "type": "mapper_parsing_exception"}], "type": "mapper_parsing_exception"}, "status": 400}, "runtime_type": "ip_range", "timestamp": 1688460632.61611, "value": "\"192.168.0.0/16\""}
{"event": "Index deleted", "level": "debug", "resp": {"acknowledged": true}, "timestamp": 1688460632.759746}
{"event": "Created index", "level": "debug", "mapping_type": "date_range", "resp": {"acknowledged": true, "index": "my-index-000001", "shards_acknowledged": true}, "timestamp": 1688460632.890081}
{"event": "Trying indexing...", "level": "debug", "mapping_type": "date_range", "runtime_type": "object", "timestamp": 1688460632.890163, "value": "{\"age\":30,\"name\":{\"first\":\"John\",\"last\":\"Smith\"}}"}
{"event": "Failed indexing doc", "level": "error", "mapping_type": "date_range", "resp": {"error": {"caused_by": {"reason": "error parsing field [malformed_field], with unknown parameter [age]", "type": "mapper_parsing_exception"}, "reason": "failed to parse field [malformed_field] of type [date_range] in document with id '0'. Preview of field's value: '30'", "root_cause": [{"reason": "error parsing field [malformed_field], with unknown parameter [age]", "type": "mapper_parsing_exception"}], "type": "mapper_parsing_exception"}, "status": 400}, "runtime_type": "object", "timestamp": 1688460632.943871, "value": "{\"age\":30,\"name\":{\"first\":\"John\",\"last\":\"Smith\"}}"}
{"event": "Trying indexing...", "level": "debug", "mapping_type": "date_range", "runtime_type": "object", "timestamp": 1688460632.9439611, "value": "{\"age\":30,\"name.first\":\"John\",\"name.last\":\"Smith\"}"}
{"event": "Failed indexing doc", "level": "error", "mapping_type": "date_range", "resp": {"error": {"caused_by": {"reason": "error parsing field [malformed_field], with unknown parameter [age]", "type": "mapper_parsing_exception"}, "reason": "failed to parse field [malformed_field] of type [date_range] in document with id '1'. Preview of field's value: '30'", "root_cause": [{"reason": "error parsing field [malformed_field], with unknown parameter [age]", "type": "mapper_parsing_exception"}], "type": "mapper_parsing_exception"}, "status": 400}, "runtime_type": "object", "timestamp": 1688460632.9970582, "value": "{\"age\":30,\"name.first\":\"John\",\"name.last\":\"Smith\"}"}
{"event": "New mapping type", "level": "debug", "mapping_type": "object", "timestamp": 1688460633.05987}
{"event": "Index deleted", "level": "debug", "resp": {"acknowledged": true}, "timestamp": 1688460633.148275}
{"event": "Created index", "level": "debug", "mapping_type": "object", "resp": {"acknowledged": true, "index": "my-index-000001", "shards_acknowledged": true}, "timestamp": 1688460633.288198}
{"event": "Trying indexing...", "level": "debug", "mapping_type": "object", "runtime_type": "integer", "timestamp": 1688460633.2882812, "value": 1}
{"event": "Failed indexing doc", "level": "error", "mapping_type": "object", "resp": {"error": {"reason": "object mapping for [malformed_field] tried to parse field [malformed_field] as object, but found a concrete value", "root_cause": [{"reason": "object mapping for [malformed_field] tried to parse field [malformed_field] as object, but found a concrete value", "type": "mapper_parsing_exception"}], "type": "mapper_parsing_exception"}, "status": 400}, "runtime_type": "integer", "timestamp": 1688460633.341978, "value": 1}
{"event": "Trying indexing...", "level": "debug", "mapping_type": "object", "runtime_type": "integer", "timestamp": 1688460633.3420632, "value": -1}
{"event": "Failed indexing doc", "level": "error", "mapping_type": "object", "resp": {"error": {"reason": "object mapping for [malformed_field] tried to parse field [malformed_field] as object, but found a concrete value", "root_cause": [{"reason": "object mapping for [malformed_field] tried to parse field [malformed_field] as object, but found a concrete value", "type": "mapper_parsing_exception"}], "type": "mapper_parsing_exception"}, "status": 400}, "runtime_type": "integer", "timestamp": 1688460633.3964758, "value": -1}
{"event": "Trying indexing...", "level": "debug", "mapping_type": "object", "runtime_type": "integer", "timestamp": 1688460633.396564, "value": 0}
{"event": "Failed indexing doc", "level": "error", "mapping_type": "object", "resp": {"error": {"reason": "object mapping for [malformed_field] tried to parse field [malformed_field] as object, but found a concrete value", "root_cause": [{"reason": "object mapping for [malformed_field] tried to parse field [malformed_field] as object, but found a concrete value", "type": "mapper_parsing_exception"}], "type": "mapper_parsing_exception"}, "status": 400}, "runtime_type": "integer", "timestamp": 1688460633.450923, "value": 0}
{"event": "Index deleted", "level": "debug", "resp": {"acknowledged": true}, "timestamp": 1688460633.598774}
{"event": "Created index", "level": "debug", "mapping_type": "object", "resp": {"acknowledged": true, "index": "my-index-000001", "shards_acknowledged": true}, "timestamp": 1688460633.72876}
{"event": "Trying indexing...", "level": "debug", "mapping_type": "object", "runtime_type": "date", "timestamp": 1688460633.728843, "value": 1420070400001}
{"event": "Failed indexing doc", "level": "error", "mapping_type": "object", "resp": {"error": {"reason": "object mapping for [malformed_field] tried to parse field [malformed_field] as object, but found a concrete value", "root_cause": [{"reason": "object mapping for [malformed_field] tried to parse field [malformed_field] as object, but found a concrete value", "type": "mapper_parsing_exception"}], "type": "mapper_parsing_exception"}, "status": 400}, "runtime_type": "date", "timestamp": 1688460633.782016, "value": 1420070400001}
{"event": "Trying indexing...", "level": "debug", "mapping_type": "object", "runtime_type": "date", "timestamp": 1688460633.782103, "value": "\"2015-01-01T12:10:30Z\""}
{"event": "Failed indexing doc", "level": "error", "mapping_type": "object", "resp": {"error": {"reason": "object mapping for [malformed_field] tried to parse field [malformed_field] as object, but found a concrete value", "root_cause": [{"reason": "object mapping for [malformed_field] tried to parse field [malformed_field] as object, but found a concrete value", "type": "mapper_parsing_exception"}], "type": "mapper_parsing_exception"}, "status": 400}, "runtime_type": "date", "timestamp": 1688460633.835456, "value": "\"2015-01-01T12:10:30Z\""}
{"event": "Trying indexing...", "level": "debug", "mapping_type": "object", "runtime_type": "date", "timestamp": 1688460633.835538, "value": "\"2015-01-01\""}
{"event": "Failed indexing doc", "level": "error", "mapping_type": "object", "resp": {"error": {"reason": "object mapping for [malformed_field] tried to parse field [malformed_field] as object, but found a concrete value", "root_cause": [{"reason": "object mapping for [malformed_field] tried to parse field [malformed_field] as object, but found a concrete value", "type": "mapper_parsing_exception"}], "type": "mapper_parsing_exception"}, "status": 400}, "runtime_type": "date", "timestamp": 1688460633.8885021, "value": "\"2015-01-01\""}
{"event": "Index deleted", "level": "debug", "resp": {"acknowledged": true}, "timestamp": 1688460634.052012}
{"event": "Created index", "level": "debug", "mapping_type": "object", "resp": {"acknowledged": true, "index": "my-index-000001", "shards_acknowledged": true}, "timestamp": 1688460634.187346}
{"event": "Trying indexing...", "level": "debug", "mapping_type": "object", "runtime_type": "date_nanos", "timestamp": 1688460634.187436, "value": 1420070400000}
{"event": "Failed indexing doc", "level": "error", "mapping_type": "object", "resp": {"error": {"reason": "object mapping for [malformed_field] tried to parse field [malformed_field] as object, but found a concrete value", "root_cause": [{"reason": "object mapping for [malformed_field] tried to parse field [malformed_field] as object, but found a concrete value", "type": "mapper_parsing_exception"}], "type": "mapper_parsing_exception"}, "status": 400}, "runtime_type": "date_nanos", "timestamp": 1688460634.240656, "value": 1420070400000}
{"event": "Trying indexing...", "level": "debug", "mapping_type": "object", "runtime_type": "date_nanos", "timestamp": 1688460634.2407439, "value": "\"2015-01-01T12:10:30.123456789Z\""}
{"event": "Failed indexing doc", "level": "error", "mapping_type": "object", "resp": {"error": {"reason": "object mapping for [malformed_field] tried to parse field [malformed_field] as object, but found a concrete value", "root_cause": [{"reason": "object mapping for [malformed_field] tried to parse field [malformed_field] as object, but found a concrete value", "type": "mapper_parsing_exception"}], "type": "mapper_parsing_exception"}, "status": 400}, "runtime_type": "date_nanos", "timestamp": 1688460634.29382, "value": "\"2015-01-01T12:10:30.123456789Z\""}
{"event": "Trying indexing...", "level": "debug", "mapping_type": "object", "runtime_type": "date_nanos", "timestamp": 1688460634.293907, "value": "\"2015-01-01\""}
{"event": "Failed indexing doc", "level": "error", "mapping_type": "object", "resp": {"error": {"reason": "object mapping for [malformed_field] tried to parse field [malformed_field] as object, but found a concrete value", "root_cause": [{"reason": "object mapping for [malformed_field] tried to parse field [malformed_field] as object, but found a concrete value", "type": "mapper_parsing_exception"}], "type": "mapper_parsing_exception"}, "status": 400}, "runtime_type": "date_nanos", "timestamp": 1688460634.3469498, "value": "\"2015-01-01\""}
{"event": "Index deleted", "level": "debug", "resp": {"acknowledged": true}, "timestamp": 1688460634.514037}
{"event": "Created index", "level": "debug", "mapping_type": "object", "resp": {"acknowledged": true, "index": "my-index-000001", "shards_acknowledged": true}, "timestamp": 1688460634.64875}
{"event": "Trying indexing...", "level": "debug", "mapping_type": "object", "runtime_type": "ip", "timestamp": 1688460634.648832, "value": "\"192.168.1.1\""}
{"event": "Failed indexing doc", "level": "error", "mapping_type": "object", "resp": {"error": {"reason": "object mapping for [malformed_field] tried to parse field [malformed_field] as object, but found a concrete value", "root_cause": [{"reason": "object mapping for [malformed_field] tried to parse field [malformed_field] as object, but found a concrete value", "type": "mapper_parsing_exception"}], "type": "mapper_parsing_exception"}, "status": 400}, "runtime_type": "ip", "timestamp": 1688460634.701532, "value": "\"192.168.1.1\""}
{"event": "Trying indexing...", "level": "debug", "mapping_type": "object", "runtime_type": "ip", "timestamp": 1688460634.701617, "value": "\"192.168.0.0/16\""}
{"event": "Failed indexing doc", "level": "error", "mapping_type": "object", "resp": {"error": {"reason": "object mapping for [malformed_field] tried to parse field [malformed_field] as object, but found a concrete value", "root_cause": [{"reason": "object mapping for [malformed_field] tried to parse field [malformed_field] as object, but found a concrete value", "type": "mapper_parsing_exception"}], "type": "mapper_parsing_exception"}, "status": 400}, "runtime_type": "ip", "timestamp": 1688460634.75455, "value": "\"192.168.0.0/16\""}
{"event": "Trying indexing...", "level": "debug", "mapping_type": "object", "runtime_type": "ip", "timestamp": 1688460634.754635, "value": "\"2001:db8::/48\""}
{"event": "Failed indexing doc", "level": "error", "mapping_type": "object", "resp": {"error": {"reason": "object mapping for [malformed_field] tried to parse field [malformed_field] as object, but found a concrete value", "root_cause": [{"reason": "object mapping for [malformed_field] tried to parse field [malformed_field] as object, but found a concrete value", "type": "mapper_parsing_exception"}], "type": "mapper_parsing_exception"}, "status": 400}, "runtime_type": "ip", "timestamp": 1688460634.808222, "value": "\"2001:db8::/48\""}
{"event": "Trying indexing...", "level": "debug", "mapping_type": "object", "runtime_type": "ip", "timestamp": 1688460634.80831, "value": "\"2001:db8::1:0:0:1\""}
{"event": "Failed indexing doc", "level": "error", "mapping_type": "object", "resp": {"error": {"reason": "object mapping for [malformed_field] tried to parse field [malformed_field] as object, but found a concrete value", "root_cause": [{"reason": "object mapping for [malformed_field] tried to parse field [malformed_field] as object, but found a concrete value", "type": "mapper_parsing_exception"}], "type": "mapper_parsing_exception"}, "status": 400}, "runtime_type": "ip", "timestamp": 1688460634.867636, "value": "\"2001:db8::1:0:0:1\""}
{"event": "Index deleted", "level": "debug", "resp": {"acknowledged": true}, "timestamp": 1688460635.016233}
{"event": "Created index", "level": "debug", "mapping_type": "object", "resp": {"acknowledged": true, "index": "my-index-000001", "shards_acknowledged": true}, "timestamp": 1688460635.1592}
{"event": "Trying indexing...", "level": "debug", "mapping_type": "object", "runtime_type": "ip_range", "timestamp": 1688460635.15929, "value": "\"192.168.0.0/16\""}
{"event": "Failed indexing doc", "level": "error", "mapping_type": "object", "resp": {"error": {"reason": "object mapping for [malformed_field] tried to parse field [malformed_field] as object, but found a concrete value", "root_cause": [{"reason": "object mapping for [malformed_field] tried to parse field [malformed_field] as object, but found a concrete value", "type": "mapper_parsing_exception"}], "type": "mapper_parsing_exception"}, "status": 400}, "runtime_type": "ip_range", "timestamp": 1688460635.2125592, "value": "\"192.168.0.0/16\""}
{"event": "Index deleted", "level": "debug", "resp": {"acknowledged": true}, "timestamp": 1688460635.3572211}
{"event": "Created index", "level": "debug", "mapping_type": "object", "resp": {"acknowledged": true, "index": "my-index-000001", "shards_acknowledged": true}, "timestamp": 1688460635.4947698}
{"event": "Trying indexing...", "level": "debug", "mapping_type": "object", "runtime_type": "date_range", "timestamp": 1688460635.494854, "value": "{\"gte\":\"2015-10-31 12:00:00\",\"lte\": \"2015-11-01\"}"}
{"event": "Object indexed correctly", "level": "debug", "mapping_type": "object", "resp": {"_id": "0", "_index": "my-index-000001", "_primary_term": 1, "_seq_no": 0, "_shards": {"failed": 0, "successful": 1, "total": 2}, "_version": 1, "forced_refresh": true, "result": "created"}, "runtime_type": "date_range", "timestamp": 1688460635.579767, "value": "{\"gte\":\"2015-10-31 12:00:00\",\"lte\": \"2015-11-01\"}"}
{"counts": {"fail": 24, "ignore": 13, "partial_fail": 1, "pass": 4, "skip": 7, "total": 49}, "event": "Counts", "level": "info", "timestamp": 1688460635.649765}
