{"doc_template_name": "doc.txt", "event": "Loading tests...", "file_path": "./data/tests/default.yaml", "level": "info", "mapping_template_name": "ignore_malformed.mapping.txt", "templates_path": "./data/templates", "timestamp": 1688397417.394392}
{"event": "New mapping type", "level": "debug", "mapping_type": "integer", "timestamp": 1688397417.3958778}
{"event": "Index deleted", "level": "debug", "resp": {"acknowledged": true}, "timestamp": 1688397417.5183501}
{"event": "Created index", "level": "debug", "mapping_type": "integer", "resp": {"acknowledged": true, "index": "my-index-000001", "shards_acknowledged": true}, "timestamp": 1688397417.655193}
{"event": "Trying indexing...", "level": "debug", "mapping_type": "integer", "runtime_type": "date", "timestamp": 1688397417.6552808, "value": 1420070400001}
{"event": "Object indexed correctly", "level": "debug", "mapping_type": "integer", "resp": {"_id": "0", "_index": "my-index-000001", "_primary_term": 1, "_seq_no": 0, "_shards": {"failed": 0, "successful": 1, "total": 2}, "_version": 1, "forced_refresh": true, "result": "created"}, "runtime_type": "date", "timestamp": 1688397417.7443771, "value": 1420070400001}
{"event": "Trying indexing...", "level": "debug", "mapping_type": "integer", "runtime_type": "date", "timestamp": 1688397417.744473, "value": "\"2015-01-01T12:10:30Z\""}
{"event": "Object indexed correctly", "level": "debug", "mapping_type": "integer", "resp": {"_id": "1", "_index": "my-index-000001", "_primary_term": 1, "_seq_no": 1, "_shards": {"failed": 0, "successful": 1, "total": 2}, "_version": 1, "forced_refresh": true, "result": "created"}, "runtime_type": "date", "timestamp": 1688397417.805025, "value": "\"2015-01-01T12:10:30Z\""}
{"event": "Trying indexing...", "level": "debug", "mapping_type": "integer", "runtime_type": "date", "timestamp": 1688397417.8051121, "value": "\"2015-01-01\""}
{"event": "Object indexed correctly", "level": "debug", "mapping_type": "integer", "resp": {"_id": "2", "_index": "my-index-000001", "_primary_term": 1, "_seq_no": 2, "_shards": {"failed": 0, "successful": 1, "total": 2}, "_version": 1, "forced_refresh": true, "result": "created"}, "runtime_type": "date", "timestamp": 1688397417.8662112, "value": "\"2015-01-01\""}
{"event": "Index deleted", "level": "debug", "resp": {"acknowledged": true}, "timestamp": 1688397418.0400121}
{"event": "Created index", "level": "debug", "mapping_type": "integer", "resp": {"acknowledged": true, "index": "my-index-000001", "shards_acknowledged": true}, "timestamp": 1688397418.183284}
{"event": "Trying indexing...", "level": "debug", "mapping_type": "integer", "runtime_type": "date_nanos", "timestamp": 1688397418.183365, "value": 1420070400000}
{"event": "Object indexed correctly", "level": "debug", "mapping_type": "integer", "resp": {"_id": "0", "_index": "my-index-000001", "_primary_term": 1, "_seq_no": 0, "_shards": {"failed": 0, "successful": 1, "total": 2}, "_version": 1, "forced_refresh": true, "result": "created"}, "runtime_type": "date_nanos", "timestamp": 1688397418.282308, "value": 1420070400000}
{"event": "Trying indexing...", "level": "debug", "mapping_type": "integer", "runtime_type": "date_nanos", "timestamp": 1688397418.282393, "value": "\"2015-01-01T12:10:30.123456789Z\""}
{"event": "Object indexed correctly", "level": "debug", "mapping_type": "integer", "resp": {"_id": "1", "_index": "my-index-000001", "_primary_term": 1, "_seq_no": 1, "_shards": {"failed": 0, "successful": 1, "total": 2}, "_version": 1, "forced_refresh": true, "result": "created"}, "runtime_type": "date_nanos", "timestamp": 1688397418.345026, "value": "\"2015-01-01T12:10:30.123456789Z\""}
{"event": "Trying indexing...", "level": "debug", "mapping_type": "integer", "runtime_type": "date_nanos", "timestamp": 1688397418.3451111, "value": "\"2015-01-01\""}
{"event": "Object indexed correctly", "level": "debug", "mapping_type": "integer", "resp": {"_id": "2", "_index": "my-index-000001", "_primary_term": 1, "_seq_no": 2, "_shards": {"failed": 0, "successful": 1, "total": 2}, "_version": 1, "forced_refresh": true, "result": "created"}, "runtime_type": "date_nanos", "timestamp": 1688397418.4046562, "value": "\"2015-01-01\""}
{"event": "Index deleted", "level": "debug", "resp": {"acknowledged": true}, "timestamp": 1688397418.5476532}
{"event": "Created index", "level": "debug", "mapping_type": "integer", "resp": {"acknowledged": true, "index": "my-index-000001", "shards_acknowledged": true}, "timestamp": 1688397418.664736}
{"event": "Trying indexing...", "level": "debug", "mapping_type": "integer", "runtime_type": "ip", "timestamp": 1688397418.6648252, "value": "\"192.168.1.1\""}
{"event": "Object indexed correctly", "level": "debug", "mapping_type": "integer", "resp": {"_id": "0", "_index": "my-index-000001", "_primary_term": 1, "_seq_no": 0, "_shards": {"failed": 0, "successful": 1, "total": 2}, "_version": 1, "forced_refresh": true, "result": "created"}, "runtime_type": "ip", "timestamp": 1688397418.7475939, "value": "\"192.168.1.1\""}
{"event": "Trying indexing...", "level": "debug", "mapping_type": "integer", "runtime_type": "ip", "timestamp": 1688397418.74768, "value": "\"192.168.0.0/16\""}
{"event": "Object indexed correctly", "level": "debug", "mapping_type": "integer", "resp": {"_id": "1", "_index": "my-index-000001", "_primary_term": 1, "_seq_no": 1, "_shards": {"failed": 0, "successful": 1, "total": 2}, "_version": 1, "forced_refresh": true, "result": "created"}, "runtime_type": "ip", "timestamp": 1688397418.806499, "value": "\"192.168.0.0/16\""}
{"event": "Trying indexing...", "level": "debug", "mapping_type": "integer", "runtime_type": "ip", "timestamp": 1688397418.8065841, "value": "\"2001:db8::/48\""}
{"event": "Object indexed correctly", "level": "debug", "mapping_type": "integer", "resp": {"_id": "2", "_index": "my-index-000001", "_primary_term": 1, "_seq_no": 2, "_shards": {"failed": 0, "successful": 1, "total": 2}, "_version": 1, "forced_refresh": true, "result": "created"}, "runtime_type": "ip", "timestamp": 1688397418.865107, "value": "\"2001:db8::/48\""}
{"event": "Trying indexing...", "level": "debug", "mapping_type": "integer", "runtime_type": "ip", "timestamp": 1688397418.865189, "value": "\"2001:db8::1:0:0:1\""}
{"event": "Object indexed correctly", "level": "debug", "mapping_type": "integer", "resp": {"_id": "3", "_index": "my-index-000001", "_primary_term": 1, "_seq_no": 3, "_shards": {"failed": 0, "successful": 1, "total": 2}, "_version": 1, "forced_refresh": true, "result": "created"}, "runtime_type": "ip", "timestamp": 1688397418.927327, "value": "\"2001:db8::1:0:0:1\""}
{"event": "Index deleted", "level": "debug", "resp": {"acknowledged": true}, "timestamp": 1688397419.067971}
{"event": "Created index", "level": "debug", "mapping_type": "integer", "resp": {"acknowledged": true, "index": "my-index-000001", "shards_acknowledged": true}, "timestamp": 1688397419.1862872}
{"event": "Trying indexing...", "level": "debug", "mapping_type": "integer", "runtime_type": "ip_range", "timestamp": 1688397419.1863658, "value": "\"192.168.0.0/16\""}
{"event": "Object indexed correctly", "level": "debug", "mapping_type": "integer", "resp": {"_id": "0", "_index": "my-index-000001", "_primary_term": 1, "_seq_no": 0, "_shards": {"failed": 0, "successful": 1, "total": 2}, "_version": 1, "forced_refresh": true, "result": "created"}, "runtime_type": "ip_range", "timestamp": 1688397419.266379, "value": "\"192.168.0.0/16\""}
{"event": "Index deleted", "level": "debug", "resp": {"acknowledged": true}, "timestamp": 1688397419.41259}
{"event": "Created index", "level": "debug", "mapping_type": "integer", "resp": {"acknowledged": true, "index": "my-index-000001", "shards_acknowledged": true}, "timestamp": 1688397419.539569}
{"event": "Trying indexing...", "level": "debug", "mapping_type": "integer", "runtime_type": "date_range", "timestamp": 1688397419.5396538, "value": "{\"gte\":\"2015-10-31 12:00:00\",\"lte\": \"2015-11-01\"}"}
{"event": "Failed indexing doc", "level": "error", "mapping_type": "integer", "resp": {"error": {"caused_by": {"reason": "Cannot parse object as number", "type": "illegal_argument_exception"}, "reason": "[1:86] failed to parse field [malformed_field] of type [integer] in document with id '0'. Preview of field's value: '{gte=2015-10-3112:00:00, lte=2015-11-01}'", "root_cause": [{"reason": "[1:86] failed to parse field [malformed_field] of type [integer] in document with id '0'. Preview of field's value: '{gte=2015-10-3112:00:00, lte=2015-11-01}'", "type": "document_parsing_exception"}], "type": "document_parsing_exception"}, "status": 400}, "runtime_type": "date_range", "timestamp": 1688397419.592932, "value": "{\"gte\":\"2015-10-31 12:00:00\",\"lte\": \"2015-11-01\"}"}
{"event": "Index deleted", "level": "debug", "resp": {"acknowledged": true}, "timestamp": 1688397419.7476768}
{"event": "Created index", "level": "debug", "mapping_type": "integer", "resp": {"acknowledged": true, "index": "my-index-000001", "shards_acknowledged": true}, "timestamp": 1688397419.891204}
{"event": "Trying indexing...", "level": "debug", "mapping_type": "integer", "runtime_type": "object", "timestamp": 1688397419.891285, "value": "{\"age\":30,\"name\":{\"first\":\"John\",\"last\":\"Smith\"}}"}
{"event": "Failed indexing doc", "level": "error", "mapping_type": "integer", "resp": {"error": {"caused_by": {"reason": "Cannot parse object as number", "type": "illegal_argument_exception"}, "reason": "[1:88] failed to parse field [malformed_field] of type [integer] in document with id '0'. Preview of field's value: '{name={last=Smith, first=John}, age=30}'", "root_cause": [{"reason": "[1:88] failed to parse field [malformed_field] of type [integer] in document with id '0'. Preview of field's value: '{name={last=Smith, first=John}, age=30}'", "type": "document_parsing_exception"}], "type": "document_parsing_exception"}, "status": 400}, "runtime_type": "object", "timestamp": 1688397419.944235, "value": "{\"age\":30,\"name\":{\"first\":\"John\",\"last\":\"Smith\"}}"}
{"event": "Trying indexing...", "level": "debug", "mapping_type": "integer", "runtime_type": "object", "timestamp": 1688397419.944321, "value": "{\"age\":30,\"name.first\":\"John\",\"name.last\":\"Smith\"}"}
{"event": "Failed indexing doc", "level": "error", "mapping_type": "integer", "resp": {"error": {"caused_by": {"reason": "Cannot parse object as number", "type": "illegal_argument_exception"}, "reason": "[1:89] failed to parse field [malformed_field] of type [integer] in document with id '1'. Preview of field's value: '{name={last=Smith}, age=30}'", "root_cause": [{"reason": "[1:89] failed to parse field [malformed_field] of type [integer] in document with id '1'. Preview of field's value: '{name={last=Smith}, age=30}'", "type": "document_parsing_exception"}], "type": "document_parsing_exception"}, "status": 400}, "runtime_type": "object", "timestamp": 1688397419.996982, "value": "{\"age\":30,\"name.first\":\"John\",\"name.last\":\"Smith\"}"}
{"event": "New mapping type", "level": "debug", "mapping_type": "date", "timestamp": 1688397420.0607328}
{"event": "Index deleted", "level": "debug", "resp": {"acknowledged": true}, "timestamp": 1688397420.172251}
{"event": "Created index", "level": "debug", "mapping_type": "date", "resp": {"acknowledged": true, "index": "my-index-000001", "shards_acknowledged": true}, "timestamp": 1688397420.3224819}
{"event": "Trying indexing...", "level": "debug", "mapping_type": "date", "runtime_type": "integer", "timestamp": 1688397420.3225641, "value": 1}
{"event": "Object indexed correctly", "level": "debug", "mapping_type": "date", "resp": {"_id": "0", "_index": "my-index-000001", "_primary_term": 1, "_seq_no": 0, "_shards": {"failed": 0, "successful": 1, "total": 2}, "_version": 1, "forced_refresh": true, "result": "created"}, "runtime_type": "integer", "timestamp": 1688397420.413363, "value": 1}
{"event": "Trying indexing...", "level": "debug", "mapping_type": "date", "runtime_type": "integer", "timestamp": 1688397420.413459, "value": -1}
{"event": "Object indexed correctly", "level": "debug", "mapping_type": "date", "resp": {"_id": "1", "_index": "my-index-000001", "_primary_term": 1, "_seq_no": 1, "_shards": {"failed": 0, "successful": 1, "total": 2}, "_version": 1, "forced_refresh": true, "result": "created"}, "runtime_type": "integer", "timestamp": 1688397420.4743009, "value": -1}
{"event": "Trying indexing...", "level": "debug", "mapping_type": "date", "runtime_type": "integer", "timestamp": 1688397420.474386, "value": 0}
{"event": "Object indexed correctly", "level": "debug", "mapping_type": "date", "resp": {"_id": "2", "_index": "my-index-000001", "_primary_term": 1, "_seq_no": 2, "_shards": {"failed": 0, "successful": 1, "total": 2}, "_version": 1, "forced_refresh": true, "result": "created"}, "runtime_type": "integer", "timestamp": 1688397420.534646, "value": 0}
{"event": "Index deleted", "level": "debug", "resp": {"acknowledged": true}, "timestamp": 1688397420.6901639}
{"event": "Created index", "level": "debug", "mapping_type": "date", "resp": {"acknowledged": true, "index": "my-index-000001", "shards_acknowledged": true}, "timestamp": 1688397420.8137522}
{"event": "Trying indexing...", "level": "debug", "mapping_type": "date", "runtime_type": "date_nanos", "timestamp": 1688397420.8138309, "value": 1420070400000}
{"event": "Object indexed correctly", "level": "debug", "mapping_type": "date", "resp": {"_id": "0", "_index": "my-index-000001", "_primary_term": 1, "_seq_no": 0, "_shards": {"failed": 0, "successful": 1, "total": 2}, "_version": 1, "forced_refresh": true, "result": "created"}, "runtime_type": "date_nanos", "timestamp": 1688397420.898189, "value": 1420070400000}
{"event": "Trying indexing...", "level": "debug", "mapping_type": "date", "runtime_type": "date_nanos", "timestamp": 1688397420.898273, "value": "\"2015-01-01T12:10:30.123456789Z\""}
{"event": "Object indexed correctly", "level": "debug", "mapping_type": "date", "resp": {"_id": "1", "_index": "my-index-000001", "_primary_term": 1, "_seq_no": 1, "_shards": {"failed": 0, "successful": 1, "total": 2}, "_version": 1, "forced_refresh": true, "result": "created"}, "runtime_type": "date_nanos", "timestamp": 1688397420.95838, "value": "\"2015-01-01T12:10:30.123456789Z\""}
{"event": "Trying indexing...", "level": "debug", "mapping_type": "date", "runtime_type": "date_nanos", "timestamp": 1688397420.958472, "value": "\"2015-01-01\""}
{"event": "Object indexed correctly", "level": "debug", "mapping_type": "date", "resp": {"_id": "2", "_index": "my-index-000001", "_primary_term": 1, "_seq_no": 2, "_shards": {"failed": 0, "successful": 1, "total": 2}, "_version": 1, "forced_refresh": true, "result": "created"}, "runtime_type": "date_nanos", "timestamp": 1688397421.019286, "value": "\"2015-01-01\""}
{"event": "Index deleted", "level": "debug", "resp": {"acknowledged": true}, "timestamp": 1688397421.174718}
{"event": "Created index", "level": "debug", "mapping_type": "date", "resp": {"acknowledged": true, "index": "my-index-000001", "shards_acknowledged": true}, "timestamp": 1688397421.2990441}
{"event": "Trying indexing...", "level": "debug", "mapping_type": "date", "runtime_type": "ip", "timestamp": 1688397421.299127, "value": "\"192.168.1.1\""}
{"event": "Object indexed correctly", "level": "debug", "mapping_type": "date", "resp": {"_id": "0", "_index": "my-index-000001", "_primary_term": 1, "_seq_no": 0, "_shards": {"failed": 0, "successful": 1, "total": 2}, "_version": 1, "forced_refresh": true, "result": "created"}, "runtime_type": "ip", "timestamp": 1688397421.381231, "value": "\"192.168.1.1\""}
{"event": "Trying indexing...", "level": "debug", "mapping_type": "date", "runtime_type": "ip", "timestamp": 1688397421.3813179, "value": "\"192.168.0.0/16\""}
{"event": "Object indexed correctly", "level": "debug", "mapping_type": "date", "resp": {"_id": "1", "_index": "my-index-000001", "_primary_term": 1, "_seq_no": 1, "_shards": {"failed": 0, "successful": 1, "total": 2}, "_version": 1, "forced_refresh": true, "result": "created"}, "runtime_type": "ip", "timestamp": 1688397421.441931, "value": "\"192.168.0.0/16\""}
{"event": "Trying indexing...", "level": "debug", "mapping_type": "date", "runtime_type": "ip", "timestamp": 1688397421.442019, "value": "\"2001:db8::/48\""}
{"event": "Object indexed correctly", "level": "debug", "mapping_type": "date", "resp": {"_id": "2", "_index": "my-index-000001", "_primary_term": 1, "_seq_no": 2, "_shards": {"failed": 0, "successful": 1, "total": 2}, "_version": 1, "forced_refresh": true, "result": "created"}, "runtime_type": "ip", "timestamp": 1688397421.502618, "value": "\"2001:db8::/48\""}
{"event": "Trying indexing...", "level": "debug", "mapping_type": "date", "runtime_type": "ip", "timestamp": 1688397421.50271, "value": "\"2001:db8::1:0:0:1\""}
{"event": "Object indexed correctly", "level": "debug", "mapping_type": "date", "resp": {"_id": "3", "_index": "my-index-000001", "_primary_term": 1, "_seq_no": 3, "_shards": {"failed": 0, "successful": 1, "total": 2}, "_version": 1, "forced_refresh": true, "result": "created"}, "runtime_type": "ip", "timestamp": 1688397421.568064, "value": "\"2001:db8::1:0:0:1\""}
{"event": "Index deleted", "level": "debug", "resp": {"acknowledged": true}, "timestamp": 1688397421.719834}
{"event": "Created index", "level": "debug", "mapping_type": "date", "resp": {"acknowledged": true, "index": "my-index-000001", "shards_acknowledged": true}, "timestamp": 1688397421.85604}
{"event": "Trying indexing...", "level": "debug", "mapping_type": "date", "runtime_type": "ip_range", "timestamp": 1688397421.856123, "value": "\"192.168.0.0/16\""}
{"event": "Object indexed correctly", "level": "debug", "mapping_type": "date", "resp": {"_id": "0", "_index": "my-index-000001", "_primary_term": 1, "_seq_no": 0, "_shards": {"failed": 0, "successful": 1, "total": 2}, "_version": 1, "forced_refresh": true, "result": "created"}, "runtime_type": "ip_range", "timestamp": 1688397421.9460402, "value": "\"192.168.0.0/16\""}
{"event": "Index deleted", "level": "debug", "resp": {"acknowledged": true}, "timestamp": 1688397422.0958998}
{"event": "Created index", "level": "debug", "mapping_type": "date", "resp": {"acknowledged": true, "index": "my-index-000001", "shards_acknowledged": true}, "timestamp": 1688397422.231479}
{"event": "Trying indexing...", "level": "debug", "mapping_type": "date", "runtime_type": "date_range", "timestamp": 1688397422.231562, "value": "{\"gte\":\"2015-10-31 12:00:00\",\"lte\": \"2015-11-01\"}"}
{"event": "Failed indexing doc", "level": "error", "mapping_type": "date", "resp": {"error": {"caused_by": {"reason": "Can't get text on a START_OBJECT at 1:40", "type": "illegal_state_exception"}, "reason": "[1:86] failed to parse field [malformed_field] of type [date] in document with id '0'. Preview of field's value: '{gte=2015-10-3112:00:00, lte=2015-11-01}'", "root_cause": [{"reason": "[1:86] failed to parse field [malformed_field] of type [date] in document with id '0'. Preview of field's value: '{gte=2015-10-3112:00:00, lte=2015-11-01}'", "type": "document_parsing_exception"}], "type": "document_parsing_exception"}, "status": 400}, "runtime_type": "date_range", "timestamp": 1688397422.283371, "value": "{\"gte\":\"2015-10-31 12:00:00\",\"lte\": \"2015-11-01\"}"}
{"event": "Index deleted", "level": "debug", "resp": {"acknowledged": true}, "timestamp": 1688397422.431147}
{"event": "Created index", "level": "debug", "mapping_type": "date", "resp": {"acknowledged": true, "index": "my-index-000001", "shards_acknowledged": true}, "timestamp": 1688397422.548959}
{"event": "Trying indexing...", "level": "debug", "mapping_type": "date", "runtime_type": "object", "timestamp": 1688397422.549042, "value": "{\"age\":30,\"name\":{\"first\":\"John\",\"last\":\"Smith\"}}"}
{"event": "Failed indexing doc", "level": "error", "mapping_type": "date", "resp": {"error": {"caused_by": {"reason": "Can't get text on a START_OBJECT at 1:40", "type": "illegal_state_exception"}, "reason": "[1:88] failed to parse field [malformed_field] of type [date] in document with id '0'. Preview of field's value: '{name={last=Smith, first=John}, age=30}'", "root_cause": [{"reason": "[1:88] failed to parse field [malformed_field] of type [date] in document with id '0'. Preview of field's value: '{name={last=Smith, first=John}, age=30}'", "type": "document_parsing_exception"}], "type": "document_parsing_exception"}, "status": 400}, "runtime_type": "object", "timestamp": 1688397422.601662, "value": "{\"age\":30,\"name\":{\"first\":\"John\",\"last\":\"Smith\"}}"}
{"event": "Trying indexing...", "level": "debug", "mapping_type": "date", "runtime_type": "object", "timestamp": 1688397422.60175, "value": "{\"age\":30,\"name.first\":\"John\",\"name.last\":\"Smith\"}"}
{"event": "Failed indexing doc", "level": "error", "mapping_type": "date", "resp": {"error": {"caused_by": {"reason": "Can't get text on a START_OBJECT at 1:40", "type": "illegal_state_exception"}, "reason": "[1:89] failed to parse field [malformed_field] of type [date] in document with id '1'. Preview of field's value: '{name={last=Smith}, age=30}'", "root_cause": [{"reason": "[1:89] failed to parse field [malformed_field] of type [date] in document with id '1'. Preview of field's value: '{name={last=Smith}, age=30}'", "type": "document_parsing_exception"}], "type": "document_parsing_exception"}, "status": 400}, "runtime_type": "object", "timestamp": 1688397422.653984, "value": "{\"age\":30,\"name.first\":\"John\",\"name.last\":\"Smith\"}"}
{"event": "New mapping type", "level": "debug", "mapping_type": "date_nanos", "timestamp": 1688397422.715351}
{"event": "Index deleted", "level": "debug", "resp": {"acknowledged": true}, "timestamp": 1688397422.800989}
{"event": "Created index", "level": "debug", "mapping_type": "date_nanos", "resp": {"acknowledged": true, "index": "my-index-000001", "shards_acknowledged": true}, "timestamp": 1688397422.921901}
{"event": "Trying indexing...", "level": "debug", "mapping_type": "date_nanos", "runtime_type": "integer", "timestamp": 1688397422.92198, "value": 1}
{"event": "Object indexed correctly", "level": "debug", "mapping_type": "date_nanos", "resp": {"_id": "0", "_index": "my-index-000001", "_primary_term": 1, "_seq_no": 0, "_shards": {"failed": 0, "successful": 1, "total": 2}, "_version": 1, "forced_refresh": true, "result": "created"}, "runtime_type": "integer", "timestamp": 1688397423.0070558, "value": 1}
{"event": "Trying indexing...", "level": "debug", "mapping_type": "date_nanos", "runtime_type": "integer", "timestamp": 1688397423.0071502, "value": -1}
{"event": "Object indexed correctly", "level": "debug", "mapping_type": "date_nanos", "resp": {"_id": "1", "_index": "my-index-000001", "_primary_term": 1, "_seq_no": 1, "_shards": {"failed": 0, "successful": 1, "total": 2}, "_version": 1, "forced_refresh": true, "result": "created"}, "runtime_type": "integer", "timestamp": 1688397423.066472, "value": -1}
{"event": "Trying indexing...", "level": "debug", "mapping_type": "date_nanos", "runtime_type": "integer", "timestamp": 1688397423.066562, "value": 0}
{"event": "Object indexed correctly", "level": "debug", "mapping_type": "date_nanos", "resp": {"_id": "2", "_index": "my-index-000001", "_primary_term": 1, "_seq_no": 2, "_shards": {"failed": 0, "successful": 1, "total": 2}, "_version": 1, "forced_refresh": true, "result": "created"}, "runtime_type": "integer", "timestamp": 1688397423.125858, "value": 0}
{"event": "Index deleted", "level": "debug", "resp": {"acknowledged": true}, "timestamp": 1688397423.272809}
{"event": "Created index", "level": "debug", "mapping_type": "date_nanos", "resp": {"acknowledged": true, "index": "my-index-000001", "shards_acknowledged": true}, "timestamp": 1688397423.401912}
{"event": "Trying indexing...", "level": "debug", "mapping_type": "date_nanos", "runtime_type": "date", "timestamp": 1688397423.40199, "value": 1420070400001}
{"event": "Object indexed correctly", "level": "debug", "mapping_type": "date_nanos", "resp": {"_id": "0", "_index": "my-index-000001", "_primary_term": 1, "_seq_no": 0, "_shards": {"failed": 0, "successful": 1, "total": 2}, "_version": 1, "forced_refresh": true, "result": "created"}, "runtime_type": "date", "timestamp": 1688397423.4838479, "value": 1420070400001}
{"event": "Trying indexing...", "level": "debug", "mapping_type": "date_nanos", "runtime_type": "date", "timestamp": 1688397423.483936, "value": "\"2015-01-01T12:10:30Z\""}
{"event": "Object indexed correctly", "level": "debug", "mapping_type": "date_nanos", "resp": {"_id": "1", "_index": "my-index-000001", "_primary_term": 1, "_seq_no": 1, "_shards": {"failed": 0, "successful": 1, "total": 2}, "_version": 1, "forced_refresh": true, "result": "created"}, "runtime_type": "date", "timestamp": 1688397423.5488331, "value": "\"2015-01-01T12:10:30Z\""}
{"event": "Trying indexing...", "level": "debug", "mapping_type": "date_nanos", "runtime_type": "date", "timestamp": 1688397423.548915, "value": "\"2015-01-01\""}
{"event": "Object indexed correctly", "level": "debug", "mapping_type": "date_nanos", "resp": {"_id": "2", "_index": "my-index-000001", "_primary_term": 1, "_seq_no": 2, "_shards": {"failed": 0, "successful": 1, "total": 2}, "_version": 1, "forced_refresh": true, "result": "created"}, "runtime_type": "date", "timestamp": 1688397423.609685, "value": "\"2015-01-01\""}
{"event": "Index deleted", "level": "debug", "resp": {"acknowledged": true}, "timestamp": 1688397423.75898}
{"event": "Created index", "level": "debug", "mapping_type": "date_nanos", "resp": {"acknowledged": true, "index": "my-index-000001", "shards_acknowledged": true}, "timestamp": 1688397423.877789}
{"event": "Trying indexing...", "level": "debug", "mapping_type": "date_nanos", "runtime_type": "ip", "timestamp": 1688397423.877868, "value": "\"192.168.1.1\""}
{"event": "Object indexed correctly", "level": "debug", "mapping_type": "date_nanos", "resp": {"_id": "0", "_index": "my-index-000001", "_primary_term": 1, "_seq_no": 0, "_shards": {"failed": 0, "successful": 1, "total": 2}, "_version": 1, "forced_refresh": true, "result": "created"}, "runtime_type": "ip", "timestamp": 1688397423.964225, "value": "\"192.168.1.1\""}
{"event": "Trying indexing...", "level": "debug", "mapping_type": "date_nanos", "runtime_type": "ip", "timestamp": 1688397423.964322, "value": "\"192.168.0.0/16\""}
{"event": "Object indexed correctly", "level": "debug", "mapping_type": "date_nanos", "resp": {"_id": "1", "_index": "my-index-000001", "_primary_term": 1, "_seq_no": 1, "_shards": {"failed": 0, "successful": 1, "total": 2}, "_version": 1, "forced_refresh": true, "result": "created"}, "runtime_type": "ip", "timestamp": 1688397424.022351, "value": "\"192.168.0.0/16\""}
{"event": "Trying indexing...", "level": "debug", "mapping_type": "date_nanos", "runtime_type": "ip", "timestamp": 1688397424.022442, "value": "\"2001:db8::/48\""}
{"event": "Object indexed correctly", "level": "debug", "mapping_type": "date_nanos", "resp": {"_id": "2", "_index": "my-index-000001", "_primary_term": 1, "_seq_no": 2, "_shards": {"failed": 0, "successful": 1, "total": 2}, "_version": 1, "forced_refresh": true, "result": "created"}, "runtime_type": "ip", "timestamp": 1688397424.08529, "value": "\"2001:db8::/48\""}
{"event": "Trying indexing...", "level": "debug", "mapping_type": "date_nanos", "runtime_type": "ip", "timestamp": 1688397424.085383, "value": "\"2001:db8::1:0:0:1\""}
{"event": "Object indexed correctly", "level": "debug", "mapping_type": "date_nanos", "resp": {"_id": "3", "_index": "my-index-000001", "_primary_term": 1, "_seq_no": 3, "_shards": {"failed": 0, "successful": 1, "total": 2}, "_version": 1, "forced_refresh": true, "result": "created"}, "runtime_type": "ip", "timestamp": 1688397424.1499221, "value": "\"2001:db8::1:0:0:1\""}
{"event": "Index deleted", "level": "debug", "resp": {"acknowledged": true}, "timestamp": 1688397424.291422}
{"event": "Created index", "level": "debug", "mapping_type": "date_nanos", "resp": {"acknowledged": true, "index": "my-index-000001", "shards_acknowledged": true}, "timestamp": 1688397424.409227}
{"event": "Trying indexing...", "level": "debug", "mapping_type": "date_nanos", "runtime_type": "ip_range", "timestamp": 1688397424.4093099, "value": "\"192.168.0.0/16\""}
{"event": "Object indexed correctly", "level": "debug", "mapping_type": "date_nanos", "resp": {"_id": "0", "_index": "my-index-000001", "_primary_term": 1, "_seq_no": 0, "_shards": {"failed": 0, "successful": 1, "total": 2}, "_version": 1, "forced_refresh": true, "result": "created"}, "runtime_type": "ip_range", "timestamp": 1688397424.488527, "value": "\"192.168.0.0/16\""}
{"event": "Index deleted", "level": "debug", "resp": {"acknowledged": true}, "timestamp": 1688397424.631596}
{"event": "Created index", "level": "debug", "mapping_type": "date_nanos", "resp": {"acknowledged": true, "index": "my-index-000001", "shards_acknowledged": true}, "timestamp": 1688397424.746688}
{"event": "Trying indexing...", "level": "debug", "mapping_type": "date_nanos", "runtime_type": "date_range", "timestamp": 1688397424.746767, "value": "{\"gte\":\"2015-10-31 12:00:00\",\"lte\": \"2015-11-01\"}"}
{"event": "Failed indexing doc", "level": "error", "mapping_type": "date_nanos", "resp": {"error": {"caused_by": {"reason": "Can't get text on a START_OBJECT at 1:40", "type": "illegal_state_exception"}, "reason": "[1:86] failed to parse field [malformed_field] of type [date_nanos] in document with id '0'. Preview of field's value: '{gte=2015-10-3112:00:00, lte=2015-11-01}'", "root_cause": [{"reason": "[1:86] failed to parse field [malformed_field] of type [date_nanos] in document with id '0'. Preview of field's value: '{gte=2015-10-3112:00:00, lte=2015-11-01}'", "type": "document_parsing_exception"}], "type": "document_parsing_exception"}, "status": 400}, "runtime_type": "date_range", "timestamp": 1688397424.8008692, "value": "{\"gte\":\"2015-10-31 12:00:00\",\"lte\": \"2015-11-01\"}"}
{"event": "Index deleted", "level": "debug", "resp": {"acknowledged": true}, "timestamp": 1688397424.949762}
{"event": "Created index", "level": "debug", "mapping_type": "date_nanos", "resp": {"acknowledged": true, "index": "my-index-000001", "shards_acknowledged": true}, "timestamp": 1688397425.074351}
{"event": "Trying indexing...", "level": "debug", "mapping_type": "date_nanos", "runtime_type": "object", "timestamp": 1688397425.074433, "value": "{\"age\":30,\"name\":{\"first\":\"John\",\"last\":\"Smith\"}}"}
{"event": "Failed indexing doc", "level": "error", "mapping_type": "date_nanos", "resp": {"error": {"caused_by": {"reason": "Can't get text on a START_OBJECT at 1:40", "type": "illegal_state_exception"}, "reason": "[1:88] failed to parse field [malformed_field] of type [date_nanos] in document with id '0'. Preview of field's value: '{name={last=Smith, first=John}, age=30}'", "root_cause": [{"reason": "[1:88] failed to parse field [malformed_field] of type [date_nanos] in document with id '0'. Preview of field's value: '{name={last=Smith, first=John}, age=30}'", "type": "document_parsing_exception"}], "type": "document_parsing_exception"}, "status": 400}, "runtime_type": "object", "timestamp": 1688397425.1268978, "value": "{\"age\":30,\"name\":{\"first\":\"John\",\"last\":\"Smith\"}}"}
{"event": "Trying indexing...", "level": "debug", "mapping_type": "date_nanos", "runtime_type": "object", "timestamp": 1688397425.126982, "value": "{\"age\":30,\"name.first\":\"John\",\"name.last\":\"Smith\"}"}
{"event": "Failed indexing doc", "level": "error", "mapping_type": "date_nanos", "resp": {"error": {"caused_by": {"reason": "Can't get text on a START_OBJECT at 1:40", "type": "illegal_state_exception"}, "reason": "[1:89] failed to parse field [malformed_field] of type [date_nanos] in document with id '1'. Preview of field's value: '{name={last=Smith}, age=30}'", "root_cause": [{"reason": "[1:89] failed to parse field [malformed_field] of type [date_nanos] in document with id '1'. Preview of field's value: '{name={last=Smith}, age=30}'", "type": "document_parsing_exception"}], "type": "document_parsing_exception"}, "status": 400}, "runtime_type": "object", "timestamp": 1688397425.178591, "value": "{\"age\":30,\"name.first\":\"John\",\"name.last\":\"Smith\"}"}
{"event": "New mapping type", "level": "debug", "mapping_type": "ip", "timestamp": 1688397425.239816}
{"event": "Index deleted", "level": "debug", "resp": {"acknowledged": true}, "timestamp": 1688397425.324563}
{"event": "Created index", "level": "debug", "mapping_type": "ip", "resp": {"acknowledged": true, "index": "my-index-000001", "shards_acknowledged": true}, "timestamp": 1688397425.4481258}
{"event": "Trying indexing...", "level": "debug", "mapping_type": "ip", "runtime_type": "integer", "timestamp": 1688397425.448205, "value": 1}
{"event": "Object indexed correctly", "level": "debug", "mapping_type": "ip", "resp": {"_id": "0", "_index": "my-index-000001", "_primary_term": 1, "_seq_no": 0, "_shards": {"failed": 0, "successful": 1, "total": 2}, "_version": 1, "forced_refresh": true, "result": "created"}, "runtime_type": "integer", "timestamp": 1688397425.526263, "value": 1}
{"event": "Trying indexing...", "level": "debug", "mapping_type": "ip", "runtime_type": "integer", "timestamp": 1688397425.526348, "value": -1}
{"event": "Object indexed correctly", "level": "debug", "mapping_type": "ip", "resp": {"_id": "1", "_index": "my-index-000001", "_primary_term": 1, "_seq_no": 1, "_shards": {"failed": 0, "successful": 1, "total": 2}, "_version": 1, "forced_refresh": true, "result": "created"}, "runtime_type": "integer", "timestamp": 1688397425.585421, "value": -1}
{"event": "Trying indexing...", "level": "debug", "mapping_type": "ip", "runtime_type": "integer", "timestamp": 1688397425.5855072, "value": 0}
{"event": "Object indexed correctly", "level": "debug", "mapping_type": "ip", "resp": {"_id": "2", "_index": "my-index-000001", "_primary_term": 1, "_seq_no": 2, "_shards": {"failed": 0, "successful": 1, "total": 2}, "_version": 1, "forced_refresh": true, "result": "created"}, "runtime_type": "integer", "timestamp": 1688397425.645066, "value": 0}
{"event": "Index deleted", "level": "debug", "resp": {"acknowledged": true}, "timestamp": 1688397425.798481}
{"event": "Created index", "level": "debug", "mapping_type": "ip", "resp": {"acknowledged": true, "index": "my-index-000001", "shards_acknowledged": true}, "timestamp": 1688397425.932107}
{"event": "Trying indexing...", "level": "debug", "mapping_type": "ip", "runtime_type": "date", "timestamp": 1688397425.9321868, "value": 1420070400001}
{"event": "Object indexed correctly", "level": "debug", "mapping_type": "ip", "resp": {"_id": "0", "_index": "my-index-000001", "_primary_term": 1, "_seq_no": 0, "_shards": {"failed": 0, "successful": 1, "total": 2}, "_version": 1, "forced_refresh": true, "result": "created"}, "runtime_type": "date", "timestamp": 1688397426.011497, "value": 1420070400001}
{"event": "Trying indexing...", "level": "debug", "mapping_type": "ip", "runtime_type": "date", "timestamp": 1688397426.011591, "value": "\"2015-01-01T12:10:30Z\""}
{"event": "Object indexed correctly", "level": "debug", "mapping_type": "ip", "resp": {"_id": "1", "_index": "my-index-000001", "_primary_term": 1, "_seq_no": 1, "_shards": {"failed": 0, "successful": 1, "total": 2}, "_version": 1, "forced_refresh": true, "result": "created"}, "runtime_type": "date", "timestamp": 1688397426.071147, "value": "\"2015-01-01T12:10:30Z\""}
{"event": "Trying indexing...", "level": "debug", "mapping_type": "ip", "runtime_type": "date", "timestamp": 1688397426.071237, "value": "\"2015-01-01\""}
{"event": "Object indexed correctly", "level": "debug", "mapping_type": "ip", "resp": {"_id": "2", "_index": "my-index-000001", "_primary_term": 1, "_seq_no": 2, "_shards": {"failed": 0, "successful": 1, "total": 2}, "_version": 1, "forced_refresh": true, "result": "created"}, "runtime_type": "date", "timestamp": 1688397426.131083, "value": "\"2015-01-01\""}
{"event": "Index deleted", "level": "debug", "resp": {"acknowledged": true}, "timestamp": 1688397426.2776132}
{"event": "Created index", "level": "debug", "mapping_type": "ip", "resp": {"acknowledged": true, "index": "my-index-000001", "shards_acknowledged": true}, "timestamp": 1688397426.398307}
{"event": "Trying indexing...", "level": "debug", "mapping_type": "ip", "runtime_type": "date_nanos", "timestamp": 1688397426.398387, "value": 1420070400000}
{"event": "Object indexed correctly", "level": "debug", "mapping_type": "ip", "resp": {"_id": "0", "_index": "my-index-000001", "_primary_term": 1, "_seq_no": 0, "_shards": {"failed": 0, "successful": 1, "total": 2}, "_version": 1, "forced_refresh": true, "result": "created"}, "runtime_type": "date_nanos", "timestamp": 1688397426.477777, "value": 1420070400000}
{"event": "Trying indexing...", "level": "debug", "mapping_type": "ip", "runtime_type": "date_nanos", "timestamp": 1688397426.477866, "value": "\"2015-01-01T12:10:30.123456789Z\""}
{"event": "Object indexed correctly", "level": "debug", "mapping_type": "ip", "resp": {"_id": "1", "_index": "my-index-000001", "_primary_term": 1, "_seq_no": 1, "_shards": {"failed": 0, "successful": 1, "total": 2}, "_version": 1, "forced_refresh": true, "result": "created"}, "runtime_type": "date_nanos", "timestamp": 1688397426.53709, "value": "\"2015-01-01T12:10:30.123456789Z\""}
{"event": "Trying indexing...", "level": "debug", "mapping_type": "ip", "runtime_type": "date_nanos", "timestamp": 1688397426.537174, "value": "\"2015-01-01\""}
{"event": "Object indexed correctly", "level": "debug", "mapping_type": "ip", "resp": {"_id": "2", "_index": "my-index-000001", "_primary_term": 1, "_seq_no": 2, "_shards": {"failed": 0, "successful": 1, "total": 2}, "_version": 1, "forced_refresh": true, "result": "created"}, "runtime_type": "date_nanos", "timestamp": 1688397426.59743, "value": "\"2015-01-01\""}
{"event": "Index deleted", "level": "debug", "resp": {"acknowledged": true}, "timestamp": 1688397426.7492568}
{"event": "Created index", "level": "debug", "mapping_type": "ip", "resp": {"acknowledged": true, "index": "my-index-000001", "shards_acknowledged": true}, "timestamp": 1688397426.873167}
{"event": "Trying indexing...", "level": "debug", "mapping_type": "ip", "runtime_type": "ip_range", "timestamp": 1688397426.873247, "value": "\"192.168.0.0/16\""}
{"event": "Object indexed correctly", "level": "debug", "mapping_type": "ip", "resp": {"_id": "0", "_index": "my-index-000001", "_primary_term": 1, "_seq_no": 0, "_shards": {"failed": 0, "successful": 1, "total": 2}, "_version": 1, "forced_refresh": true, "result": "created"}, "runtime_type": "ip_range", "timestamp": 1688397426.951756, "value": "\"192.168.0.0/16\""}
{"event": "Index deleted", "level": "debug", "resp": {"acknowledged": true}, "timestamp": 1688397427.096002}
{"event": "Created index", "level": "debug", "mapping_type": "ip", "resp": {"acknowledged": true, "index": "my-index-000001", "shards_acknowledged": true}, "timestamp": 1688397427.217437}
{"event": "Trying indexing...", "level": "debug", "mapping_type": "ip", "runtime_type": "date_range", "timestamp": 1688397427.2175202, "value": "{\"gte\":\"2015-10-31 12:00:00\",\"lte\": \"2015-11-01\"}"}
{"event": "Failed indexing doc", "level": "error", "mapping_type": "ip", "resp": {"error": {"caused_by": {"reason": "Can't get text on a START_OBJECT at 1:40", "type": "illegal_state_exception"}, "reason": "[1:86] failed to parse field [malformed_field] of type [ip] in document with id '0'. Preview of field's value: '{gte=2015-10-3112:00:00, lte=2015-11-01}'", "root_cause": [{"reason": "[1:86] failed to parse field [malformed_field] of type [ip] in document with id '0'. Preview of field's value: '{gte=2015-10-3112:00:00, lte=2015-11-01}'", "type": "document_parsing_exception"}], "type": "document_parsing_exception"}, "status": 400}, "runtime_type": "date_range", "timestamp": 1688397427.270046, "value": "{\"gte\":\"2015-10-31 12:00:00\",\"lte\": \"2015-11-01\"}"}
{"event": "Index deleted", "level": "debug", "resp": {"acknowledged": true}, "timestamp": 1688397427.415612}
{"event": "Created index", "level": "debug", "mapping_type": "ip", "resp": {"acknowledged": true, "index": "my-index-000001", "shards_acknowledged": true}, "timestamp": 1688397427.541986}
{"event": "Trying indexing...", "level": "debug", "mapping_type": "ip", "runtime_type": "object", "timestamp": 1688397427.542062, "value": "{\"age\":30,\"name\":{\"first\":\"John\",\"last\":\"Smith\"}}"}
{"event": "Failed indexing doc", "level": "error", "mapping_type": "ip", "resp": {"error": {"caused_by": {"reason": "Can't get text on a START_OBJECT at 1:40", "type": "illegal_state_exception"}, "reason": "[1:88] failed to parse field [malformed_field] of type [ip] in document with id '0'. Preview of field's value: '{name={last=Smith, first=John}, age=30}'", "root_cause": [{"reason": "[1:88] failed to parse field [malformed_field] of type [ip] in document with id '0'. Preview of field's value: '{name={last=Smith, first=John}, age=30}'", "type": "document_parsing_exception"}], "type": "document_parsing_exception"}, "status": 400}, "runtime_type": "object", "timestamp": 1688397427.593649, "value": "{\"age\":30,\"name\":{\"first\":\"John\",\"last\":\"Smith\"}}"}
{"event": "Trying indexing...", "level": "debug", "mapping_type": "ip", "runtime_type": "object", "timestamp": 1688397427.593736, "value": "{\"age\":30,\"name.first\":\"John\",\"name.last\":\"Smith\"}"}
{"event": "Failed indexing doc", "level": "error", "mapping_type": "ip", "resp": {"error": {"caused_by": {"reason": "Can't get text on a START_OBJECT at 1:40", "type": "illegal_state_exception"}, "reason": "[1:89] failed to parse field [malformed_field] of type [ip] in document with id '1'. Preview of field's value: '{name={last=Smith}, age=30}'", "root_cause": [{"reason": "[1:89] failed to parse field [malformed_field] of type [ip] in document with id '1'. Preview of field's value: '{name={last=Smith}, age=30}'", "type": "document_parsing_exception"}], "type": "document_parsing_exception"}, "status": 400}, "runtime_type": "object", "timestamp": 1688397427.64639, "value": "{\"age\":30,\"name.first\":\"John\",\"name.last\":\"Smith\"}"}
{"event": "New mapping type", "level": "debug", "mapping_type": "ip_range", "timestamp": 1688397427.7082958}
{"event": "Index deleted", "level": "debug", "resp": {"acknowledged": true}, "timestamp": 1688397427.793535}
{"event": "Created index", "level": "debug", "mapping_type": "ip_range", "resp": {"acknowledged": true, "index": "my-index-000001", "shards_acknowledged": true}, "timestamp": 1688397427.92977}
{"event": "Trying indexing...", "level": "debug", "mapping_type": "ip_range", "runtime_type": "integer", "timestamp": 1688397427.9298508, "value": 1}
{"event": "Failed indexing doc", "level": "error", "mapping_type": "ip_range", "resp": {"error": {"caused_by": {"reason": "[1:40] error parsing field [malformed_field], expected an object but got malformed_field", "type": "document_parsing_exception"}, "reason": "[1:40] failed to parse field [malformed_field] of type [ip_range] in document with id '0'. Preview of field's value: '1'", "root_cause": [{"reason": "[1:40] error parsing field [malformed_field], expected an object but got malformed_field", "type": "document_parsing_exception"}], "type": "document_parsing_exception"}, "status": 400}, "runtime_type": "integer", "timestamp": 1688397427.982688, "value": 1}
{"event": "Trying indexing...", "level": "debug", "mapping_type": "ip_range", "runtime_type": "integer", "timestamp": 1688397427.9827762, "value": -1}
{"event": "Failed indexing doc", "level": "error", "mapping_type": "ip_range", "resp": {"error": {"caused_by": {"reason": "[1:40] error parsing field [malformed_field], expected an object but got malformed_field", "type": "document_parsing_exception"}, "reason": "[1:40] failed to parse field [malformed_field] of type [ip_range] in document with id '1'. Preview of field's value: '-1'", "root_cause": [{"reason": "[1:40] error parsing field [malformed_field], expected an object but got malformed_field", "type": "document_parsing_exception"}], "type": "document_parsing_exception"}, "status": 400}, "runtime_type": "integer", "timestamp": 1688397428.03686, "value": -1}
{"event": "Trying indexing...", "level": "debug", "mapping_type": "ip_range", "runtime_type": "integer", "timestamp": 1688397428.036953, "value": 0}
{"event": "Failed indexing doc", "level": "error", "mapping_type": "ip_range", "resp": {"error": {"caused_by": {"reason": "[1:40] error parsing field [malformed_field], expected an object but got malformed_field", "type": "document_parsing_exception"}, "reason": "[1:40] failed to parse field [malformed_field] of type [ip_range] in document with id '2'. Preview of field's value: '0'", "root_cause": [{"reason": "[1:40] error parsing field [malformed_field], expected an object but got malformed_field", "type": "document_parsing_exception"}], "type": "document_parsing_exception"}, "status": 400}, "runtime_type": "integer", "timestamp": 1688397428.0897658, "value": 0}
{"event": "Index deleted", "level": "debug", "resp": {"acknowledged": true}, "timestamp": 1688397428.235369}
{"event": "Created index", "level": "debug", "mapping_type": "ip_range", "resp": {"acknowledged": true, "index": "my-index-000001", "shards_acknowledged": true}, "timestamp": 1688397428.362622}
{"event": "Trying indexing...", "level": "debug", "mapping_type": "ip_range", "runtime_type": "date", "timestamp": 1688397428.362701, "value": 1420070400001}
{"event": "Failed indexing doc", "level": "error", "mapping_type": "ip_range", "resp": {"error": {"caused_by": {"reason": "[1:40] error parsing field [malformed_field], expected an object but got malformed_field", "type": "document_parsing_exception"}, "reason": "[1:40] failed to parse field [malformed_field] of type [ip_range] in document with id '0'. Preview of field's value: '1420070400001'", "root_cause": [{"reason": "[1:40] error parsing field [malformed_field], expected an object but got malformed_field", "type": "document_parsing_exception"}], "type": "document_parsing_exception"}, "status": 400}, "runtime_type": "date", "timestamp": 1688397428.414324, "value": 1420070400001}
{"event": "Trying indexing...", "level": "debug", "mapping_type": "ip_range", "runtime_type": "date", "timestamp": 1688397428.414412, "value": "\"2015-01-01T12:10:30Z\""}
{"event": "Failed indexing doc", "level": "error", "mapping_type": "ip_range", "resp": {"error": {"caused_by": {"reason": "Expected [ip/prefix] but was [2015-01-01T12:10:30Z]", "type": "illegal_argument_exception"}, "reason": "[1:40] failed to parse field [malformed_field] of type [ip_range] in document with id '1'. Preview of field's value: '2015-01-01T12:10:30Z'", "root_cause": [{"reason": "[1:40] failed to parse field [malformed_field] of type [ip_range] in document with id '1'. Preview of field's value: '2015-01-01T12:10:30Z'", "type": "document_parsing_exception"}], "type": "document_parsing_exception"}, "status": 400}, "runtime_type": "date", "timestamp": 1688397428.467572, "value": "\"2015-01-01T12:10:30Z\""}
{"event": "Trying indexing...", "level": "debug", "mapping_type": "ip_range", "runtime_type": "date", "timestamp": 1688397428.467658, "value": "\"2015-01-01\""}
{"event": "Failed indexing doc", "level": "error", "mapping_type": "ip_range", "resp": {"error": {"caused_by": {"reason": "Expected [ip/prefix] but was [2015-01-01]", "type": "illegal_argument_exception"}, "reason": "[1:40] failed to parse field [malformed_field] of type [ip_range] in document with id '2'. Preview of field's value: '2015-01-01'", "root_cause": [{"reason": "[1:40] failed to parse field [malformed_field] of type [ip_range] in document with id '2'. Preview of field's value: '2015-01-01'", "type": "document_parsing_exception"}], "type": "document_parsing_exception"}, "status": 400}, "runtime_type": "date", "timestamp": 1688397428.520621, "value": "\"2015-01-01\""}
{"event": "Index deleted", "level": "debug", "resp": {"acknowledged": true}, "timestamp": 1688397428.6853251}
{"event": "Created index", "level": "debug", "mapping_type": "ip_range", "resp": {"acknowledged": true, "index": "my-index-000001", "shards_acknowledged": true}, "timestamp": 1688397428.8134441}
{"event": "Trying indexing...", "level": "debug", "mapping_type": "ip_range", "runtime_type": "date_nanos", "timestamp": 1688397428.813525, "value": 1420070400000}
{"event": "Failed indexing doc", "level": "error", "mapping_type": "ip_range", "resp": {"error": {"caused_by": {"reason": "[1:40] error parsing field [malformed_field], expected an object but got malformed_field", "type": "document_parsing_exception"}, "reason": "[1:40] failed to parse field [malformed_field] of type [ip_range] in document with id '0'. Preview of field's value: '1420070400000'", "root_cause": [{"reason": "[1:40] error parsing field [malformed_field], expected an object but got malformed_field", "type": "document_parsing_exception"}], "type": "document_parsing_exception"}, "status": 400}, "runtime_type": "date_nanos", "timestamp": 1688397428.8653178, "value": 1420070400000}
{"event": "Trying indexing...", "level": "debug", "mapping_type": "ip_range", "runtime_type": "date_nanos", "timestamp": 1688397428.865408, "value": "\"2015-01-01T12:10:30.123456789Z\""}
{"event": "Failed indexing doc", "level": "error", "mapping_type": "ip_range", "resp": {"error": {"caused_by": {"reason": "Expected [ip/prefix] but was [2015-01-01T12:10:30.123456789Z]", "type": "illegal_argument_exception"}, "reason": "[1:40] failed to parse field [malformed_field] of type [ip_range] in document with id '1'. Preview of field's value: '2015-01-01T12:10:30.123456789Z'", "root_cause": [{"reason": "[1:40] failed to parse field [malformed_field] of type [ip_range] in document with id '1'. Preview of field's value: '2015-01-01T12:10:30.123456789Z'", "type": "document_parsing_exception"}], "type": "document_parsing_exception"}, "status": 400}, "runtime_type": "date_nanos", "timestamp": 1688397428.918066, "value": "\"2015-01-01T12:10:30.123456789Z\""}
{"event": "Trying indexing...", "level": "debug", "mapping_type": "ip_range", "runtime_type": "date_nanos", "timestamp": 1688397428.918154, "value": "\"2015-01-01\""}
{"event": "Failed indexing doc", "level": "error", "mapping_type": "ip_range", "resp": {"error": {"caused_by": {"reason": "Expected [ip/prefix] but was [2015-01-01]", "type": "illegal_argument_exception"}, "reason": "[1:40] failed to parse field [malformed_field] of type [ip_range] in document with id '2'. Preview of field's value: '2015-01-01'", "root_cause": [{"reason": "[1:40] failed to parse field [malformed_field] of type [ip_range] in document with id '2'. Preview of field's value: '2015-01-01'", "type": "document_parsing_exception"}], "type": "document_parsing_exception"}, "status": 400}, "runtime_type": "date_nanos", "timestamp": 1688397428.9706, "value": "\"2015-01-01\""}
{"event": "Index deleted", "level": "debug", "resp": {"acknowledged": true}, "timestamp": 1688397429.116543}
{"event": "Created index", "level": "debug", "mapping_type": "ip_range", "resp": {"acknowledged": true, "index": "my-index-000001", "shards_acknowledged": true}, "timestamp": 1688397429.235518}
{"event": "Trying indexing...", "level": "debug", "mapping_type": "ip_range", "runtime_type": "ip", "timestamp": 1688397429.235596, "value": "\"192.168.1.1\""}
{"event": "Failed indexing doc", "level": "error", "mapping_type": "ip_range", "resp": {"error": {"caused_by": {"reason": "Expected [ip/prefix] but was [192.168.1.1]", "type": "illegal_argument_exception"}, "reason": "[1:40] failed to parse field [malformed_field] of type [ip_range] in document with id '0'. Preview of field's value: '192.168.1.1'", "root_cause": [{"reason": "[1:40] failed to parse field [malformed_field] of type [ip_range] in document with id '0'. Preview of field's value: '192.168.1.1'", "type": "document_parsing_exception"}], "type": "document_parsing_exception"}, "status": 400}, "runtime_type": "ip", "timestamp": 1688397429.2889118, "value": "\"192.168.1.1\""}
{"event": "Trying indexing...", "level": "debug", "mapping_type": "ip_range", "runtime_type": "ip", "timestamp": 1688397429.289, "value": "\"192.168.0.0/16\""}
{"event": "Object indexed correctly", "level": "debug", "mapping_type": "ip_range", "resp": {"_id": "1", "_index": "my-index-000001", "_primary_term": 1, "_seq_no": 0, "_shards": {"failed": 0, "successful": 1, "total": 2}, "_version": 1, "forced_refresh": true, "result": "created"}, "runtime_type": "ip", "timestamp": 1688397429.370476, "value": "\"192.168.0.0/16\""}
{"event": "Trying indexing...", "level": "debug", "mapping_type": "ip_range", "runtime_type": "ip", "timestamp": 1688397429.370564, "value": "\"2001:db8::/48\""}
{"event": "Object indexed correctly", "level": "debug", "mapping_type": "ip_range", "resp": {"_id": "2", "_index": "my-index-000001", "_primary_term": 1, "_seq_no": 1, "_shards": {"failed": 0, "successful": 1, "total": 2}, "_version": 1, "forced_refresh": true, "result": "created"}, "runtime_type": "ip", "timestamp": 1688397429.4301078, "value": "\"2001:db8::/48\""}
{"event": "Trying indexing...", "level": "debug", "mapping_type": "ip_range", "runtime_type": "ip", "timestamp": 1688397429.430194, "value": "\"2001:db8::1:0:0:1\""}
{"event": "Failed indexing doc", "level": "error", "mapping_type": "ip_range", "resp": {"error": {"caused_by": {"reason": "Expected [ip/prefix] but was [2001:db8::1:0:0:1]", "type": "illegal_argument_exception"}, "reason": "[1:40] failed to parse field [malformed_field] of type [ip_range] in document with id '3'. Preview of field's value: '2001:db8::1:0:0:1'", "root_cause": [{"reason": "[1:40] failed to parse field [malformed_field] of type [ip_range] in document with id '3'. Preview of field's value: '2001:db8::1:0:0:1'", "type": "document_parsing_exception"}], "type": "document_parsing_exception"}, "status": 400}, "runtime_type": "ip", "timestamp": 1688397429.4879968, "value": "\"2001:db8::1:0:0:1\""}
{"event": "Index deleted", "level": "debug", "resp": {"acknowledged": true}, "timestamp": 1688397429.6377358}
{"event": "Created index", "level": "debug", "mapping_type": "ip_range", "resp": {"acknowledged": true, "index": "my-index-000001", "shards_acknowledged": true}, "timestamp": 1688397429.744283}
{"event": "Trying indexing...", "level": "debug", "mapping_type": "ip_range", "runtime_type": "date_range", "timestamp": 1688397429.744363, "value": "{\"gte\":\"2015-10-31 12:00:00\",\"lte\": \"2015-11-01\"}"}
{"event": "Failed indexing doc", "level": "error", "mapping_type": "ip_range", "resp": {"error": {"caused_by": {"reason": "'2015-10-3112:00:00' is not an IP string literal.", "type": "illegal_argument_exception"}, "reason": "[1:47] failed to parse field [malformed_field] of type [ip_range] in document with id '0'. Preview of field's value: '2015-10-3112:00:00'", "root_cause": [{"reason": "[1:47] failed to parse field [malformed_field] of type [ip_range] in document with id '0'. Preview of field's value: '2015-10-3112:00:00'", "type": "document_parsing_exception"}], "type": "document_parsing_exception"}, "status": 400}, "runtime_type": "date_range", "timestamp": 1688397429.797146, "value": "{\"gte\":\"2015-10-31 12:00:00\",\"lte\": \"2015-11-01\"}"}
{"event": "Index deleted", "level": "debug", "resp": {"acknowledged": true}, "timestamp": 1688397429.942654}
{"event": "Created index", "level": "debug", "mapping_type": "ip_range", "resp": {"acknowledged": true, "index": "my-index-000001", "shards_acknowledged": true}, "timestamp": 1688397430.0755048}
{"event": "Trying indexing...", "level": "debug", "mapping_type": "ip_range", "runtime_type": "object", "timestamp": 1688397430.075587, "value": "{\"age\":30,\"name\":{\"first\":\"John\",\"last\":\"Smith\"}}"}
{"event": "Failed indexing doc", "level": "error", "mapping_type": "ip_range", "resp": {"error": {"caused_by": {"reason": "[1:47] error parsing field [malformed_field], with unknown parameter [age]", "type": "document_parsing_exception"}, "reason": "[1:47] failed to parse field [malformed_field] of type [ip_range] in document with id '0'. Preview of field's value: '30'", "root_cause": [{"reason": "[1:47] error parsing field [malformed_field], with unknown parameter [age]", "type": "document_parsing_exception"}], "type": "document_parsing_exception"}, "status": 400}, "runtime_type": "object", "timestamp": 1688397430.128928, "value": "{\"age\":30,\"name\":{\"first\":\"John\",\"last\":\"Smith\"}}"}
{"event": "Trying indexing...", "level": "debug", "mapping_type": "ip_range", "runtime_type": "object", "timestamp": 1688397430.129018, "value": "{\"age\":30,\"name.first\":\"John\",\"name.last\":\"Smith\"}"}
{"event": "Failed indexing doc", "level": "error", "mapping_type": "ip_range", "resp": {"error": {"caused_by": {"reason": "[1:47] error parsing field [malformed_field], with unknown parameter [age]", "type": "document_parsing_exception"}, "reason": "[1:47] failed to parse field [malformed_field] of type [ip_range] in document with id '1'. Preview of field's value: '30'", "root_cause": [{"reason": "[1:47] error parsing field [malformed_field], with unknown parameter [age]", "type": "document_parsing_exception"}], "type": "document_parsing_exception"}, "status": 400}, "runtime_type": "object", "timestamp": 1688397430.1813529, "value": "{\"age\":30,\"name.first\":\"John\",\"name.last\":\"Smith\"}"}
{"event": "New mapping type", "level": "debug", "mapping_type": "date_range", "timestamp": 1688397430.243675}
{"event": "Index deleted", "level": "debug", "resp": {"acknowledged": true}, "timestamp": 1688397430.329448}
{"event": "Created index", "level": "debug", "mapping_type": "date_range", "resp": {"acknowledged": true, "index": "my-index-000001", "shards_acknowledged": true}, "timestamp": 1688397430.458661}
{"event": "Trying indexing...", "level": "debug", "mapping_type": "date_range", "runtime_type": "integer", "timestamp": 1688397430.458739, "value": 1}
{"event": "Failed indexing doc", "level": "error", "mapping_type": "date_range", "resp": {"error": {"caused_by": {"reason": "[1:40] error parsing field [malformed_field], expected an object but got malformed_field", "type": "document_parsing_exception"}, "reason": "[1:40] failed to parse field [malformed_field] of type [date_range] in document with id '0'. Preview of field's value: '1'", "root_cause": [{"reason": "[1:40] error parsing field [malformed_field], expected an object but got malformed_field", "type": "document_parsing_exception"}], "type": "document_parsing_exception"}, "status": 400}, "runtime_type": "integer", "timestamp": 1688397430.511862, "value": 1}
{"event": "Trying indexing...", "level": "debug", "mapping_type": "date_range", "runtime_type": "integer", "timestamp": 1688397430.51195, "value": -1}
{"event": "Failed indexing doc", "level": "error", "mapping_type": "date_range", "resp": {"error": {"caused_by": {"reason": "[1:40] error parsing field [malformed_field], expected an object but got malformed_field", "type": "document_parsing_exception"}, "reason": "[1:40] failed to parse field [malformed_field] of type [date_range] in document with id '1'. Preview of field's value: '-1'", "root_cause": [{"reason": "[1:40] error parsing field [malformed_field], expected an object but got malformed_field", "type": "document_parsing_exception"}], "type": "document_parsing_exception"}, "status": 400}, "runtime_type": "integer", "timestamp": 1688397430.564474, "value": -1}
{"event": "Trying indexing...", "level": "debug", "mapping_type": "date_range", "runtime_type": "integer", "timestamp": 1688397430.56456, "value": 0}
{"event": "Failed indexing doc", "level": "error", "mapping_type": "date_range", "resp": {"error": {"caused_by": {"reason": "[1:40] error parsing field [malformed_field], expected an object but got malformed_field", "type": "document_parsing_exception"}, "reason": "[1:40] failed to parse field [malformed_field] of type [date_range] in document with id '2'. Preview of field's value: '0'", "root_cause": [{"reason": "[1:40] error parsing field [malformed_field], expected an object but got malformed_field", "type": "document_parsing_exception"}], "type": "document_parsing_exception"}, "status": 400}, "runtime_type": "integer", "timestamp": 1688397430.616686, "value": 0}
{"event": "Index deleted", "level": "debug", "resp": {"acknowledged": true}, "timestamp": 1688397430.767113}
{"event": "Created index", "level": "debug", "mapping_type": "date_range", "resp": {"acknowledged": true, "index": "my-index-000001", "shards_acknowledged": true}, "timestamp": 1688397430.886857}
{"event": "Trying indexing...", "level": "debug", "mapping_type": "date_range", "runtime_type": "date", "timestamp": 1688397430.88694, "value": 1420070400001}
{"event": "Failed indexing doc", "level": "error", "mapping_type": "date_range", "resp": {"error": {"caused_by": {"reason": "[1:40] error parsing field [malformed_field], expected an object but got malformed_field", "type": "document_parsing_exception"}, "reason": "[1:40] failed to parse field [malformed_field] of type [date_range] in document with id '0'. Preview of field's value: '1420070400001'", "root_cause": [{"reason": "[1:40] error parsing field [malformed_field], expected an object but got malformed_field", "type": "document_parsing_exception"}], "type": "document_parsing_exception"}, "status": 400}, "runtime_type": "date", "timestamp": 1688397430.939649, "value": 1420070400001}
{"event": "Trying indexing...", "level": "debug", "mapping_type": "date_range", "runtime_type": "date", "timestamp": 1688397430.939734, "value": "\"2015-01-01T12:10:30Z\""}
{"event": "Failed indexing doc", "level": "error", "mapping_type": "date_range", "resp": {"error": {"caused_by": {"reason": "[1:40] error parsing field [malformed_field], expected an object but got malformed_field", "type": "document_parsing_exception"}, "reason": "[1:40] failed to parse field [malformed_field] of type [date_range] in document with id '1'. Preview of field's value: '2015-01-01T12:10:30Z'", "root_cause": [{"reason": "[1:40] error parsing field [malformed_field], expected an object but got malformed_field", "type": "document_parsing_exception"}], "type": "document_parsing_exception"}, "status": 400}, "runtime_type": "date", "timestamp": 1688397430.992394, "value": "\"2015-01-01T12:10:30Z\""}
{"event": "Trying indexing...", "level": "debug", "mapping_type": "date_range", "runtime_type": "date", "timestamp": 1688397430.99248, "value": "\"2015-01-01\""}
{"event": "Failed indexing doc", "level": "error", "mapping_type": "date_range", "resp": {"error": {"caused_by": {"reason": "[1:40] error parsing field [malformed_field], expected an object but got malformed_field", "type": "document_parsing_exception"}, "reason": "[1:40] failed to parse field [malformed_field] of type [date_range] in document with id '2'. Preview of field's value: '2015-01-01'", "root_cause": [{"reason": "[1:40] error parsing field [malformed_field], expected an object but got malformed_field", "type": "document_parsing_exception"}], "type": "document_parsing_exception"}, "status": 400}, "runtime_type": "date", "timestamp": 1688397431.04571, "value": "\"2015-01-01\""}
{"event": "Index deleted", "level": "debug", "resp": {"acknowledged": true}, "timestamp": 1688397431.2139251}
{"event": "Created index", "level": "debug", "mapping_type": "date_range", "resp": {"acknowledged": true, "index": "my-index-000001", "shards_acknowledged": true}, "timestamp": 1688397431.333986}
{"event": "Trying indexing...", "level": "debug", "mapping_type": "date_range", "runtime_type": "date_nanos", "timestamp": 1688397431.33407, "value": 1420070400000}
{"event": "Failed indexing doc", "level": "error", "mapping_type": "date_range", "resp": {"error": {"caused_by": {"reason": "[1:40] error parsing field [malformed_field], expected an object but got malformed_field", "type": "document_parsing_exception"}, "reason": "[1:40] failed to parse field [malformed_field] of type [date_range] in document with id '0'. Preview of field's value: '1420070400000'", "root_cause": [{"reason": "[1:40] error parsing field [malformed_field], expected an object but got malformed_field", "type": "document_parsing_exception"}], "type": "document_parsing_exception"}, "status": 400}, "runtime_type": "date_nanos", "timestamp": 1688397431.385927, "value": 1420070400000}
{"event": "Trying indexing...", "level": "debug", "mapping_type": "date_range", "runtime_type": "date_nanos", "timestamp": 1688397431.386017, "value": "\"2015-01-01T12:10:30.123456789Z\""}
{"event": "Failed indexing doc", "level": "error", "mapping_type": "date_range", "resp": {"error": {"caused_by": {"reason": "[1:40] error parsing field [malformed_field], expected an object but got malformed_field", "type": "document_parsing_exception"}, "reason": "[1:40] failed to parse field [malformed_field] of type [date_range] in document with id '1'. Preview of field's value: '2015-01-01T12:10:30.123456789Z'", "root_cause": [{"reason": "[1:40] error parsing field [malformed_field], expected an object but got malformed_field", "type": "document_parsing_exception"}], "type": "document_parsing_exception"}, "status": 400}, "runtime_type": "date_nanos", "timestamp": 1688397431.438825, "value": "\"2015-01-01T12:10:30.123456789Z\""}
{"event": "Trying indexing...", "level": "debug", "mapping_type": "date_range", "runtime_type": "date_nanos", "timestamp": 1688397431.438911, "value": "\"2015-01-01\""}
{"event": "Failed indexing doc", "level": "error", "mapping_type": "date_range", "resp": {"error": {"caused_by": {"reason": "[1:40] error parsing field [malformed_field], expected an object but got malformed_field", "type": "document_parsing_exception"}, "reason": "[1:40] failed to parse field [malformed_field] of type [date_range] in document with id '2'. Preview of field's value: '2015-01-01'", "root_cause": [{"reason": "[1:40] error parsing field [malformed_field], expected an object but got malformed_field", "type": "document_parsing_exception"}], "type": "document_parsing_exception"}, "status": 400}, "runtime_type": "date_nanos", "timestamp": 1688397431.491841, "value": "\"2015-01-01\""}
{"event": "Index deleted", "level": "debug", "resp": {"acknowledged": true}, "timestamp": 1688397431.652021}
{"event": "Created index", "level": "debug", "mapping_type": "date_range", "resp": {"acknowledged": true, "index": "my-index-000001", "shards_acknowledged": true}, "timestamp": 1688397431.7775428}
{"event": "Trying indexing...", "level": "debug", "mapping_type": "date_range", "runtime_type": "ip", "timestamp": 1688397431.7776241, "value": "\"192.168.1.1\""}
{"event": "Failed indexing doc", "level": "error", "mapping_type": "date_range", "resp": {"error": {"caused_by": {"reason": "[1:40] error parsing field [malformed_field], expected an object but got malformed_field", "type": "document_parsing_exception"}, "reason": "[1:40] failed to parse field [malformed_field] of type [date_range] in document with id '0'. Preview of field's value: '192.168.1.1'", "root_cause": [{"reason": "[1:40] error parsing field [malformed_field], expected an object but got malformed_field", "type": "document_parsing_exception"}], "type": "document_parsing_exception"}, "status": 400}, "runtime_type": "ip", "timestamp": 1688397431.830177, "value": "\"192.168.1.1\""}
{"event": "Trying indexing...", "level": "debug", "mapping_type": "date_range", "runtime_type": "ip", "timestamp": 1688397431.830267, "value": "\"192.168.0.0/16\""}
{"event": "Failed indexing doc", "level": "error", "mapping_type": "date_range", "resp": {"error": {"caused_by": {"reason": "[1:40] error parsing field [malformed_field], expected an object but got malformed_field", "type": "document_parsing_exception"}, "reason": "[1:40] failed to parse field [malformed_field] of type [date_range] in document with id '1'. Preview of field's value: '192.168.0.0/16'", "root_cause": [{"reason": "[1:40] error parsing field [malformed_field], expected an object but got malformed_field", "type": "document_parsing_exception"}], "type": "document_parsing_exception"}, "status": 400}, "runtime_type": "ip", "timestamp": 1688397431.882734, "value": "\"192.168.0.0/16\""}
{"event": "Trying indexing...", "level": "debug", "mapping_type": "date_range", "runtime_type": "ip", "timestamp": 1688397431.8828218, "value": "\"2001:db8::/48\""}
{"event": "Failed indexing doc", "level": "error", "mapping_type": "date_range", "resp": {"error": {"caused_by": {"reason": "[1:40] error parsing field [malformed_field], expected an object but got malformed_field", "type": "document_parsing_exception"}, "reason": "[1:40] failed to parse field [malformed_field] of type [date_range] in document with id '2'. Preview of field's value: '2001:db8::/48'", "root_cause": [{"reason": "[1:40] error parsing field [malformed_field], expected an object but got malformed_field", "type": "document_parsing_exception"}], "type": "document_parsing_exception"}, "status": 400}, "runtime_type": "ip", "timestamp": 1688397431.9353201, "value": "\"2001:db8::/48\""}
{"event": "Trying indexing...", "level": "debug", "mapping_type": "date_range", "runtime_type": "ip", "timestamp": 1688397431.935405, "value": "\"2001:db8::1:0:0:1\""}
{"event": "Failed indexing doc", "level": "error", "mapping_type": "date_range", "resp": {"error": {"caused_by": {"reason": "[1:40] error parsing field [malformed_field], expected an object but got malformed_field", "type": "document_parsing_exception"}, "reason": "[1:40] failed to parse field [malformed_field] of type [date_range] in document with id '3'. Preview of field's value: '2001:db8::1:0:0:1'", "root_cause": [{"reason": "[1:40] error parsing field [malformed_field], expected an object but got malformed_field", "type": "document_parsing_exception"}], "type": "document_parsing_exception"}, "status": 400}, "runtime_type": "ip", "timestamp": 1688397432.0047371, "value": "\"2001:db8::1:0:0:1\""}
{"event": "Index deleted", "level": "debug", "resp": {"acknowledged": true}, "timestamp": 1688397432.170627}
{"event": "Created index", "level": "debug", "mapping_type": "date_range", "resp": {"acknowledged": true, "index": "my-index-000001", "shards_acknowledged": true}, "timestamp": 1688397432.292642}
{"event": "Trying indexing...", "level": "debug", "mapping_type": "date_range", "runtime_type": "ip_range", "timestamp": 1688397432.292722, "value": "\"192.168.0.0/16\""}
{"event": "Failed indexing doc", "level": "error", "mapping_type": "date_range", "resp": {"error": {"caused_by": {"reason": "[1:40] error parsing field [malformed_field], expected an object but got malformed_field", "type": "document_parsing_exception"}, "reason": "[1:40] failed to parse field [malformed_field] of type [date_range] in document with id '0'. Preview of field's value: '192.168.0.0/16'", "root_cause": [{"reason": "[1:40] error parsing field [malformed_field], expected an object but got malformed_field", "type": "document_parsing_exception"}], "type": "document_parsing_exception"}, "status": 400}, "runtime_type": "ip_range", "timestamp": 1688397432.3451679, "value": "\"192.168.0.0/16\""}
{"event": "Index deleted", "level": "debug", "resp": {"acknowledged": true}, "timestamp": 1688397432.489763}
{"event": "Created index", "level": "debug", "mapping_type": "date_range", "resp": {"acknowledged": true, "index": "my-index-000001", "shards_acknowledged": true}, "timestamp": 1688397432.610718}
{"event": "Trying indexing...", "level": "debug", "mapping_type": "date_range", "runtime_type": "object", "timestamp": 1688397432.610803, "value": "{\"age\":30,\"name\":{\"first\":\"John\",\"last\":\"Smith\"}}"}
{"event": "Failed indexing doc", "level": "error", "mapping_type": "date_range", "resp": {"error": {"caused_by": {"reason": "[1:47] error parsing field [malformed_field], with unknown parameter [age]", "type": "document_parsing_exception"}, "reason": "[1:47] failed to parse field [malformed_field] of type [date_range] in document with id '0'. Preview of field's value: '30'", "root_cause": [{"reason": "[1:47] error parsing field [malformed_field], with unknown parameter [age]", "type": "document_parsing_exception"}], "type": "document_parsing_exception"}, "status": 400}, "runtime_type": "object", "timestamp": 1688397432.663852, "value": "{\"age\":30,\"name\":{\"first\":\"John\",\"last\":\"Smith\"}}"}
{"event": "Trying indexing...", "level": "debug", "mapping_type": "date_range", "runtime_type": "object", "timestamp": 1688397432.6639428, "value": "{\"age\":30,\"name.first\":\"John\",\"name.last\":\"Smith\"}"}
{"event": "Failed indexing doc", "level": "error", "mapping_type": "date_range", "resp": {"error": {"caused_by": {"reason": "[1:47] error parsing field [malformed_field], with unknown parameter [age]", "type": "document_parsing_exception"}, "reason": "[1:47] failed to parse field [malformed_field] of type [date_range] in document with id '1'. Preview of field's value: '30'", "root_cause": [{"reason": "[1:47] error parsing field [malformed_field], with unknown parameter [age]", "type": "document_parsing_exception"}], "type": "document_parsing_exception"}, "status": 400}, "runtime_type": "object", "timestamp": 1688397432.716279, "value": "{\"age\":30,\"name.first\":\"John\",\"name.last\":\"Smith\"}"}
{"event": "New mapping type", "level": "debug", "mapping_type": "object", "timestamp": 1688397432.777416}
{"event": "Index deleted", "level": "debug", "resp": {"acknowledged": true}, "timestamp": 1688397432.868067}
{"event": "Created index", "level": "debug", "mapping_type": "object", "resp": {"acknowledged": true, "index": "my-index-000001", "shards_acknowledged": true}, "timestamp": 1688397432.9870899}
{"event": "Trying indexing...", "level": "debug", "mapping_type": "object", "runtime_type": "integer", "timestamp": 1688397432.9871712, "value": 1}
{"event": "Failed indexing doc", "level": "error", "mapping_type": "object", "resp": {"error": {"reason": "[1:40] object mapping for [malformed_field] tried to parse field [malformed_field] as object, but found a concrete value", "root_cause": [{"reason": "[1:40] object mapping for [malformed_field] tried to parse field [malformed_field] as object, but found a concrete value", "type": "document_parsing_exception"}], "type": "document_parsing_exception"}, "status": 400}, "runtime_type": "integer", "timestamp": 1688397433.0396469, "value": 1}
{"event": "Trying indexing...", "level": "debug", "mapping_type": "object", "runtime_type": "integer", "timestamp": 1688397433.039733, "value": -1}
{"event": "Failed indexing doc", "level": "error", "mapping_type": "object", "resp": {"error": {"reason": "[1:40] object mapping for [malformed_field] tried to parse field [malformed_field] as object, but found a concrete value", "root_cause": [{"reason": "[1:40] object mapping for [malformed_field] tried to parse field [malformed_field] as object, but found a concrete value", "type": "document_parsing_exception"}], "type": "document_parsing_exception"}, "status": 400}, "runtime_type": "integer", "timestamp": 1688397433.092313, "value": -1}
{"event": "Trying indexing...", "level": "debug", "mapping_type": "object", "runtime_type": "integer", "timestamp": 1688397433.0924, "value": 0}
{"event": "Failed indexing doc", "level": "error", "mapping_type": "object", "resp": {"error": {"reason": "[1:40] object mapping for [malformed_field] tried to parse field [malformed_field] as object, but found a concrete value", "root_cause": [{"reason": "[1:40] object mapping for [malformed_field] tried to parse field [malformed_field] as object, but found a concrete value", "type": "document_parsing_exception"}], "type": "document_parsing_exception"}, "status": 400}, "runtime_type": "integer", "timestamp": 1688397433.1450932, "value": 0}
{"event": "Index deleted", "level": "debug", "resp": {"acknowledged": true}, "timestamp": 1688397433.292768}
{"event": "Created index", "level": "debug", "mapping_type": "object", "resp": {"acknowledged": true, "index": "my-index-000001", "shards_acknowledged": true}, "timestamp": 1688397433.409342}
{"event": "Trying indexing...", "level": "debug", "mapping_type": "object", "runtime_type": "date", "timestamp": 1688397433.4094248, "value": 1420070400001}
{"event": "Failed indexing doc", "level": "error", "mapping_type": "object", "resp": {"error": {"reason": "[1:40] object mapping for [malformed_field] tried to parse field [malformed_field] as object, but found a concrete value", "root_cause": [{"reason": "[1:40] object mapping for [malformed_field] tried to parse field [malformed_field] as object, but found a concrete value", "type": "document_parsing_exception"}], "type": "document_parsing_exception"}, "status": 400}, "runtime_type": "date", "timestamp": 1688397433.461874, "value": 1420070400001}
{"event": "Trying indexing...", "level": "debug", "mapping_type": "object", "runtime_type": "date", "timestamp": 1688397433.461958, "value": "\"2015-01-01T12:10:30Z\""}
{"event": "Failed indexing doc", "level": "error", "mapping_type": "object", "resp": {"error": {"reason": "[1:40] object mapping for [malformed_field] tried to parse field [malformed_field] as object, but found a concrete value", "root_cause": [{"reason": "[1:40] object mapping for [malformed_field] tried to parse field [malformed_field] as object, but found a concrete value", "type": "document_parsing_exception"}], "type": "document_parsing_exception"}, "status": 400}, "runtime_type": "date", "timestamp": 1688397433.5141618, "value": "\"2015-01-01T12:10:30Z\""}
{"event": "Trying indexing...", "level": "debug", "mapping_type": "object", "runtime_type": "date", "timestamp": 1688397433.514246, "value": "\"2015-01-01\""}
{"event": "Failed indexing doc", "level": "error", "mapping_type": "object", "resp": {"error": {"reason": "[1:40] object mapping for [malformed_field] tried to parse field [malformed_field] as object, but found a concrete value", "root_cause": [{"reason": "[1:40] object mapping for [malformed_field] tried to parse field [malformed_field] as object, but found a concrete value", "type": "document_parsing_exception"}], "type": "document_parsing_exception"}, "status": 400}, "runtime_type": "date", "timestamp": 1688397433.566869, "value": "\"2015-01-01\""}
{"event": "Index deleted", "level": "debug", "resp": {"acknowledged": true}, "timestamp": 1688397433.720533}
{"event": "Created index", "level": "debug", "mapping_type": "object", "resp": {"acknowledged": true, "index": "my-index-000001", "shards_acknowledged": true}, "timestamp": 1688397433.848616}
{"event": "Trying indexing...", "level": "debug", "mapping_type": "object", "runtime_type": "date_nanos", "timestamp": 1688397433.848696, "value": 1420070400000}
{"event": "Failed indexing doc", "level": "error", "mapping_type": "object", "resp": {"error": {"reason": "[1:40] object mapping for [malformed_field] tried to parse field [malformed_field] as object, but found a concrete value", "root_cause": [{"reason": "[1:40] object mapping for [malformed_field] tried to parse field [malformed_field] as object, but found a concrete value", "type": "document_parsing_exception"}], "type": "document_parsing_exception"}, "status": 400}, "runtime_type": "date_nanos", "timestamp": 1688397433.901407, "value": 1420070400000}
{"event": "Trying indexing...", "level": "debug", "mapping_type": "object", "runtime_type": "date_nanos", "timestamp": 1688397433.901493, "value": "\"2015-01-01T12:10:30.123456789Z\""}
{"event": "Failed indexing doc", "level": "error", "mapping_type": "object", "resp": {"error": {"reason": "[1:40] object mapping for [malformed_field] tried to parse field [malformed_field] as object, but found a concrete value", "root_cause": [{"reason": "[1:40] object mapping for [malformed_field] tried to parse field [malformed_field] as object, but found a concrete value", "type": "document_parsing_exception"}], "type": "document_parsing_exception"}, "status": 400}, "runtime_type": "date_nanos", "timestamp": 1688397433.95411, "value": "\"2015-01-01T12:10:30.123456789Z\""}
{"event": "Trying indexing...", "level": "debug", "mapping_type": "object", "runtime_type": "date_nanos", "timestamp": 1688397433.9541981, "value": "\"2015-01-01\""}
{"event": "Failed indexing doc", "level": "error", "mapping_type": "object", "resp": {"error": {"reason": "[1:40] object mapping for [malformed_field] tried to parse field [malformed_field] as object, but found a concrete value", "root_cause": [{"reason": "[1:40] object mapping for [malformed_field] tried to parse field [malformed_field] as object, but found a concrete value", "type": "document_parsing_exception"}], "type": "document_parsing_exception"}, "status": 400}, "runtime_type": "date_nanos", "timestamp": 1688397434.0061598, "value": "\"2015-01-01\""}
{"event": "Index deleted", "level": "debug", "resp": {"acknowledged": true}, "timestamp": 1688397434.1562848}
{"event": "Created index", "level": "debug", "mapping_type": "object", "resp": {"acknowledged": true, "index": "my-index-000001", "shards_acknowledged": true}, "timestamp": 1688397434.303883}
{"event": "Trying indexing...", "level": "debug", "mapping_type": "object", "runtime_type": "ip", "timestamp": 1688397434.303966, "value": "\"192.168.1.1\""}
{"event": "Failed indexing doc", "level": "error", "mapping_type": "object", "resp": {"error": {"reason": "[1:40] object mapping for [malformed_field] tried to parse field [malformed_field] as object, but found a concrete value", "root_cause": [{"reason": "[1:40] object mapping for [malformed_field] tried to parse field [malformed_field] as object, but found a concrete value", "type": "document_parsing_exception"}], "type": "document_parsing_exception"}, "status": 400}, "runtime_type": "ip", "timestamp": 1688397434.355731, "value": "\"192.168.1.1\""}
{"event": "Trying indexing...", "level": "debug", "mapping_type": "object", "runtime_type": "ip", "timestamp": 1688397434.355813, "value": "\"192.168.0.0/16\""}
{"event": "Failed indexing doc", "level": "error", "mapping_type": "object", "resp": {"error": {"reason": "[1:40] object mapping for [malformed_field] tried to parse field [malformed_field] as object, but found a concrete value", "root_cause": [{"reason": "[1:40] object mapping for [malformed_field] tried to parse field [malformed_field] as object, but found a concrete value", "type": "document_parsing_exception"}], "type": "document_parsing_exception"}, "status": 400}, "runtime_type": "ip", "timestamp": 1688397434.408351, "value": "\"192.168.0.0/16\""}
{"event": "Trying indexing...", "level": "debug", "mapping_type": "object", "runtime_type": "ip", "timestamp": 1688397434.408436, "value": "\"2001:db8::/48\""}
{"event": "Failed indexing doc", "level": "error", "mapping_type": "object", "resp": {"error": {"reason": "[1:40] object mapping for [malformed_field] tried to parse field [malformed_field] as object, but found a concrete value", "root_cause": [{"reason": "[1:40] object mapping for [malformed_field] tried to parse field [malformed_field] as object, but found a concrete value", "type": "document_parsing_exception"}], "type": "document_parsing_exception"}, "status": 400}, "runtime_type": "ip", "timestamp": 1688397434.4611928, "value": "\"2001:db8::/48\""}
{"event": "Trying indexing...", "level": "debug", "mapping_type": "object", "runtime_type": "ip", "timestamp": 1688397434.46128, "value": "\"2001:db8::1:0:0:1\""}
{"event": "Failed indexing doc", "level": "error", "mapping_type": "object", "resp": {"error": {"reason": "[1:40] object mapping for [malformed_field] tried to parse field [malformed_field] as object, but found a concrete value", "root_cause": [{"reason": "[1:40] object mapping for [malformed_field] tried to parse field [malformed_field] as object, but found a concrete value", "type": "document_parsing_exception"}], "type": "document_parsing_exception"}, "status": 400}, "runtime_type": "ip", "timestamp": 1688397434.5185301, "value": "\"2001:db8::1:0:0:1\""}
{"event": "Index deleted", "level": "debug", "resp": {"acknowledged": true}, "timestamp": 1688397434.679157}
{"event": "Created index", "level": "debug", "mapping_type": "object", "resp": {"acknowledged": true, "index": "my-index-000001", "shards_acknowledged": true}, "timestamp": 1688397434.800993}
{"event": "Trying indexing...", "level": "debug", "mapping_type": "object", "runtime_type": "ip_range", "timestamp": 1688397434.8010721, "value": "\"192.168.0.0/16\""}
{"event": "Failed indexing doc", "level": "error", "mapping_type": "object", "resp": {"error": {"reason": "[1:40] object mapping for [malformed_field] tried to parse field [malformed_field] as object, but found a concrete value", "root_cause": [{"reason": "[1:40] object mapping for [malformed_field] tried to parse field [malformed_field] as object, but found a concrete value", "type": "document_parsing_exception"}], "type": "document_parsing_exception"}, "status": 400}, "runtime_type": "ip_range", "timestamp": 1688397434.8530078, "value": "\"192.168.0.0/16\""}
{"event": "Index deleted", "level": "debug", "resp": {"acknowledged": true}, "timestamp": 1688397434.99726}
{"event": "Created index", "level": "debug", "mapping_type": "object", "resp": {"acknowledged": true, "index": "my-index-000001", "shards_acknowledged": true}, "timestamp": 1688397435.1192162}
{"event": "Trying indexing...", "level": "debug", "mapping_type": "object", "runtime_type": "date_range", "timestamp": 1688397435.119297, "value": "{\"gte\":\"2015-10-31 12:00:00\",\"lte\": \"2015-11-01\"}"}
{"event": "Object indexed correctly", "level": "debug", "mapping_type": "object", "resp": {"_id": "0", "_index": "my-index-000001", "_primary_term": 1, "_seq_no": 0, "_shards": {"failed": 0, "successful": 1, "total": 2}, "_version": 1, "forced_refresh": true, "result": "created"}, "runtime_type": "date_range", "timestamp": 1688397435.2000692, "value": "{\"gte\":\"2015-10-31 12:00:00\",\"lte\": \"2015-11-01\"}"}
{"counts": {"fail": 24, "ignore": 13, "partial_fail": 1, "pass": 4, "skip": 7, "total": 49}, "event": "Counts", "level": "info", "timestamp": 1688397435.267262}
