{"doc_template_name": "doc.txt", "event": "Loading tests...", "file_path": "./data/tests/default.yaml", "level": "info", "mapping_template_name": "ignore_malformed.mapping.txt", "templates_path": "./data/templates", "timestamp": 1688401424.236371}
{"event": "New mapping type", "level": "debug", "mapping_type": "integer", "timestamp": 1688401424.238156}
{"event": "Index deleted", "level": "debug", "resp": {"acknowledged": true}, "timestamp": 1688401424.34959}
{"event": "Created index", "level": "debug", "mapping_type": "integer", "resp": {"acknowledged": true, "index": "my-index-000001", "shards_acknowledged": true}, "timestamp": 1688401424.492455}
{"event": "Trying indexing...", "level": "debug", "mapping_type": "integer", "runtime_type": "date", "timestamp": 1688401424.492536, "value": 1420070400001}
{"event": "Object indexed correctly", "level": "debug", "mapping_type": "integer", "resp": {"_id": "0", "_index": "my-index-000001", "_primary_term": 1, "_seq_no": 0, "_shards": {"failed": 0, "successful": 1, "total": 2}, "_version": 1, "forced_refresh": true, "result": "created"}, "runtime_type": "date", "timestamp": 1688401424.5781848, "value": 1420070400001}
{"event": "Trying indexing...", "level": "debug", "mapping_type": "integer", "runtime_type": "date", "timestamp": 1688401424.578269, "value": "\"2015-01-01T12:10:30Z\""}
{"event": "Object indexed correctly", "level": "debug", "mapping_type": "integer", "resp": {"_id": "1", "_index": "my-index-000001", "_primary_term": 1, "_seq_no": 1, "_shards": {"failed": 0, "successful": 1, "total": 2}, "_version": 1, "forced_refresh": true, "result": "created"}, "runtime_type": "date", "timestamp": 1688401424.639081, "value": "\"2015-01-01T12:10:30Z\""}
{"event": "Trying indexing...", "level": "debug", "mapping_type": "integer", "runtime_type": "date", "timestamp": 1688401424.639164, "value": "\"2015-01-01\""}
{"event": "Object indexed correctly", "level": "debug", "mapping_type": "integer", "resp": {"_id": "2", "_index": "my-index-000001", "_primary_term": 1, "_seq_no": 2, "_shards": {"failed": 0, "successful": 1, "total": 2}, "_version": 1, "forced_refresh": true, "result": "created"}, "runtime_type": "date", "timestamp": 1688401424.6993, "value": "\"2015-01-01\""}
{"event": "Index deleted", "level": "debug", "resp": {"acknowledged": true}, "timestamp": 1688401424.859803}
{"event": "Created index", "level": "debug", "mapping_type": "integer", "resp": {"acknowledged": true, "index": "my-index-000001", "shards_acknowledged": true}, "timestamp": 1688401425.01585}
{"event": "Trying indexing...", "level": "debug", "mapping_type": "integer", "runtime_type": "date_nanos", "timestamp": 1688401425.015937, "value": 1420070400000}
{"event": "Object indexed correctly", "level": "debug", "mapping_type": "integer", "resp": {"_id": "0", "_index": "my-index-000001", "_primary_term": 1, "_seq_no": 0, "_shards": {"failed": 0, "successful": 1, "total": 2}, "_version": 1, "forced_refresh": true, "result": "created"}, "runtime_type": "date_nanos", "timestamp": 1688401425.1124659, "value": 1420070400000}
{"event": "Trying indexing...", "level": "debug", "mapping_type": "integer", "runtime_type": "date_nanos", "timestamp": 1688401425.112563, "value": "\"2015-01-01T12:10:30.123456789Z\""}
{"event": "Object indexed correctly", "level": "debug", "mapping_type": "integer", "resp": {"_id": "1", "_index": "my-index-000001", "_primary_term": 1, "_seq_no": 1, "_shards": {"failed": 0, "successful": 1, "total": 2}, "_version": 1, "forced_refresh": true, "result": "created"}, "runtime_type": "date_nanos", "timestamp": 1688401425.174211, "value": "\"2015-01-01T12:10:30.123456789Z\""}
{"event": "Trying indexing...", "level": "debug", "mapping_type": "integer", "runtime_type": "date_nanos", "timestamp": 1688401425.174311, "value": "\"2015-01-01\""}
{"event": "Object indexed correctly", "level": "debug", "mapping_type": "integer", "resp": {"_id": "2", "_index": "my-index-000001", "_primary_term": 1, "_seq_no": 2, "_shards": {"failed": 0, "successful": 1, "total": 2}, "_version": 1, "forced_refresh": true, "result": "created"}, "runtime_type": "date_nanos", "timestamp": 1688401425.2363908, "value": "\"2015-01-01\""}
{"event": "Index deleted", "level": "debug", "resp": {"acknowledged": true}, "timestamp": 1688401425.402448}
{"event": "Created index", "level": "debug", "mapping_type": "integer", "resp": {"acknowledged": true, "index": "my-index-000001", "shards_acknowledged": true}, "timestamp": 1688401425.5593019}
{"event": "Trying indexing...", "level": "debug", "mapping_type": "integer", "runtime_type": "ip", "timestamp": 1688401425.5593832, "value": "\"192.168.1.1\""}
{"event": "Object indexed correctly", "level": "debug", "mapping_type": "integer", "resp": {"_id": "0", "_index": "my-index-000001", "_primary_term": 1, "_seq_no": 0, "_shards": {"failed": 0, "successful": 1, "total": 2}, "_version": 1, "forced_refresh": true, "result": "created"}, "runtime_type": "ip", "timestamp": 1688401425.6502259, "value": "\"192.168.1.1\""}
{"event": "Trying indexing...", "level": "debug", "mapping_type": "integer", "runtime_type": "ip", "timestamp": 1688401425.650322, "value": "\"192.168.0.0/16\""}
{"event": "Object indexed correctly", "level": "debug", "mapping_type": "integer", "resp": {"_id": "1", "_index": "my-index-000001", "_primary_term": 1, "_seq_no": 1, "_shards": {"failed": 0, "successful": 1, "total": 2}, "_version": 1, "forced_refresh": true, "result": "created"}, "runtime_type": "ip", "timestamp": 1688401425.710128, "value": "\"192.168.0.0/16\""}
{"event": "Trying indexing...", "level": "debug", "mapping_type": "integer", "runtime_type": "ip", "timestamp": 1688401425.7102149, "value": "\"2001:db8::/48\""}
{"event": "Object indexed correctly", "level": "debug", "mapping_type": "integer", "resp": {"_id": "2", "_index": "my-index-000001", "_primary_term": 1, "_seq_no": 2, "_shards": {"failed": 0, "successful": 1, "total": 2}, "_version": 1, "forced_refresh": true, "result": "created"}, "runtime_type": "ip", "timestamp": 1688401425.772778, "value": "\"2001:db8::/48\""}
{"event": "Trying indexing...", "level": "debug", "mapping_type": "integer", "runtime_type": "ip", "timestamp": 1688401425.772866, "value": "\"2001:db8::1:0:0:1\""}
{"event": "Object indexed correctly", "level": "debug", "mapping_type": "integer", "resp": {"_id": "3", "_index": "my-index-000001", "_primary_term": 1, "_seq_no": 3, "_shards": {"failed": 0, "successful": 1, "total": 2}, "_version": 1, "forced_refresh": true, "result": "created"}, "runtime_type": "ip", "timestamp": 1688401425.839575, "value": "\"2001:db8::1:0:0:1\""}
{"event": "Index deleted", "level": "debug", "resp": {"acknowledged": true}, "timestamp": 1688401425.995221}
{"event": "Created index", "level": "debug", "mapping_type": "integer", "resp": {"acknowledged": true, "index": "my-index-000001", "shards_acknowledged": true}, "timestamp": 1688401426.155593}
{"event": "Trying indexing...", "level": "debug", "mapping_type": "integer", "runtime_type": "ip_range", "timestamp": 1688401426.155682, "value": "\"192.168.0.0/16\""}
{"event": "Object indexed correctly", "level": "debug", "mapping_type": "integer", "resp": {"_id": "0", "_index": "my-index-000001", "_primary_term": 1, "_seq_no": 0, "_shards": {"failed": 0, "successful": 1, "total": 2}, "_version": 1, "forced_refresh": true, "result": "created"}, "runtime_type": "ip_range", "timestamp": 1688401426.24525, "value": "\"192.168.0.0/16\""}
{"event": "Index deleted", "level": "debug", "resp": {"acknowledged": true}, "timestamp": 1688401426.39825}
{"event": "Created index", "level": "debug", "mapping_type": "integer", "resp": {"acknowledged": true, "index": "my-index-000001", "shards_acknowledged": true}, "timestamp": 1688401426.5425339}
{"event": "Trying indexing...", "level": "debug", "mapping_type": "integer", "runtime_type": "date_range", "timestamp": 1688401426.542634, "value": "{\"gte\":\"2015-10-31 12:00:00\",\"lte\": \"2015-11-01\"}"}
{"event": "Failed indexing doc", "level": "error", "mapping_type": "integer", "resp": {"error": {"caused_by": {"reason": "Cannot parse object as number", "type": "illegal_argument_exception"}, "reason": "[1:86] failed to parse field [malformed_field] of type [integer] in document with id '0'. Preview of field's value: '{gte=2015-10-3112:00:00, lte=2015-11-01}'", "root_cause": [{"reason": "[1:86] failed to parse field [malformed_field] of type [integer] in document with id '0'. Preview of field's value: '{gte=2015-10-3112:00:00, lte=2015-11-01}'", "type": "document_parsing_exception"}], "type": "document_parsing_exception"}, "status": 400}, "runtime_type": "date_range", "timestamp": 1688401426.596287, "value": "{\"gte\":\"2015-10-31 12:00:00\",\"lte\": \"2015-11-01\"}"}
{"event": "Index deleted", "level": "debug", "resp": {"acknowledged": true}, "timestamp": 1688401426.783854}
{"event": "Created index", "level": "debug", "mapping_type": "integer", "resp": {"acknowledged": true, "index": "my-index-000001", "shards_acknowledged": true}, "timestamp": 1688401426.9311628}
{"event": "Trying indexing...", "level": "debug", "mapping_type": "integer", "runtime_type": "object", "timestamp": 1688401426.931243, "value": "{\"age\":30,\"name\":{\"first\":\"John\",\"last\":\"Smith\"}}"}
{"event": "Failed indexing doc", "level": "error", "mapping_type": "integer", "resp": {"error": {"caused_by": {"reason": "Cannot parse object as number", "type": "illegal_argument_exception"}, "reason": "[1:88] failed to parse field [malformed_field] of type [integer] in document with id '0'. Preview of field's value: '{name={last=Smith, first=John}, age=30}'", "root_cause": [{"reason": "[1:88] failed to parse field [malformed_field] of type [integer] in document with id '0'. Preview of field's value: '{name={last=Smith, first=John}, age=30}'", "type": "document_parsing_exception"}], "type": "document_parsing_exception"}, "status": 400}, "runtime_type": "object", "timestamp": 1688401426.984416, "value": "{\"age\":30,\"name\":{\"first\":\"John\",\"last\":\"Smith\"}}"}
{"event": "Trying indexing...", "level": "debug", "mapping_type": "integer", "runtime_type": "object", "timestamp": 1688401426.9845052, "value": "{\"age\":30,\"name.first\":\"John\",\"name.last\":\"Smith\"}"}
{"event": "Failed indexing doc", "level": "error", "mapping_type": "integer", "resp": {"error": {"caused_by": {"reason": "Cannot parse object as number", "type": "illegal_argument_exception"}, "reason": "[1:89] failed to parse field [malformed_field] of type [integer] in document with id '1'. Preview of field's value: '{name={last=Smith}, age=30}'", "root_cause": [{"reason": "[1:89] failed to parse field [malformed_field] of type [integer] in document with id '1'. Preview of field's value: '{name={last=Smith}, age=30}'", "type": "document_parsing_exception"}], "type": "document_parsing_exception"}, "status": 400}, "runtime_type": "object", "timestamp": 1688401427.036824, "value": "{\"age\":30,\"name.first\":\"John\",\"name.last\":\"Smith\"}"}
{"event": "New mapping type", "level": "debug", "mapping_type": "date", "timestamp": 1688401427.0991948}
{"event": "Index deleted", "level": "debug", "resp": {"acknowledged": true}, "timestamp": 1688401427.199779}
{"event": "Created index", "level": "debug", "mapping_type": "date", "resp": {"acknowledged": true, "index": "my-index-000001", "shards_acknowledged": true}, "timestamp": 1688401427.348364}
{"event": "Trying indexing...", "level": "debug", "mapping_type": "date", "runtime_type": "integer", "timestamp": 1688401427.3484428, "value": 1}
{"event": "Object indexed correctly", "level": "debug", "mapping_type": "date", "resp": {"_id": "0", "_index": "my-index-000001", "_primary_term": 1, "_seq_no": 0, "_shards": {"failed": 0, "successful": 1, "total": 2}, "_version": 1, "forced_refresh": true, "result": "created"}, "runtime_type": "integer", "timestamp": 1688401427.4407942, "value": 1}
{"event": "Trying indexing...", "level": "debug", "mapping_type": "date", "runtime_type": "integer", "timestamp": 1688401427.44089, "value": -1}
{"event": "Object indexed correctly", "level": "debug", "mapping_type": "date", "resp": {"_id": "1", "_index": "my-index-000001", "_primary_term": 1, "_seq_no": 1, "_shards": {"failed": 0, "successful": 1, "total": 2}, "_version": 1, "forced_refresh": true, "result": "created"}, "runtime_type": "integer", "timestamp": 1688401427.50109, "value": -1}
{"event": "Trying indexing...", "level": "debug", "mapping_type": "date", "runtime_type": "integer", "timestamp": 1688401427.501176, "value": 0}
{"event": "Object indexed correctly", "level": "debug", "mapping_type": "date", "resp": {"_id": "2", "_index": "my-index-000001", "_primary_term": 1, "_seq_no": 2, "_shards": {"failed": 0, "successful": 1, "total": 2}, "_version": 1, "forced_refresh": true, "result": "created"}, "runtime_type": "integer", "timestamp": 1688401427.56158, "value": 0}
{"event": "Index deleted", "level": "debug", "resp": {"acknowledged": true}, "timestamp": 1688401427.722326}
{"event": "Created index", "level": "debug", "mapping_type": "date", "resp": {"acknowledged": true, "index": "my-index-000001", "shards_acknowledged": true}, "timestamp": 1688401427.8564942}
{"event": "Trying indexing...", "level": "debug", "mapping_type": "date", "runtime_type": "date_nanos", "timestamp": 1688401427.856575, "value": 1420070400000}
{"event": "Object indexed correctly", "level": "debug", "mapping_type": "date", "resp": {"_id": "0", "_index": "my-index-000001", "_primary_term": 1, "_seq_no": 0, "_shards": {"failed": 0, "successful": 1, "total": 2}, "_version": 1, "forced_refresh": true, "result": "created"}, "runtime_type": "date_nanos", "timestamp": 1688401427.937343, "value": 1420070400000}
{"event": "Trying indexing...", "level": "debug", "mapping_type": "date", "runtime_type": "date_nanos", "timestamp": 1688401427.937429, "value": "\"2015-01-01T12:10:30.123456789Z\""}
{"event": "Object indexed correctly", "level": "debug", "mapping_type": "date", "resp": {"_id": "1", "_index": "my-index-000001", "_primary_term": 1, "_seq_no": 1, "_shards": {"failed": 0, "successful": 1, "total": 2}, "_version": 1, "forced_refresh": true, "result": "created"}, "runtime_type": "date_nanos", "timestamp": 1688401427.996414, "value": "\"2015-01-01T12:10:30.123456789Z\""}
{"event": "Trying indexing...", "level": "debug", "mapping_type": "date", "runtime_type": "date_nanos", "timestamp": 1688401427.996497, "value": "\"2015-01-01\""}
{"event": "Object indexed correctly", "level": "debug", "mapping_type": "date", "resp": {"_id": "2", "_index": "my-index-000001", "_primary_term": 1, "_seq_no": 2, "_shards": {"failed": 0, "successful": 1, "total": 2}, "_version": 1, "forced_refresh": true, "result": "created"}, "runtime_type": "date_nanos", "timestamp": 1688401428.055417, "value": "\"2015-01-01\""}
{"event": "Index deleted", "level": "debug", "resp": {"acknowledged": true}, "timestamp": 1688401428.215415}
{"event": "Created index", "level": "debug", "mapping_type": "date", "resp": {"acknowledged": true, "index": "my-index-000001", "shards_acknowledged": true}, "timestamp": 1688401428.34329}
{"event": "Trying indexing...", "level": "debug", "mapping_type": "date", "runtime_type": "ip", "timestamp": 1688401428.343371, "value": "\"192.168.1.1\""}
{"event": "Object indexed correctly", "level": "debug", "mapping_type": "date", "resp": {"_id": "0", "_index": "my-index-000001", "_primary_term": 1, "_seq_no": 0, "_shards": {"failed": 0, "successful": 1, "total": 2}, "_version": 1, "forced_refresh": true, "result": "created"}, "runtime_type": "ip", "timestamp": 1688401428.429951, "value": "\"192.168.1.1\""}
{"event": "Trying indexing...", "level": "debug", "mapping_type": "date", "runtime_type": "ip", "timestamp": 1688401428.430038, "value": "\"192.168.0.0/16\""}
{"event": "Object indexed correctly", "level": "debug", "mapping_type": "date", "resp": {"_id": "1", "_index": "my-index-000001", "_primary_term": 1, "_seq_no": 1, "_shards": {"failed": 0, "successful": 1, "total": 2}, "_version": 1, "forced_refresh": true, "result": "created"}, "runtime_type": "ip", "timestamp": 1688401428.489863, "value": "\"192.168.0.0/16\""}
{"event": "Trying indexing...", "level": "debug", "mapping_type": "date", "runtime_type": "ip", "timestamp": 1688401428.489951, "value": "\"2001:db8::/48\""}
{"event": "Object indexed correctly", "level": "debug", "mapping_type": "date", "resp": {"_id": "2", "_index": "my-index-000001", "_primary_term": 1, "_seq_no": 2, "_shards": {"failed": 0, "successful": 1, "total": 2}, "_version": 1, "forced_refresh": true, "result": "created"}, "runtime_type": "ip", "timestamp": 1688401428.549106, "value": "\"2001:db8::/48\""}
{"event": "Trying indexing...", "level": "debug", "mapping_type": "date", "runtime_type": "ip", "timestamp": 1688401428.5491982, "value": "\"2001:db8::1:0:0:1\""}
{"event": "Object indexed correctly", "level": "debug", "mapping_type": "date", "resp": {"_id": "3", "_index": "my-index-000001", "_primary_term": 1, "_seq_no": 3, "_shards": {"failed": 0, "successful": 1, "total": 2}, "_version": 1, "forced_refresh": true, "result": "created"}, "runtime_type": "ip", "timestamp": 1688401428.613195, "value": "\"2001:db8::1:0:0:1\""}
{"event": "Index deleted", "level": "debug", "resp": {"acknowledged": true}, "timestamp": 1688401428.756334}
{"event": "Created index", "level": "debug", "mapping_type": "date", "resp": {"acknowledged": true, "index": "my-index-000001", "shards_acknowledged": true}, "timestamp": 1688401428.885886}
{"event": "Trying indexing...", "level": "debug", "mapping_type": "date", "runtime_type": "ip_range", "timestamp": 1688401428.885965, "value": "\"192.168.0.0/16\""}
{"event": "Object indexed correctly", "level": "debug", "mapping_type": "date", "resp": {"_id": "0", "_index": "my-index-000001", "_primary_term": 1, "_seq_no": 0, "_shards": {"failed": 0, "successful": 1, "total": 2}, "_version": 1, "forced_refresh": true, "result": "created"}, "runtime_type": "ip_range", "timestamp": 1688401428.966411, "value": "\"192.168.0.0/16\""}
{"event": "Index deleted", "level": "debug", "resp": {"acknowledged": true}, "timestamp": 1688401429.115486}
{"event": "Created index", "level": "debug", "mapping_type": "date", "resp": {"acknowledged": true, "index": "my-index-000001", "shards_acknowledged": true}, "timestamp": 1688401429.259352}
{"event": "Trying indexing...", "level": "debug", "mapping_type": "date", "runtime_type": "date_range", "timestamp": 1688401429.259435, "value": "{\"gte\":\"2015-10-31 12:00:00\",\"lte\": \"2015-11-01\"}"}
{"event": "Failed indexing doc", "level": "error", "mapping_type": "date", "resp": {"error": {"caused_by": {"reason": "Can't get text on a START_OBJECT at 1:40", "type": "illegal_state_exception"}, "reason": "[1:86] failed to parse field [malformed_field] of type [date] in document with id '0'. Preview of field's value: '{gte=2015-10-3112:00:00, lte=2015-11-01}'", "root_cause": [{"reason": "[1:86] failed to parse field [malformed_field] of type [date] in document with id '0'. Preview of field's value: '{gte=2015-10-3112:00:00, lte=2015-11-01}'", "type": "document_parsing_exception"}], "type": "document_parsing_exception"}, "status": 400}, "runtime_type": "date_range", "timestamp": 1688401429.312425, "value": "{\"gte\":\"2015-10-31 12:00:00\",\"lte\": \"2015-11-01\"}"}
{"event": "Index deleted", "level": "debug", "resp": {"acknowledged": true}, "timestamp": 1688401429.459444}
{"event": "Created index", "level": "debug", "mapping_type": "date", "resp": {"acknowledged": true, "index": "my-index-000001", "shards_acknowledged": true}, "timestamp": 1688401429.587778}
{"event": "Trying indexing...", "level": "debug", "mapping_type": "date", "runtime_type": "object", "timestamp": 1688401429.587857, "value": "{\"age\":30,\"name\":{\"first\":\"John\",\"last\":\"Smith\"}}"}
{"event": "Failed indexing doc", "level": "error", "mapping_type": "date", "resp": {"error": {"caused_by": {"reason": "Can't get text on a START_OBJECT at 1:40", "type": "illegal_state_exception"}, "reason": "[1:88] failed to parse field [malformed_field] of type [date] in document with id '0'. Preview of field's value: '{name={last=Smith, first=John}, age=30}'", "root_cause": [{"reason": "[1:88] failed to parse field [malformed_field] of type [date] in document with id '0'. Preview of field's value: '{name={last=Smith, first=John}, age=30}'", "type": "document_parsing_exception"}], "type": "document_parsing_exception"}, "status": 400}, "runtime_type": "object", "timestamp": 1688401429.640088, "value": "{\"age\":30,\"name\":{\"first\":\"John\",\"last\":\"Smith\"}}"}
{"event": "Trying indexing...", "level": "debug", "mapping_type": "date", "runtime_type": "object", "timestamp": 1688401429.640179, "value": "{\"age\":30,\"name.first\":\"John\",\"name.last\":\"Smith\"}"}
{"event": "Failed indexing doc", "level": "error", "mapping_type": "date", "resp": {"error": {"caused_by": {"reason": "Can't get text on a START_OBJECT at 1:40", "type": "illegal_state_exception"}, "reason": "[1:89] failed to parse field [malformed_field] of type [date] in document with id '1'. Preview of field's value: '{name={last=Smith}, age=30}'", "root_cause": [{"reason": "[1:89] failed to parse field [malformed_field] of type [date] in document with id '1'. Preview of field's value: '{name={last=Smith}, age=30}'", "type": "document_parsing_exception"}], "type": "document_parsing_exception"}, "status": 400}, "runtime_type": "object", "timestamp": 1688401429.691613, "value": "{\"age\":30,\"name.first\":\"John\",\"name.last\":\"Smith\"}"}
{"event": "New mapping type", "level": "debug", "mapping_type": "date_nanos", "timestamp": 1688401429.753699}
{"event": "Index deleted", "level": "debug", "resp": {"acknowledged": true}, "timestamp": 1688401429.84597}
{"event": "Created index", "level": "debug", "mapping_type": "date_nanos", "resp": {"acknowledged": true, "index": "my-index-000001", "shards_acknowledged": true}, "timestamp": 1688401429.978657}
{"event": "Trying indexing...", "level": "debug", "mapping_type": "date_nanos", "runtime_type": "integer", "timestamp": 1688401429.9787362, "value": 1}
{"event": "Object indexed correctly", "level": "debug", "mapping_type": "date_nanos", "resp": {"_id": "0", "_index": "my-index-000001", "_primary_term": 1, "_seq_no": 0, "_shards": {"failed": 0, "successful": 1, "total": 2}, "_version": 1, "forced_refresh": true, "result": "created"}, "runtime_type": "integer", "timestamp": 1688401430.065268, "value": 1}
{"event": "Trying indexing...", "level": "debug", "mapping_type": "date_nanos", "runtime_type": "integer", "timestamp": 1688401430.065356, "value": -1}
{"event": "Object indexed correctly", "level": "debug", "mapping_type": "date_nanos", "resp": {"_id": "1", "_index": "my-index-000001", "_primary_term": 1, "_seq_no": 1, "_shards": {"failed": 0, "successful": 1, "total": 2}, "_version": 1, "forced_refresh": true, "result": "created"}, "runtime_type": "integer", "timestamp": 1688401430.1251562, "value": -1}
{"event": "Trying indexing...", "level": "debug", "mapping_type": "date_nanos", "runtime_type": "integer", "timestamp": 1688401430.125247, "value": 0}
{"event": "Object indexed correctly", "level": "debug", "mapping_type": "date_nanos", "resp": {"_id": "2", "_index": "my-index-000001", "_primary_term": 1, "_seq_no": 2, "_shards": {"failed": 0, "successful": 1, "total": 2}, "_version": 1, "forced_refresh": true, "result": "created"}, "runtime_type": "integer", "timestamp": 1688401430.184583, "value": 0}
{"event": "Index deleted", "level": "debug", "resp": {"acknowledged": true}, "timestamp": 1688401430.332176}
{"event": "Created index", "level": "debug", "mapping_type": "date_nanos", "resp": {"acknowledged": true, "index": "my-index-000001", "shards_acknowledged": true}, "timestamp": 1688401430.459444}
{"event": "Trying indexing...", "level": "debug", "mapping_type": "date_nanos", "runtime_type": "date", "timestamp": 1688401430.4595258, "value": 1420070400001}
{"event": "Object indexed correctly", "level": "debug", "mapping_type": "date_nanos", "resp": {"_id": "0", "_index": "my-index-000001", "_primary_term": 1, "_seq_no": 0, "_shards": {"failed": 0, "successful": 1, "total": 2}, "_version": 1, "forced_refresh": true, "result": "created"}, "runtime_type": "date", "timestamp": 1688401430.542159, "value": 1420070400001}
{"event": "Trying indexing...", "level": "debug", "mapping_type": "date_nanos", "runtime_type": "date", "timestamp": 1688401430.5422468, "value": "\"2015-01-01T12:10:30Z\""}
{"event": "Object indexed correctly", "level": "debug", "mapping_type": "date_nanos", "resp": {"_id": "1", "_index": "my-index-000001", "_primary_term": 1, "_seq_no": 1, "_shards": {"failed": 0, "successful": 1, "total": 2}, "_version": 1, "forced_refresh": true, "result": "created"}, "runtime_type": "date", "timestamp": 1688401430.601158, "value": "\"2015-01-01T12:10:30Z\""}
{"event": "Trying indexing...", "level": "debug", "mapping_type": "date_nanos", "runtime_type": "date", "timestamp": 1688401430.601242, "value": "\"2015-01-01\""}
{"event": "Object indexed correctly", "level": "debug", "mapping_type": "date_nanos", "resp": {"_id": "2", "_index": "my-index-000001", "_primary_term": 1, "_seq_no": 2, "_shards": {"failed": 0, "successful": 1, "total": 2}, "_version": 1, "forced_refresh": true, "result": "created"}, "runtime_type": "date", "timestamp": 1688401430.6607292, "value": "\"2015-01-01\""}
{"event": "Index deleted", "level": "debug", "resp": {"acknowledged": true}, "timestamp": 1688401430.807272}
{"event": "Created index", "level": "debug", "mapping_type": "date_nanos", "resp": {"acknowledged": true, "index": "my-index-000001", "shards_acknowledged": true}, "timestamp": 1688401430.9305642}
{"event": "Trying indexing...", "level": "debug", "mapping_type": "date_nanos", "runtime_type": "ip", "timestamp": 1688401430.9306471, "value": "\"192.168.1.1\""}
{"event": "Object indexed correctly", "level": "debug", "mapping_type": "date_nanos", "resp": {"_id": "0", "_index": "my-index-000001", "_primary_term": 1, "_seq_no": 0, "_shards": {"failed": 0, "successful": 1, "total": 2}, "_version": 1, "forced_refresh": true, "result": "created"}, "runtime_type": "ip", "timestamp": 1688401431.015131, "value": "\"192.168.1.1\""}
{"event": "Trying indexing...", "level": "debug", "mapping_type": "date_nanos", "runtime_type": "ip", "timestamp": 1688401431.015219, "value": "\"192.168.0.0/16\""}
{"event": "Object indexed correctly", "level": "debug", "mapping_type": "date_nanos", "resp": {"_id": "1", "_index": "my-index-000001", "_primary_term": 1, "_seq_no": 1, "_shards": {"failed": 0, "successful": 1, "total": 2}, "_version": 1, "forced_refresh": true, "result": "created"}, "runtime_type": "ip", "timestamp": 1688401431.074265, "value": "\"192.168.0.0/16\""}
{"event": "Trying indexing...", "level": "debug", "mapping_type": "date_nanos", "runtime_type": "ip", "timestamp": 1688401431.074353, "value": "\"2001:db8::/48\""}
{"event": "Object indexed correctly", "level": "debug", "mapping_type": "date_nanos", "resp": {"_id": "2", "_index": "my-index-000001", "_primary_term": 1, "_seq_no": 2, "_shards": {"failed": 0, "successful": 1, "total": 2}, "_version": 1, "forced_refresh": true, "result": "created"}, "runtime_type": "ip", "timestamp": 1688401431.132233, "value": "\"2001:db8::/48\""}
{"event": "Trying indexing...", "level": "debug", "mapping_type": "date_nanos", "runtime_type": "ip", "timestamp": 1688401431.132344, "value": "\"2001:db8::1:0:0:1\""}
{"event": "Object indexed correctly", "level": "debug", "mapping_type": "date_nanos", "resp": {"_id": "3", "_index": "my-index-000001", "_primary_term": 1, "_seq_no": 3, "_shards": {"failed": 0, "successful": 1, "total": 2}, "_version": 1, "forced_refresh": true, "result": "created"}, "runtime_type": "ip", "timestamp": 1688401431.1965382, "value": "\"2001:db8::1:0:0:1\""}
{"event": "Index deleted", "level": "debug", "resp": {"acknowledged": true}, "timestamp": 1688401431.344494}
{"event": "Created index", "level": "debug", "mapping_type": "date_nanos", "resp": {"acknowledged": true, "index": "my-index-000001", "shards_acknowledged": true}, "timestamp": 1688401431.469686}
{"event": "Trying indexing...", "level": "debug", "mapping_type": "date_nanos", "runtime_type": "ip_range", "timestamp": 1688401431.4697652, "value": "\"192.168.0.0/16\""}
{"event": "Object indexed correctly", "level": "debug", "mapping_type": "date_nanos", "resp": {"_id": "0", "_index": "my-index-000001", "_primary_term": 1, "_seq_no": 0, "_shards": {"failed": 0, "successful": 1, "total": 2}, "_version": 1, "forced_refresh": true, "result": "created"}, "runtime_type": "ip_range", "timestamp": 1688401431.5517461, "value": "\"192.168.0.0/16\""}
{"event": "Index deleted", "level": "debug", "resp": {"acknowledged": true}, "timestamp": 1688401431.7002418}
{"event": "Created index", "level": "debug", "mapping_type": "date_nanos", "resp": {"acknowledged": true, "index": "my-index-000001", "shards_acknowledged": true}, "timestamp": 1688401431.828646}
{"event": "Trying indexing...", "level": "debug", "mapping_type": "date_nanos", "runtime_type": "date_range", "timestamp": 1688401431.828727, "value": "{\"gte\":\"2015-10-31 12:00:00\",\"lte\": \"2015-11-01\"}"}
{"event": "Failed indexing doc", "level": "error", "mapping_type": "date_nanos", "resp": {"error": {"caused_by": {"reason": "Can't get text on a START_OBJECT at 1:40", "type": "illegal_state_exception"}, "reason": "[1:86] failed to parse field [malformed_field] of type [date_nanos] in document with id '0'. Preview of field's value: '{gte=2015-10-3112:00:00, lte=2015-11-01}'", "root_cause": [{"reason": "[1:86] failed to parse field [malformed_field] of type [date_nanos] in document with id '0'. Preview of field's value: '{gte=2015-10-3112:00:00, lte=2015-11-01}'", "type": "document_parsing_exception"}], "type": "document_parsing_exception"}, "status": 400}, "runtime_type": "date_range", "timestamp": 1688401431.882057, "value": "{\"gte\":\"2015-10-31 12:00:00\",\"lte\": \"2015-11-01\"}"}
{"event": "Index deleted", "level": "debug", "resp": {"acknowledged": true}, "timestamp": 1688401432.0310369}
{"event": "Created index", "level": "debug", "mapping_type": "date_nanos", "resp": {"acknowledged": true, "index": "my-index-000001", "shards_acknowledged": true}, "timestamp": 1688401432.1543949}
{"event": "Trying indexing...", "level": "debug", "mapping_type": "date_nanos", "runtime_type": "object", "timestamp": 1688401432.154471, "value": "{\"age\":30,\"name\":{\"first\":\"John\",\"last\":\"Smith\"}}"}
{"event": "Failed indexing doc", "level": "error", "mapping_type": "date_nanos", "resp": {"error": {"caused_by": {"reason": "Can't get text on a START_OBJECT at 1:40", "type": "illegal_state_exception"}, "reason": "[1:88] failed to parse field [malformed_field] of type [date_nanos] in document with id '0'. Preview of field's value: '{name={last=Smith, first=John}, age=30}'", "root_cause": [{"reason": "[1:88] failed to parse field [malformed_field] of type [date_nanos] in document with id '0'. Preview of field's value: '{name={last=Smith, first=John}, age=30}'", "type": "document_parsing_exception"}], "type": "document_parsing_exception"}, "status": 400}, "runtime_type": "object", "timestamp": 1688401432.2071428, "value": "{\"age\":30,\"name\":{\"first\":\"John\",\"last\":\"Smith\"}}"}
{"event": "Trying indexing...", "level": "debug", "mapping_type": "date_nanos", "runtime_type": "object", "timestamp": 1688401432.2072299, "value": "{\"age\":30,\"name.first\":\"John\",\"name.last\":\"Smith\"}"}
{"event": "Failed indexing doc", "level": "error", "mapping_type": "date_nanos", "resp": {"error": {"caused_by": {"reason": "Can't get text on a START_OBJECT at 1:40", "type": "illegal_state_exception"}, "reason": "[1:89] failed to parse field [malformed_field] of type [date_nanos] in document with id '1'. Preview of field's value: '{name={last=Smith}, age=30}'", "root_cause": [{"reason": "[1:89] failed to parse field [malformed_field] of type [date_nanos] in document with id '1'. Preview of field's value: '{name={last=Smith}, age=30}'", "type": "document_parsing_exception"}], "type": "document_parsing_exception"}, "status": 400}, "runtime_type": "object", "timestamp": 1688401432.258592, "value": "{\"age\":30,\"name.first\":\"John\",\"name.last\":\"Smith\"}"}
{"event": "New mapping type", "level": "debug", "mapping_type": "ip", "timestamp": 1688401432.3197062}
{"event": "Index deleted", "level": "debug", "resp": {"acknowledged": true}, "timestamp": 1688401432.406771}
{"event": "Created index", "level": "debug", "mapping_type": "ip", "resp": {"acknowledged": true, "index": "my-index-000001", "shards_acknowledged": true}, "timestamp": 1688401432.531751}
{"event": "Trying indexing...", "level": "debug", "mapping_type": "ip", "runtime_type": "integer", "timestamp": 1688401432.531832, "value": 1}
{"event": "Object indexed correctly", "level": "debug", "mapping_type": "ip", "resp": {"_id": "0", "_index": "my-index-000001", "_primary_term": 1, "_seq_no": 0, "_shards": {"failed": 0, "successful": 1, "total": 2}, "_version": 1, "forced_refresh": true, "result": "created"}, "runtime_type": "integer", "timestamp": 1688401432.6129768, "value": 1}
{"event": "Trying indexing...", "level": "debug", "mapping_type": "ip", "runtime_type": "integer", "timestamp": 1688401432.61306, "value": -1}
{"event": "Object indexed correctly", "level": "debug", "mapping_type": "ip", "resp": {"_id": "1", "_index": "my-index-000001", "_primary_term": 1, "_seq_no": 1, "_shards": {"failed": 0, "successful": 1, "total": 2}, "_version": 1, "forced_refresh": true, "result": "created"}, "runtime_type": "integer", "timestamp": 1688401432.671649, "value": -1}
{"event": "Trying indexing...", "level": "debug", "mapping_type": "ip", "runtime_type": "integer", "timestamp": 1688401432.671734, "value": 0}
{"event": "Object indexed correctly", "level": "debug", "mapping_type": "ip", "resp": {"_id": "2", "_index": "my-index-000001", "_primary_term": 1, "_seq_no": 2, "_shards": {"failed": 0, "successful": 1, "total": 2}, "_version": 1, "forced_refresh": true, "result": "created"}, "runtime_type": "integer", "timestamp": 1688401432.730693, "value": 0}
{"event": "Index deleted", "level": "debug", "resp": {"acknowledged": true}, "timestamp": 1688401432.879101}
{"event": "Created index", "level": "debug", "mapping_type": "ip", "resp": {"acknowledged": true, "index": "my-index-000001", "shards_acknowledged": true}, "timestamp": 1688401433.004191}
{"event": "Trying indexing...", "level": "debug", "mapping_type": "ip", "runtime_type": "date", "timestamp": 1688401433.0042691, "value": 1420070400001}
{"event": "Object indexed correctly", "level": "debug", "mapping_type": "ip", "resp": {"_id": "0", "_index": "my-index-000001", "_primary_term": 1, "_seq_no": 0, "_shards": {"failed": 0, "successful": 1, "total": 2}, "_version": 1, "forced_refresh": true, "result": "created"}, "runtime_type": "date", "timestamp": 1688401433.084799, "value": 1420070400001}
{"event": "Trying indexing...", "level": "debug", "mapping_type": "ip", "runtime_type": "date", "timestamp": 1688401433.084883, "value": "\"2015-01-01T12:10:30Z\""}
{"event": "Object indexed correctly", "level": "debug", "mapping_type": "ip", "resp": {"_id": "1", "_index": "my-index-000001", "_primary_term": 1, "_seq_no": 1, "_shards": {"failed": 0, "successful": 1, "total": 2}, "_version": 1, "forced_refresh": true, "result": "created"}, "runtime_type": "date", "timestamp": 1688401433.1429949, "value": "\"2015-01-01T12:10:30Z\""}
{"event": "Trying indexing...", "level": "debug", "mapping_type": "ip", "runtime_type": "date", "timestamp": 1688401433.143083, "value": "\"2015-01-01\""}
{"event": "Object indexed correctly", "level": "debug", "mapping_type": "ip", "resp": {"_id": "2", "_index": "my-index-000001", "_primary_term": 1, "_seq_no": 2, "_shards": {"failed": 0, "successful": 1, "total": 2}, "_version": 1, "forced_refresh": true, "result": "created"}, "runtime_type": "date", "timestamp": 1688401433.203278, "value": "\"2015-01-01\""}
{"event": "Index deleted", "level": "debug", "resp": {"acknowledged": true}, "timestamp": 1688401433.353944}
{"event": "Created index", "level": "debug", "mapping_type": "ip", "resp": {"acknowledged": true, "index": "my-index-000001", "shards_acknowledged": true}, "timestamp": 1688401433.478412}
{"event": "Trying indexing...", "level": "debug", "mapping_type": "ip", "runtime_type": "date_nanos", "timestamp": 1688401433.4784908, "value": 1420070400000}
{"event": "Object indexed correctly", "level": "debug", "mapping_type": "ip", "resp": {"_id": "0", "_index": "my-index-000001", "_primary_term": 1, "_seq_no": 0, "_shards": {"failed": 0, "successful": 1, "total": 2}, "_version": 1, "forced_refresh": true, "result": "created"}, "runtime_type": "date_nanos", "timestamp": 1688401433.559885, "value": 1420070400000}
{"event": "Trying indexing...", "level": "debug", "mapping_type": "ip", "runtime_type": "date_nanos", "timestamp": 1688401433.559972, "value": "\"2015-01-01T12:10:30.123456789Z\""}
{"event": "Object indexed correctly", "level": "debug", "mapping_type": "ip", "resp": {"_id": "1", "_index": "my-index-000001", "_primary_term": 1, "_seq_no": 1, "_shards": {"failed": 0, "successful": 1, "total": 2}, "_version": 1, "forced_refresh": true, "result": "created"}, "runtime_type": "date_nanos", "timestamp": 1688401433.619682, "value": "\"2015-01-01T12:10:30.123456789Z\""}
{"event": "Trying indexing...", "level": "debug", "mapping_type": "ip", "runtime_type": "date_nanos", "timestamp": 1688401433.619766, "value": "\"2015-01-01\""}
{"event": "Object indexed correctly", "level": "debug", "mapping_type": "ip", "resp": {"_id": "2", "_index": "my-index-000001", "_primary_term": 1, "_seq_no": 2, "_shards": {"failed": 0, "successful": 1, "total": 2}, "_version": 1, "forced_refresh": true, "result": "created"}, "runtime_type": "date_nanos", "timestamp": 1688401433.6776278, "value": "\"2015-01-01\""}
{"event": "Index deleted", "level": "debug", "resp": {"acknowledged": true}, "timestamp": 1688401433.8254101}
{"event": "Created index", "level": "debug", "mapping_type": "ip", "resp": {"acknowledged": true, "index": "my-index-000001", "shards_acknowledged": true}, "timestamp": 1688401433.9549482}
{"event": "Trying indexing...", "level": "debug", "mapping_type": "ip", "runtime_type": "ip_range", "timestamp": 1688401433.955026, "value": "\"192.168.0.0/16\""}
{"event": "Object indexed correctly", "level": "debug", "mapping_type": "ip", "resp": {"_id": "0", "_index": "my-index-000001", "_primary_term": 1, "_seq_no": 0, "_shards": {"failed": 0, "successful": 1, "total": 2}, "_version": 1, "forced_refresh": true, "result": "created"}, "runtime_type": "ip_range", "timestamp": 1688401434.036352, "value": "\"192.168.0.0/16\""}
{"event": "Index deleted", "level": "debug", "resp": {"acknowledged": true}, "timestamp": 1688401434.180077}
{"event": "Created index", "level": "debug", "mapping_type": "ip", "resp": {"acknowledged": true, "index": "my-index-000001", "shards_acknowledged": true}, "timestamp": 1688401434.310107}
{"event": "Trying indexing...", "level": "debug", "mapping_type": "ip", "runtime_type": "date_range", "timestamp": 1688401434.310185, "value": "{\"gte\":\"2015-10-31 12:00:00\",\"lte\": \"2015-11-01\"}"}
{"event": "Failed indexing doc", "level": "error", "mapping_type": "ip", "resp": {"error": {"caused_by": {"reason": "Can't get text on a START_OBJECT at 1:40", "type": "illegal_state_exception"}, "reason": "[1:86] failed to parse field [malformed_field] of type [ip] in document with id '0'. Preview of field's value: '{gte=2015-10-3112:00:00, lte=2015-11-01}'", "root_cause": [{"reason": "[1:86] failed to parse field [malformed_field] of type [ip] in document with id '0'. Preview of field's value: '{gte=2015-10-3112:00:00, lte=2015-11-01}'", "type": "document_parsing_exception"}], "type": "document_parsing_exception"}, "status": 400}, "runtime_type": "date_range", "timestamp": 1688401434.363384, "value": "{\"gte\":\"2015-10-31 12:00:00\",\"lte\": \"2015-11-01\"}"}
{"event": "Index deleted", "level": "debug", "resp": {"acknowledged": true}, "timestamp": 1688401434.508617}
{"event": "Created index", "level": "debug", "mapping_type": "ip", "resp": {"acknowledged": true, "index": "my-index-000001", "shards_acknowledged": true}, "timestamp": 1688401434.631646}
{"event": "Trying indexing...", "level": "debug", "mapping_type": "ip", "runtime_type": "object", "timestamp": 1688401434.631725, "value": "{\"age\":30,\"name\":{\"first\":\"John\",\"last\":\"Smith\"}}"}
{"event": "Failed indexing doc", "level": "error", "mapping_type": "ip", "resp": {"error": {"caused_by": {"reason": "Can't get text on a START_OBJECT at 1:40", "type": "illegal_state_exception"}, "reason": "[1:88] failed to parse field [malformed_field] of type [ip] in document with id '0'. Preview of field's value: '{name={last=Smith, first=John}, age=30}'", "root_cause": [{"reason": "[1:88] failed to parse field [malformed_field] of type [ip] in document with id '0'. Preview of field's value: '{name={last=Smith, first=John}, age=30}'", "type": "document_parsing_exception"}], "type": "document_parsing_exception"}, "status": 400}, "runtime_type": "object", "timestamp": 1688401434.683535, "value": "{\"age\":30,\"name\":{\"first\":\"John\",\"last\":\"Smith\"}}"}
{"event": "Trying indexing...", "level": "debug", "mapping_type": "ip", "runtime_type": "object", "timestamp": 1688401434.683626, "value": "{\"age\":30,\"name.first\":\"John\",\"name.last\":\"Smith\"}"}
{"event": "Failed indexing doc", "level": "error", "mapping_type": "ip", "resp": {"error": {"caused_by": {"reason": "Can't get text on a START_OBJECT at 1:40", "type": "illegal_state_exception"}, "reason": "[1:89] failed to parse field [malformed_field] of type [ip] in document with id '1'. Preview of field's value: '{name={last=Smith}, age=30}'", "root_cause": [{"reason": "[1:89] failed to parse field [malformed_field] of type [ip] in document with id '1'. Preview of field's value: '{name={last=Smith}, age=30}'", "type": "document_parsing_exception"}], "type": "document_parsing_exception"}, "status": 400}, "runtime_type": "object", "timestamp": 1688401434.735242, "value": "{\"age\":30,\"name.first\":\"John\",\"name.last\":\"Smith\"}"}
{"event": "New mapping type", "level": "debug", "mapping_type": "ip_range", "timestamp": 1688401434.79626}
{"event": "Index deleted", "level": "debug", "resp": {"acknowledged": true}, "timestamp": 1688401434.883444}
{"event": "Created index", "level": "debug", "mapping_type": "ip_range", "resp": {"acknowledged": true, "index": "my-index-000001", "shards_acknowledged": true}, "timestamp": 1688401435.009656}
{"event": "Trying indexing...", "level": "debug", "mapping_type": "ip_range", "runtime_type": "integer", "timestamp": 1688401435.0097349, "value": 1}
{"event": "Failed indexing doc", "level": "error", "mapping_type": "ip_range", "resp": {"error": {"caused_by": {"reason": "[1:40] error parsing field [malformed_field], expected an object but got malformed_field", "type": "document_parsing_exception"}, "reason": "[1:40] failed to parse field [malformed_field] of type [ip_range] in document with id '0'. Preview of field's value: '1'", "root_cause": [{"reason": "[1:40] error parsing field [malformed_field], expected an object but got malformed_field", "type": "document_parsing_exception"}], "type": "document_parsing_exception"}, "status": 400}, "runtime_type": "integer", "timestamp": 1688401435.0632498, "value": 1}
{"event": "Trying indexing...", "level": "debug", "mapping_type": "ip_range", "runtime_type": "integer", "timestamp": 1688401435.063338, "value": -1}
{"event": "Failed indexing doc", "level": "error", "mapping_type": "ip_range", "resp": {"error": {"caused_by": {"reason": "[1:40] error parsing field [malformed_field], expected an object but got malformed_field", "type": "document_parsing_exception"}, "reason": "[1:40] failed to parse field [malformed_field] of type [ip_range] in document with id '1'. Preview of field's value: '-1'", "root_cause": [{"reason": "[1:40] error parsing field [malformed_field], expected an object but got malformed_field", "type": "document_parsing_exception"}], "type": "document_parsing_exception"}, "status": 400}, "runtime_type": "integer", "timestamp": 1688401435.1156712, "value": -1}
{"event": "Trying indexing...", "level": "debug", "mapping_type": "ip_range", "runtime_type": "integer", "timestamp": 1688401435.1157608, "value": 0}
{"event": "Failed indexing doc", "level": "error", "mapping_type": "ip_range", "resp": {"error": {"caused_by": {"reason": "[1:40] error parsing field [malformed_field], expected an object but got malformed_field", "type": "document_parsing_exception"}, "reason": "[1:40] failed to parse field [malformed_field] of type [ip_range] in document with id '2'. Preview of field's value: '0'", "root_cause": [{"reason": "[1:40] error parsing field [malformed_field], expected an object but got malformed_field", "type": "document_parsing_exception"}], "type": "document_parsing_exception"}, "status": 400}, "runtime_type": "integer", "timestamp": 1688401435.168283, "value": 0}
{"event": "Index deleted", "level": "debug", "resp": {"acknowledged": true}, "timestamp": 1688401435.3156438}
{"event": "Created index", "level": "debug", "mapping_type": "ip_range", "resp": {"acknowledged": true, "index": "my-index-000001", "shards_acknowledged": true}, "timestamp": 1688401435.434922}
{"event": "Trying indexing...", "level": "debug", "mapping_type": "ip_range", "runtime_type": "date", "timestamp": 1688401435.4350028, "value": 1420070400001}
{"event": "Failed indexing doc", "level": "error", "mapping_type": "ip_range", "resp": {"error": {"caused_by": {"reason": "[1:40] error parsing field [malformed_field], expected an object but got malformed_field", "type": "document_parsing_exception"}, "reason": "[1:40] failed to parse field [malformed_field] of type [ip_range] in document with id '0'. Preview of field's value: '1420070400001'", "root_cause": [{"reason": "[1:40] error parsing field [malformed_field], expected an object but got malformed_field", "type": "document_parsing_exception"}], "type": "document_parsing_exception"}, "status": 400}, "runtime_type": "date", "timestamp": 1688401435.486572, "value": 1420070400001}
{"event": "Trying indexing...", "level": "debug", "mapping_type": "ip_range", "runtime_type": "date", "timestamp": 1688401435.4866571, "value": "\"2015-01-01T12:10:30Z\""}
{"event": "Failed indexing doc", "level": "error", "mapping_type": "ip_range", "resp": {"error": {"caused_by": {"reason": "Expected [ip/prefix] but was [2015-01-01T12:10:30Z]", "type": "illegal_argument_exception"}, "reason": "[1:40] failed to parse field [malformed_field] of type [ip_range] in document with id '1'. Preview of field's value: '2015-01-01T12:10:30Z'", "root_cause": [{"reason": "[1:40] failed to parse field [malformed_field] of type [ip_range] in document with id '1'. Preview of field's value: '2015-01-01T12:10:30Z'", "type": "document_parsing_exception"}], "type": "document_parsing_exception"}, "status": 400}, "runtime_type": "date", "timestamp": 1688401435.538966, "value": "\"2015-01-01T12:10:30Z\""}
{"event": "Trying indexing...", "level": "debug", "mapping_type": "ip_range", "runtime_type": "date", "timestamp": 1688401435.5390542, "value": "\"2015-01-01\""}
{"event": "Failed indexing doc", "level": "error", "mapping_type": "ip_range", "resp": {"error": {"caused_by": {"reason": "Expected [ip/prefix] but was [2015-01-01]", "type": "illegal_argument_exception"}, "reason": "[1:40] failed to parse field [malformed_field] of type [ip_range] in document with id '2'. Preview of field's value: '2015-01-01'", "root_cause": [{"reason": "[1:40] failed to parse field [malformed_field] of type [ip_range] in document with id '2'. Preview of field's value: '2015-01-01'", "type": "document_parsing_exception"}], "type": "document_parsing_exception"}, "status": 400}, "runtime_type": "date", "timestamp": 1688401435.5916018, "value": "\"2015-01-01\""}
{"event": "Index deleted", "level": "debug", "resp": {"acknowledged": true}, "timestamp": 1688401435.756348}
{"event": "Created index", "level": "debug", "mapping_type": "ip_range", "resp": {"acknowledged": true, "index": "my-index-000001", "shards_acknowledged": true}, "timestamp": 1688401435.891627}
{"event": "Trying indexing...", "level": "debug", "mapping_type": "ip_range", "runtime_type": "date_nanos", "timestamp": 1688401435.891707, "value": 1420070400000}
{"event": "Failed indexing doc", "level": "error", "mapping_type": "ip_range", "resp": {"error": {"caused_by": {"reason": "[1:40] error parsing field [malformed_field], expected an object but got malformed_field", "type": "document_parsing_exception"}, "reason": "[1:40] failed to parse field [malformed_field] of type [ip_range] in document with id '0'. Preview of field's value: '1420070400000'", "root_cause": [{"reason": "[1:40] error parsing field [malformed_field], expected an object but got malformed_field", "type": "document_parsing_exception"}], "type": "document_parsing_exception"}, "status": 400}, "runtime_type": "date_nanos", "timestamp": 1688401435.944753, "value": 1420070400000}
{"event": "Trying indexing...", "level": "debug", "mapping_type": "ip_range", "runtime_type": "date_nanos", "timestamp": 1688401435.944844, "value": "\"2015-01-01T12:10:30.123456789Z\""}
{"event": "Failed indexing doc", "level": "error", "mapping_type": "ip_range", "resp": {"error": {"caused_by": {"reason": "Expected [ip/prefix] but was [2015-01-01T12:10:30.123456789Z]", "type": "illegal_argument_exception"}, "reason": "[1:40] failed to parse field [malformed_field] of type [ip_range] in document with id '1'. Preview of field's value: '2015-01-01T12:10:30.123456789Z'", "root_cause": [{"reason": "[1:40] failed to parse field [malformed_field] of type [ip_range] in document with id '1'. Preview of field's value: '2015-01-01T12:10:30.123456789Z'", "type": "document_parsing_exception"}], "type": "document_parsing_exception"}, "status": 400}, "runtime_type": "date_nanos", "timestamp": 1688401435.997696, "value": "\"2015-01-01T12:10:30.123456789Z\""}
{"event": "Trying indexing...", "level": "debug", "mapping_type": "ip_range", "runtime_type": "date_nanos", "timestamp": 1688401435.9977841, "value": "\"2015-01-01\""}
{"event": "Failed indexing doc", "level": "error", "mapping_type": "ip_range", "resp": {"error": {"caused_by": {"reason": "Expected [ip/prefix] but was [2015-01-01]", "type": "illegal_argument_exception"}, "reason": "[1:40] failed to parse field [malformed_field] of type [ip_range] in document with id '2'. Preview of field's value: '2015-01-01'", "root_cause": [{"reason": "[1:40] failed to parse field [malformed_field] of type [ip_range] in document with id '2'. Preview of field's value: '2015-01-01'", "type": "document_parsing_exception"}], "type": "document_parsing_exception"}, "status": 400}, "runtime_type": "date_nanos", "timestamp": 1688401436.0498402, "value": "\"2015-01-01\""}
{"event": "Index deleted", "level": "debug", "resp": {"acknowledged": true}, "timestamp": 1688401436.1962292}
{"event": "Created index", "level": "debug", "mapping_type": "ip_range", "resp": {"acknowledged": true, "index": "my-index-000001", "shards_acknowledged": true}, "timestamp": 1688401436.319882}
{"event": "Trying indexing...", "level": "debug", "mapping_type": "ip_range", "runtime_type": "ip", "timestamp": 1688401436.319962, "value": "\"192.168.1.1\""}
{"event": "Failed indexing doc", "level": "error", "mapping_type": "ip_range", "resp": {"error": {"caused_by": {"reason": "Expected [ip/prefix] but was [192.168.1.1]", "type": "illegal_argument_exception"}, "reason": "[1:40] failed to parse field [malformed_field] of type [ip_range] in document with id '0'. Preview of field's value: '192.168.1.1'", "root_cause": [{"reason": "[1:40] failed to parse field [malformed_field] of type [ip_range] in document with id '0'. Preview of field's value: '192.168.1.1'", "type": "document_parsing_exception"}], "type": "document_parsing_exception"}, "status": 400}, "runtime_type": "ip", "timestamp": 1688401436.371802, "value": "\"192.168.1.1\""}
{"event": "Trying indexing...", "level": "debug", "mapping_type": "ip_range", "runtime_type": "ip", "timestamp": 1688401436.3718872, "value": "\"192.168.0.0/16\""}
{"event": "Object indexed correctly", "level": "debug", "mapping_type": "ip_range", "resp": {"_id": "1", "_index": "my-index-000001", "_primary_term": 1, "_seq_no": 0, "_shards": {"failed": 0, "successful": 1, "total": 2}, "_version": 1, "forced_refresh": true, "result": "created"}, "runtime_type": "ip", "timestamp": 1688401436.451802, "value": "\"192.168.0.0/16\""}
{"event": "Trying indexing...", "level": "debug", "mapping_type": "ip_range", "runtime_type": "ip", "timestamp": 1688401436.4518888, "value": "\"2001:db8::/48\""}
{"event": "Object indexed correctly", "level": "debug", "mapping_type": "ip_range", "resp": {"_id": "2", "_index": "my-index-000001", "_primary_term": 1, "_seq_no": 1, "_shards": {"failed": 0, "successful": 1, "total": 2}, "_version": 1, "forced_refresh": true, "result": "created"}, "runtime_type": "ip", "timestamp": 1688401436.510554, "value": "\"2001:db8::/48\""}
{"event": "Trying indexing...", "level": "debug", "mapping_type": "ip_range", "runtime_type": "ip", "timestamp": 1688401436.510637, "value": "\"2001:db8::1:0:0:1\""}
{"event": "Failed indexing doc", "level": "error", "mapping_type": "ip_range", "resp": {"error": {"caused_by": {"reason": "Expected [ip/prefix] but was [2001:db8::1:0:0:1]", "type": "illegal_argument_exception"}, "reason": "[1:40] failed to parse field [malformed_field] of type [ip_range] in document with id '3'. Preview of field's value: '2001:db8::1:0:0:1'", "root_cause": [{"reason": "[1:40] failed to parse field [malformed_field] of type [ip_range] in document with id '3'. Preview of field's value: '2001:db8::1:0:0:1'", "type": "document_parsing_exception"}], "type": "document_parsing_exception"}, "status": 400}, "runtime_type": "ip", "timestamp": 1688401436.5679429, "value": "\"2001:db8::1:0:0:1\""}
{"event": "Index deleted", "level": "debug", "resp": {"acknowledged": true}, "timestamp": 1688401436.711097}
{"event": "Created index", "level": "debug", "mapping_type": "ip_range", "resp": {"acknowledged": true, "index": "my-index-000001", "shards_acknowledged": true}, "timestamp": 1688401436.8357189}
{"event": "Trying indexing...", "level": "debug", "mapping_type": "ip_range", "runtime_type": "date_range", "timestamp": 1688401436.835798, "value": "{\"gte\":\"2015-10-31 12:00:00\",\"lte\": \"2015-11-01\"}"}
{"event": "Failed indexing doc", "level": "error", "mapping_type": "ip_range", "resp": {"error": {"caused_by": {"reason": "'2015-10-3112:00:00' is not an IP string literal.", "type": "illegal_argument_exception"}, "reason": "[1:47] failed to parse field [malformed_field] of type [ip_range] in document with id '0'. Preview of field's value: '2015-10-3112:00:00'", "root_cause": [{"reason": "[1:47] failed to parse field [malformed_field] of type [ip_range] in document with id '0'. Preview of field's value: '2015-10-3112:00:00'", "type": "document_parsing_exception"}], "type": "document_parsing_exception"}, "status": 400}, "runtime_type": "date_range", "timestamp": 1688401436.8874218, "value": "{\"gte\":\"2015-10-31 12:00:00\",\"lte\": \"2015-11-01\"}"}
{"event": "Index deleted", "level": "debug", "resp": {"acknowledged": true}, "timestamp": 1688401437.0347362}
{"event": "Created index", "level": "debug", "mapping_type": "ip_range", "resp": {"acknowledged": true, "index": "my-index-000001", "shards_acknowledged": true}, "timestamp": 1688401437.1660259}
{"event": "Trying indexing...", "level": "debug", "mapping_type": "ip_range", "runtime_type": "object", "timestamp": 1688401437.166108, "value": "{\"age\":30,\"name\":{\"first\":\"John\",\"last\":\"Smith\"}}"}
{"event": "Failed indexing doc", "level": "error", "mapping_type": "ip_range", "resp": {"error": {"caused_by": {"reason": "[1:47] error parsing field [malformed_field], with unknown parameter [age]", "type": "document_parsing_exception"}, "reason": "[1:47] failed to parse field [malformed_field] of type [ip_range] in document with id '0'. Preview of field's value: '30'", "root_cause": [{"reason": "[1:47] error parsing field [malformed_field], with unknown parameter [age]", "type": "document_parsing_exception"}], "type": "document_parsing_exception"}, "status": 400}, "runtime_type": "object", "timestamp": 1688401437.218632, "value": "{\"age\":30,\"name\":{\"first\":\"John\",\"last\":\"Smith\"}}"}
{"event": "Trying indexing...", "level": "debug", "mapping_type": "ip_range", "runtime_type": "object", "timestamp": 1688401437.218721, "value": "{\"age\":30,\"name.first\":\"John\",\"name.last\":\"Smith\"}"}
{"event": "Failed indexing doc", "level": "error", "mapping_type": "ip_range", "resp": {"error": {"caused_by": {"reason": "[1:47] error parsing field [malformed_field], with unknown parameter [age]", "type": "document_parsing_exception"}, "reason": "[1:47] failed to parse field [malformed_field] of type [ip_range] in document with id '1'. Preview of field's value: '30'", "root_cause": [{"reason": "[1:47] error parsing field [malformed_field], with unknown parameter [age]", "type": "document_parsing_exception"}], "type": "document_parsing_exception"}, "status": 400}, "runtime_type": "object", "timestamp": 1688401437.270279, "value": "{\"age\":30,\"name.first\":\"John\",\"name.last\":\"Smith\"}"}
{"event": "New mapping type", "level": "debug", "mapping_type": "date_range", "timestamp": 1688401437.331823}
{"event": "Index deleted", "level": "debug", "resp": {"acknowledged": true}, "timestamp": 1688401437.42073}
{"event": "Created index", "level": "debug", "mapping_type": "date_range", "resp": {"acknowledged": true, "index": "my-index-000001", "shards_acknowledged": true}, "timestamp": 1688401437.545007}
{"event": "Trying indexing...", "level": "debug", "mapping_type": "date_range", "runtime_type": "integer", "timestamp": 1688401437.5450869, "value": 1}
{"event": "Failed indexing doc", "level": "error", "mapping_type": "date_range", "resp": {"error": {"caused_by": {"reason": "[1:40] error parsing field [malformed_field], expected an object but got malformed_field", "type": "document_parsing_exception"}, "reason": "[1:40] failed to parse field [malformed_field] of type [date_range] in document with id '0'. Preview of field's value: '1'", "root_cause": [{"reason": "[1:40] error parsing field [malformed_field], expected an object but got malformed_field", "type": "document_parsing_exception"}], "type": "document_parsing_exception"}, "status": 400}, "runtime_type": "integer", "timestamp": 1688401437.5976021, "value": 1}
{"event": "Trying indexing...", "level": "debug", "mapping_type": "date_range", "runtime_type": "integer", "timestamp": 1688401437.5976892, "value": -1}
{"event": "Failed indexing doc", "level": "error", "mapping_type": "date_range", "resp": {"error": {"caused_by": {"reason": "[1:40] error parsing field [malformed_field], expected an object but got malformed_field", "type": "document_parsing_exception"}, "reason": "[1:40] failed to parse field [malformed_field] of type [date_range] in document with id '1'. Preview of field's value: '-1'", "root_cause": [{"reason": "[1:40] error parsing field [malformed_field], expected an object but got malformed_field", "type": "document_parsing_exception"}], "type": "document_parsing_exception"}, "status": 400}, "runtime_type": "integer", "timestamp": 1688401437.6493728, "value": -1}
{"event": "Trying indexing...", "level": "debug", "mapping_type": "date_range", "runtime_type": "integer", "timestamp": 1688401437.649462, "value": 0}
{"event": "Failed indexing doc", "level": "error", "mapping_type": "date_range", "resp": {"error": {"caused_by": {"reason": "[1:40] error parsing field [malformed_field], expected an object but got malformed_field", "type": "document_parsing_exception"}, "reason": "[1:40] failed to parse field [malformed_field] of type [date_range] in document with id '2'. Preview of field's value: '0'", "root_cause": [{"reason": "[1:40] error parsing field [malformed_field], expected an object but got malformed_field", "type": "document_parsing_exception"}], "type": "document_parsing_exception"}, "status": 400}, "runtime_type": "integer", "timestamp": 1688401437.701746, "value": 0}
{"event": "Index deleted", "level": "debug", "resp": {"acknowledged": true}, "timestamp": 1688401437.851308}
{"event": "Created index", "level": "debug", "mapping_type": "date_range", "resp": {"acknowledged": true, "index": "my-index-000001", "shards_acknowledged": true}, "timestamp": 1688401437.975769}
{"event": "Trying indexing...", "level": "debug", "mapping_type": "date_range", "runtime_type": "date", "timestamp": 1688401437.975847, "value": 1420070400001}
{"event": "Failed indexing doc", "level": "error", "mapping_type": "date_range", "resp": {"error": {"caused_by": {"reason": "[1:40] error parsing field [malformed_field], expected an object but got malformed_field", "type": "document_parsing_exception"}, "reason": "[1:40] failed to parse field [malformed_field] of type [date_range] in document with id '0'. Preview of field's value: '1420070400001'", "root_cause": [{"reason": "[1:40] error parsing field [malformed_field], expected an object but got malformed_field", "type": "document_parsing_exception"}], "type": "document_parsing_exception"}, "status": 400}, "runtime_type": "date", "timestamp": 1688401438.028598, "value": 1420070400001}
{"event": "Trying indexing...", "level": "debug", "mapping_type": "date_range", "runtime_type": "date", "timestamp": 1688401438.028683, "value": "\"2015-01-01T12:10:30Z\""}
{"event": "Failed indexing doc", "level": "error", "mapping_type": "date_range", "resp": {"error": {"caused_by": {"reason": "[1:40] error parsing field [malformed_field], expected an object but got malformed_field", "type": "document_parsing_exception"}, "reason": "[1:40] failed to parse field [malformed_field] of type [date_range] in document with id '1'. Preview of field's value: '2015-01-01T12:10:30Z'", "root_cause": [{"reason": "[1:40] error parsing field [malformed_field], expected an object but got malformed_field", "type": "document_parsing_exception"}], "type": "document_parsing_exception"}, "status": 400}, "runtime_type": "date", "timestamp": 1688401438.080249, "value": "\"2015-01-01T12:10:30Z\""}
{"event": "Trying indexing...", "level": "debug", "mapping_type": "date_range", "runtime_type": "date", "timestamp": 1688401438.0803342, "value": "\"2015-01-01\""}
{"event": "Failed indexing doc", "level": "error", "mapping_type": "date_range", "resp": {"error": {"caused_by": {"reason": "[1:40] error parsing field [malformed_field], expected an object but got malformed_field", "type": "document_parsing_exception"}, "reason": "[1:40] failed to parse field [malformed_field] of type [date_range] in document with id '2'. Preview of field's value: '2015-01-01'", "root_cause": [{"reason": "[1:40] error parsing field [malformed_field], expected an object but got malformed_field", "type": "document_parsing_exception"}], "type": "document_parsing_exception"}, "status": 400}, "runtime_type": "date", "timestamp": 1688401438.13226, "value": "\"2015-01-01\""}
{"event": "Index deleted", "level": "debug", "resp": {"acknowledged": true}, "timestamp": 1688401438.29948}
{"event": "Created index", "level": "debug", "mapping_type": "date_range", "resp": {"acknowledged": true, "index": "my-index-000001", "shards_acknowledged": true}, "timestamp": 1688401438.4283772}
{"event": "Trying indexing...", "level": "debug", "mapping_type": "date_range", "runtime_type": "date_nanos", "timestamp": 1688401438.428457, "value": 1420070400000}
{"event": "Failed indexing doc", "level": "error", "mapping_type": "date_range", "resp": {"error": {"caused_by": {"reason": "[1:40] error parsing field [malformed_field], expected an object but got malformed_field", "type": "document_parsing_exception"}, "reason": "[1:40] failed to parse field [malformed_field] of type [date_range] in document with id '0'. Preview of field's value: '1420070400000'", "root_cause": [{"reason": "[1:40] error parsing field [malformed_field], expected an object but got malformed_field", "type": "document_parsing_exception"}], "type": "document_parsing_exception"}, "status": 400}, "runtime_type": "date_nanos", "timestamp": 1688401438.481146, "value": 1420070400000}
{"event": "Trying indexing...", "level": "debug", "mapping_type": "date_range", "runtime_type": "date_nanos", "timestamp": 1688401438.481237, "value": "\"2015-01-01T12:10:30.123456789Z\""}
{"event": "Failed indexing doc", "level": "error", "mapping_type": "date_range", "resp": {"error": {"caused_by": {"reason": "[1:40] error parsing field [malformed_field], expected an object but got malformed_field", "type": "document_parsing_exception"}, "reason": "[1:40] failed to parse field [malformed_field] of type [date_range] in document with id '1'. Preview of field's value: '2015-01-01T12:10:30.123456789Z'", "root_cause": [{"reason": "[1:40] error parsing field [malformed_field], expected an object but got malformed_field", "type": "document_parsing_exception"}], "type": "document_parsing_exception"}, "status": 400}, "runtime_type": "date_nanos", "timestamp": 1688401438.532852, "value": "\"2015-01-01T12:10:30.123456789Z\""}
{"event": "Trying indexing...", "level": "debug", "mapping_type": "date_range", "runtime_type": "date_nanos", "timestamp": 1688401438.532942, "value": "\"2015-01-01\""}
{"event": "Failed indexing doc", "level": "error", "mapping_type": "date_range", "resp": {"error": {"caused_by": {"reason": "[1:40] error parsing field [malformed_field], expected an object but got malformed_field", "type": "document_parsing_exception"}, "reason": "[1:40] failed to parse field [malformed_field] of type [date_range] in document with id '2'. Preview of field's value: '2015-01-01'", "root_cause": [{"reason": "[1:40] error parsing field [malformed_field], expected an object but got malformed_field", "type": "document_parsing_exception"}], "type": "document_parsing_exception"}, "status": 400}, "runtime_type": "date_nanos", "timestamp": 1688401438.584951, "value": "\"2015-01-01\""}
{"event": "Index deleted", "level": "debug", "resp": {"acknowledged": true}, "timestamp": 1688401438.747575}
{"event": "Created index", "level": "debug", "mapping_type": "date_range", "resp": {"acknowledged": true, "index": "my-index-000001", "shards_acknowledged": true}, "timestamp": 1688401438.878556}
{"event": "Trying indexing...", "level": "debug", "mapping_type": "date_range", "runtime_type": "ip", "timestamp": 1688401438.878635, "value": "\"192.168.1.1\""}
{"event": "Failed indexing doc", "level": "error", "mapping_type": "date_range", "resp": {"error": {"caused_by": {"reason": "[1:40] error parsing field [malformed_field], expected an object but got malformed_field", "type": "document_parsing_exception"}, "reason": "[1:40] failed to parse field [malformed_field] of type [date_range] in document with id '0'. Preview of field's value: '192.168.1.1'", "root_cause": [{"reason": "[1:40] error parsing field [malformed_field], expected an object but got malformed_field", "type": "document_parsing_exception"}], "type": "document_parsing_exception"}, "status": 400}, "runtime_type": "ip", "timestamp": 1688401438.936505, "value": "\"192.168.1.1\""}
{"event": "Trying indexing...", "level": "debug", "mapping_type": "date_range", "runtime_type": "ip", "timestamp": 1688401438.936596, "value": "\"192.168.0.0/16\""}
{"event": "Failed indexing doc", "level": "error", "mapping_type": "date_range", "resp": {"error": {"caused_by": {"reason": "[1:40] error parsing field [malformed_field], expected an object but got malformed_field", "type": "document_parsing_exception"}, "reason": "[1:40] failed to parse field [malformed_field] of type [date_range] in document with id '1'. Preview of field's value: '192.168.0.0/16'", "root_cause": [{"reason": "[1:40] error parsing field [malformed_field], expected an object but got malformed_field", "type": "document_parsing_exception"}], "type": "document_parsing_exception"}, "status": 400}, "runtime_type": "ip", "timestamp": 1688401438.988102, "value": "\"192.168.0.0/16\""}
{"event": "Trying indexing...", "level": "debug", "mapping_type": "date_range", "runtime_type": "ip", "timestamp": 1688401438.988189, "value": "\"2001:db8::/48\""}
{"event": "Failed indexing doc", "level": "error", "mapping_type": "date_range", "resp": {"error": {"caused_by": {"reason": "[1:40] error parsing field [malformed_field], expected an object but got malformed_field", "type": "document_parsing_exception"}, "reason": "[1:40] failed to parse field [malformed_field] of type [date_range] in document with id '2'. Preview of field's value: '2001:db8::/48'", "root_cause": [{"reason": "[1:40] error parsing field [malformed_field], expected an object but got malformed_field", "type": "document_parsing_exception"}], "type": "document_parsing_exception"}, "status": 400}, "runtime_type": "ip", "timestamp": 1688401439.039735, "value": "\"2001:db8::/48\""}
{"event": "Trying indexing...", "level": "debug", "mapping_type": "date_range", "runtime_type": "ip", "timestamp": 1688401439.0398211, "value": "\"2001:db8::1:0:0:1\""}
{"event": "Failed indexing doc", "level": "error", "mapping_type": "date_range", "resp": {"error": {"caused_by": {"reason": "[1:40] error parsing field [malformed_field], expected an object but got malformed_field", "type": "document_parsing_exception"}, "reason": "[1:40] failed to parse field [malformed_field] of type [date_range] in document with id '3'. Preview of field's value: '2001:db8::1:0:0:1'", "root_cause": [{"reason": "[1:40] error parsing field [malformed_field], expected an object but got malformed_field", "type": "document_parsing_exception"}], "type": "document_parsing_exception"}, "status": 400}, "runtime_type": "ip", "timestamp": 1688401439.107918, "value": "\"2001:db8::1:0:0:1\""}
{"event": "Index deleted", "level": "debug", "resp": {"acknowledged": true}, "timestamp": 1688401439.2555919}
{"event": "Created index", "level": "debug", "mapping_type": "date_range", "resp": {"acknowledged": true, "index": "my-index-000001", "shards_acknowledged": true}, "timestamp": 1688401439.390615}
{"event": "Trying indexing...", "level": "debug", "mapping_type": "date_range", "runtime_type": "ip_range", "timestamp": 1688401439.390697, "value": "\"192.168.0.0/16\""}
{"event": "Failed indexing doc", "level": "error", "mapping_type": "date_range", "resp": {"error": {"caused_by": {"reason": "[1:40] error parsing field [malformed_field], expected an object but got malformed_field", "type": "document_parsing_exception"}, "reason": "[1:40] failed to parse field [malformed_field] of type [date_range] in document with id '0'. Preview of field's value: '192.168.0.0/16'", "root_cause": [{"reason": "[1:40] error parsing field [malformed_field], expected an object but got malformed_field", "type": "document_parsing_exception"}], "type": "document_parsing_exception"}, "status": 400}, "runtime_type": "ip_range", "timestamp": 1688401439.44298, "value": "\"192.168.0.0/16\""}
{"event": "Index deleted", "level": "debug", "resp": {"acknowledged": true}, "timestamp": 1688401439.588084}
{"event": "Created index", "level": "debug", "mapping_type": "date_range", "resp": {"acknowledged": true, "index": "my-index-000001", "shards_acknowledged": true}, "timestamp": 1688401439.710623}
{"event": "Trying indexing...", "level": "debug", "mapping_type": "date_range", "runtime_type": "object", "timestamp": 1688401439.710706, "value": "{\"age\":30,\"name\":{\"first\":\"John\",\"last\":\"Smith\"}}"}
{"event": "Failed indexing doc", "level": "error", "mapping_type": "date_range", "resp": {"error": {"caused_by": {"reason": "[1:47] error parsing field [malformed_field], with unknown parameter [age]", "type": "document_parsing_exception"}, "reason": "[1:47] failed to parse field [malformed_field] of type [date_range] in document with id '0'. Preview of field's value: '30'", "root_cause": [{"reason": "[1:47] error parsing field [malformed_field], with unknown parameter [age]", "type": "document_parsing_exception"}], "type": "document_parsing_exception"}, "status": 400}, "runtime_type": "object", "timestamp": 1688401439.7747781, "value": "{\"age\":30,\"name\":{\"first\":\"John\",\"last\":\"Smith\"}}"}
{"event": "Trying indexing...", "level": "debug", "mapping_type": "date_range", "runtime_type": "object", "timestamp": 1688401439.7748659, "value": "{\"age\":30,\"name.first\":\"John\",\"name.last\":\"Smith\"}"}
{"event": "Failed indexing doc", "level": "error", "mapping_type": "date_range", "resp": {"error": {"caused_by": {"reason": "[1:47] error parsing field [malformed_field], with unknown parameter [age]", "type": "document_parsing_exception"}, "reason": "[1:47] failed to parse field [malformed_field] of type [date_range] in document with id '1'. Preview of field's value: '30'", "root_cause": [{"reason": "[1:47] error parsing field [malformed_field], with unknown parameter [age]", "type": "document_parsing_exception"}], "type": "document_parsing_exception"}, "status": 400}, "runtime_type": "object", "timestamp": 1688401439.8297338, "value": "{\"age\":30,\"name.first\":\"John\",\"name.last\":\"Smith\"}"}
{"event": "New mapping type", "level": "debug", "mapping_type": "object", "timestamp": 1688401439.892239}
{"event": "Index deleted", "level": "debug", "resp": {"acknowledged": true}, "timestamp": 1688401439.983892}
{"event": "Created index", "level": "debug", "mapping_type": "object", "resp": {"acknowledged": true, "index": "my-index-000001", "shards_acknowledged": true}, "timestamp": 1688401440.145066}
{"event": "Trying indexing...", "level": "debug", "mapping_type": "object", "runtime_type": "integer", "timestamp": 1688401440.1451452, "value": 1}
{"event": "Failed indexing doc", "level": "error", "mapping_type": "object", "resp": {"error": {"reason": "[1:40] object mapping for [malformed_field] tried to parse field [malformed_field] as object, but found a concrete value", "root_cause": [{"reason": "[1:40] object mapping for [malformed_field] tried to parse field [malformed_field] as object, but found a concrete value", "type": "document_parsing_exception"}], "type": "document_parsing_exception"}, "status": 400}, "runtime_type": "integer", "timestamp": 1688401440.198457, "value": 1}
{"event": "Trying indexing...", "level": "debug", "mapping_type": "object", "runtime_type": "integer", "timestamp": 1688401440.198554, "value": -1}
{"event": "Failed indexing doc", "level": "error", "mapping_type": "object", "resp": {"error": {"reason": "[1:40] object mapping for [malformed_field] tried to parse field [malformed_field] as object, but found a concrete value", "root_cause": [{"reason": "[1:40] object mapping for [malformed_field] tried to parse field [malformed_field] as object, but found a concrete value", "type": "document_parsing_exception"}], "type": "document_parsing_exception"}, "status": 400}, "runtime_type": "integer", "timestamp": 1688401440.25106, "value": -1}
{"event": "Trying indexing...", "level": "debug", "mapping_type": "object", "runtime_type": "integer", "timestamp": 1688401440.251144, "value": 0}
{"event": "Failed indexing doc", "level": "error", "mapping_type": "object", "resp": {"error": {"reason": "[1:40] object mapping for [malformed_field] tried to parse field [malformed_field] as object, but found a concrete value", "root_cause": [{"reason": "[1:40] object mapping for [malformed_field] tried to parse field [malformed_field] as object, but found a concrete value", "type": "document_parsing_exception"}], "type": "document_parsing_exception"}, "status": 400}, "runtime_type": "integer", "timestamp": 1688401440.30384, "value": 0}
{"event": "Index deleted", "level": "debug", "resp": {"acknowledged": true}, "timestamp": 1688401440.450298}
{"event": "Created index", "level": "debug", "mapping_type": "object", "resp": {"acknowledged": true, "index": "my-index-000001", "shards_acknowledged": true}, "timestamp": 1688401440.571903}
{"event": "Trying indexing...", "level": "debug", "mapping_type": "object", "runtime_type": "date", "timestamp": 1688401440.571983, "value": 1420070400001}
{"event": "Failed indexing doc", "level": "error", "mapping_type": "object", "resp": {"error": {"reason": "[1:40] object mapping for [malformed_field] tried to parse field [malformed_field] as object, but found a concrete value", "root_cause": [{"reason": "[1:40] object mapping for [malformed_field] tried to parse field [malformed_field] as object, but found a concrete value", "type": "document_parsing_exception"}], "type": "document_parsing_exception"}, "status": 400}, "runtime_type": "date", "timestamp": 1688401440.6245708, "value": 1420070400001}
{"event": "Trying indexing...", "level": "debug", "mapping_type": "object", "runtime_type": "date", "timestamp": 1688401440.624656, "value": "\"2015-01-01T12:10:30Z\""}
{"event": "Failed indexing doc", "level": "error", "mapping_type": "object", "resp": {"error": {"reason": "[1:40] object mapping for [malformed_field] tried to parse field [malformed_field] as object, but found a concrete value", "root_cause": [{"reason": "[1:40] object mapping for [malformed_field] tried to parse field [malformed_field] as object, but found a concrete value", "type": "document_parsing_exception"}], "type": "document_parsing_exception"}, "status": 400}, "runtime_type": "date", "timestamp": 1688401440.6763232, "value": "\"2015-01-01T12:10:30Z\""}
{"event": "Trying indexing...", "level": "debug", "mapping_type": "object", "runtime_type": "date", "timestamp": 1688401440.676403, "value": "\"2015-01-01\""}
{"event": "Failed indexing doc", "level": "error", "mapping_type": "object", "resp": {"error": {"reason": "[1:40] object mapping for [malformed_field] tried to parse field [malformed_field] as object, but found a concrete value", "root_cause": [{"reason": "[1:40] object mapping for [malformed_field] tried to parse field [malformed_field] as object, but found a concrete value", "type": "document_parsing_exception"}], "type": "document_parsing_exception"}, "status": 400}, "runtime_type": "date", "timestamp": 1688401440.7289212, "value": "\"2015-01-01\""}
{"event": "Index deleted", "level": "debug", "resp": {"acknowledged": true}, "timestamp": 1688401440.901783}
{"event": "Created index", "level": "debug", "mapping_type": "object", "resp": {"acknowledged": true, "index": "my-index-000001", "shards_acknowledged": true}, "timestamp": 1688401441.041436}
{"event": "Trying indexing...", "level": "debug", "mapping_type": "object", "runtime_type": "date_nanos", "timestamp": 1688401441.04152, "value": 1420070400000}
{"event": "Failed indexing doc", "level": "error", "mapping_type": "object", "resp": {"error": {"reason": "[1:40] object mapping for [malformed_field] tried to parse field [malformed_field] as object, but found a concrete value", "root_cause": [{"reason": "[1:40] object mapping for [malformed_field] tried to parse field [malformed_field] as object, but found a concrete value", "type": "document_parsing_exception"}], "type": "document_parsing_exception"}, "status": 400}, "runtime_type": "date_nanos", "timestamp": 1688401441.0938408, "value": 1420070400000}
{"event": "Trying indexing...", "level": "debug", "mapping_type": "object", "runtime_type": "date_nanos", "timestamp": 1688401441.0939279, "value": "\"2015-01-01T12:10:30.123456789Z\""}
{"event": "Failed indexing doc", "level": "error", "mapping_type": "object", "resp": {"error": {"reason": "[1:40] object mapping for [malformed_field] tried to parse field [malformed_field] as object, but found a concrete value", "root_cause": [{"reason": "[1:40] object mapping for [malformed_field] tried to parse field [malformed_field] as object, but found a concrete value", "type": "document_parsing_exception"}], "type": "document_parsing_exception"}, "status": 400}, "runtime_type": "date_nanos", "timestamp": 1688401441.14591, "value": "\"2015-01-01T12:10:30.123456789Z\""}
{"event": "Trying indexing...", "level": "debug", "mapping_type": "object", "runtime_type": "date_nanos", "timestamp": 1688401441.145993, "value": "\"2015-01-01\""}
{"event": "Failed indexing doc", "level": "error", "mapping_type": "object", "resp": {"error": {"reason": "[1:40] object mapping for [malformed_field] tried to parse field [malformed_field] as object, but found a concrete value", "root_cause": [{"reason": "[1:40] object mapping for [malformed_field] tried to parse field [malformed_field] as object, but found a concrete value", "type": "document_parsing_exception"}], "type": "document_parsing_exception"}, "status": 400}, "runtime_type": "date_nanos", "timestamp": 1688401441.199622, "value": "\"2015-01-01\""}
{"event": "Index deleted", "level": "debug", "resp": {"acknowledged": true}, "timestamp": 1688401441.358361}
{"event": "Created index", "level": "debug", "mapping_type": "object", "resp": {"acknowledged": true, "index": "my-index-000001", "shards_acknowledged": true}, "timestamp": 1688401441.494048}
{"event": "Trying indexing...", "level": "debug", "mapping_type": "object", "runtime_type": "ip", "timestamp": 1688401441.4941282, "value": "\"192.168.1.1\""}
{"event": "Failed indexing doc", "level": "error", "mapping_type": "object", "resp": {"error": {"reason": "[1:40] object mapping for [malformed_field] tried to parse field [malformed_field] as object, but found a concrete value", "root_cause": [{"reason": "[1:40] object mapping for [malformed_field] tried to parse field [malformed_field] as object, but found a concrete value", "type": "document_parsing_exception"}], "type": "document_parsing_exception"}, "status": 400}, "runtime_type": "ip", "timestamp": 1688401441.54657, "value": "\"192.168.1.1\""}
{"event": "Trying indexing...", "level": "debug", "mapping_type": "object", "runtime_type": "ip", "timestamp": 1688401441.546653, "value": "\"192.168.0.0/16\""}
{"event": "Failed indexing doc", "level": "error", "mapping_type": "object", "resp": {"error": {"reason": "[1:40] object mapping for [malformed_field] tried to parse field [malformed_field] as object, but found a concrete value", "root_cause": [{"reason": "[1:40] object mapping for [malformed_field] tried to parse field [malformed_field] as object, but found a concrete value", "type": "document_parsing_exception"}], "type": "document_parsing_exception"}, "status": 400}, "runtime_type": "ip", "timestamp": 1688401441.599385, "value": "\"192.168.0.0/16\""}
{"event": "Trying indexing...", "level": "debug", "mapping_type": "object", "runtime_type": "ip", "timestamp": 1688401441.599468, "value": "\"2001:db8::/48\""}
{"event": "Failed indexing doc", "level": "error", "mapping_type": "object", "resp": {"error": {"reason": "[1:40] object mapping for [malformed_field] tried to parse field [malformed_field] as object, but found a concrete value", "root_cause": [{"reason": "[1:40] object mapping for [malformed_field] tried to parse field [malformed_field] as object, but found a concrete value", "type": "document_parsing_exception"}], "type": "document_parsing_exception"}, "status": 400}, "runtime_type": "ip", "timestamp": 1688401441.651655, "value": "\"2001:db8::/48\""}
{"event": "Trying indexing...", "level": "debug", "mapping_type": "object", "runtime_type": "ip", "timestamp": 1688401441.651744, "value": "\"2001:db8::1:0:0:1\""}
{"event": "Failed indexing doc", "level": "error", "mapping_type": "object", "resp": {"error": {"reason": "[1:40] object mapping for [malformed_field] tried to parse field [malformed_field] as object, but found a concrete value", "root_cause": [{"reason": "[1:40] object mapping for [malformed_field] tried to parse field [malformed_field] as object, but found a concrete value", "type": "document_parsing_exception"}], "type": "document_parsing_exception"}, "status": 400}, "runtime_type": "ip", "timestamp": 1688401441.7082958, "value": "\"2001:db8::1:0:0:1\""}
{"event": "Index deleted", "level": "debug", "resp": {"acknowledged": true}, "timestamp": 1688401441.878273}
{"event": "Created index", "level": "debug", "mapping_type": "object", "resp": {"acknowledged": true, "index": "my-index-000001", "shards_acknowledged": true}, "timestamp": 1688401442.021319}
{"event": "Trying indexing...", "level": "debug", "mapping_type": "object", "runtime_type": "ip_range", "timestamp": 1688401442.0214021, "value": "\"192.168.0.0/16\""}
{"event": "Failed indexing doc", "level": "error", "mapping_type": "object", "resp": {"error": {"reason": "[1:40] object mapping for [malformed_field] tried to parse field [malformed_field] as object, but found a concrete value", "root_cause": [{"reason": "[1:40] object mapping for [malformed_field] tried to parse field [malformed_field] as object, but found a concrete value", "type": "document_parsing_exception"}], "type": "document_parsing_exception"}, "status": 400}, "runtime_type": "ip_range", "timestamp": 1688401442.0738251, "value": "\"192.168.0.0/16\""}
{"event": "Index deleted", "level": "debug", "resp": {"acknowledged": true}, "timestamp": 1688401442.217242}
{"event": "Created index", "level": "debug", "mapping_type": "object", "resp": {"acknowledged": true, "index": "my-index-000001", "shards_acknowledged": true}, "timestamp": 1688401442.3413491}
{"event": "Trying indexing...", "level": "debug", "mapping_type": "object", "runtime_type": "date_range", "timestamp": 1688401442.341428, "value": "{\"gte\":\"2015-10-31 12:00:00\",\"lte\": \"2015-11-01\"}"}
{"event": "Object indexed correctly", "level": "debug", "mapping_type": "object", "resp": {"_id": "0", "_index": "my-index-000001", "_primary_term": 1, "_seq_no": 0, "_shards": {"failed": 0, "successful": 1, "total": 2}, "_version": 1, "forced_refresh": true, "result": "created"}, "runtime_type": "date_range", "timestamp": 1688401442.428053, "value": "{\"gte\":\"2015-10-31 12:00:00\",\"lte\": \"2015-11-01\"}"}
{"counts": {"fail": 24, "ignore": 13, "partial_fail": 1, "pass": 4, "skip": 7, "total": 49}, "event": "Counts", "level": "info", "timestamp": 1688401442.49389}
