{"file_path": "./data/tests/default.yaml", "templates_path": "./data/templates", "mapping_template_name": "ignore_malformed.mapping.txt", "doc_template_name": "doc.txt", "event": "Loading tests...", "level": "info", "timestamp": 1682691741.526585}
{"mapping_type": "integer", "event": "New mapping type", "level": "debug", "timestamp": 1682691741.528037}
{"event": "Index deleted", "level": "debug", "timestamp": 1682691741.610044}
{"event": "Created index", "mapping_type": "integer", "level": "debug", "timestamp": 1682691741.711626}
{"event": "Trying indexing...", "mapping_type": "integer", "value": 1420070400001, "runtime_type": "date", "level": "debug", "timestamp": 1682691741.7117062}
{"event": "Object indexed correctly", "mapping_type": "integer", "value": 1420070400001, "runtime_type": "date", "level": "debug", "timestamp": 1682691741.78235}
{"event": "Trying indexing...", "mapping_type": "integer", "value": "\"2015-01-01T12:10:30Z\"", "runtime_type": "date", "level": "debug", "timestamp": 1682691741.782433}
{"event": "Object indexed correctly", "mapping_type": "integer", "value": "\"2015-01-01T12:10:30Z\"", "runtime_type": "date", "level": "debug", "timestamp": 1682691741.8350122}
{"event": "Trying indexing...", "mapping_type": "integer", "value": "\"2015-01-01\"", "runtime_type": "date", "level": "debug", "timestamp": 1682691741.835092}
{"event": "Object indexed correctly", "mapping_type": "integer", "value": "\"2015-01-01\"", "runtime_type": "date", "level": "debug", "timestamp": 1682691741.894548}
{"event": "Index deleted", "level": "debug", "timestamp": 1682691742.031739}
{"event": "Created index", "mapping_type": "integer", "level": "debug", "timestamp": 1682691742.133827}
{"event": "Trying indexing...", "mapping_type": "integer", "value": 1420070400000, "runtime_type": "date_nanos", "level": "debug", "timestamp": 1682691742.1339111}
{"event": "Object indexed correctly", "mapping_type": "integer", "value": 1420070400000, "runtime_type": "date_nanos", "level": "debug", "timestamp": 1682691742.203437}
{"event": "Trying indexing...", "mapping_type": "integer", "value": "\"2015-01-01T12:10:30.123456789Z\"", "runtime_type": "date_nanos", "level": "debug", "timestamp": 1682691742.2035232}
{"event": "Object indexed correctly", "mapping_type": "integer", "value": "\"2015-01-01T12:10:30.123456789Z\"", "runtime_type": "date_nanos", "level": "debug", "timestamp": 1682691742.256746}
{"event": "Trying indexing...", "mapping_type": "integer", "value": "\"2015-01-01\"", "runtime_type": "date_nanos", "level": "debug", "timestamp": 1682691742.2568269}
{"event": "Object indexed correctly", "mapping_type": "integer", "value": "\"2015-01-01\"", "runtime_type": "date_nanos", "level": "debug", "timestamp": 1682691742.3081641}
{"event": "Index deleted", "level": "debug", "timestamp": 1682691742.433802}
{"event": "Created index", "mapping_type": "integer", "level": "debug", "timestamp": 1682691742.535139}
{"event": "Trying indexing...", "mapping_type": "integer", "value": "\"192.168.1.1\"", "runtime_type": "ip", "level": "debug", "timestamp": 1682691742.535218}
{"event": "Object indexed correctly", "mapping_type": "integer", "value": "\"192.168.1.1\"", "runtime_type": "ip", "level": "debug", "timestamp": 1682691742.604716}
{"event": "Trying indexing...", "mapping_type": "integer", "value": "\"192.168.0.0/16\"", "runtime_type": "ip", "level": "debug", "timestamp": 1682691742.6048}
{"event": "Object indexed correctly", "mapping_type": "integer", "value": "\"192.168.0.0/16\"", "runtime_type": "ip", "level": "debug", "timestamp": 1682691742.657276}
{"event": "Trying indexing...", "mapping_type": "integer", "value": "\"2001:db8::/48\"", "runtime_type": "ip", "level": "debug", "timestamp": 1682691742.6573598}
{"event": "Object indexed correctly", "mapping_type": "integer", "value": "\"2001:db8::/48\"", "runtime_type": "ip", "level": "debug", "timestamp": 1682691742.709834}
{"event": "Trying indexing...", "mapping_type": "integer", "value": "\"2001:db8::1:0:0:1\"", "runtime_type": "ip", "level": "debug", "timestamp": 1682691742.709915}
{"event": "Object indexed correctly", "mapping_type": "integer", "value": "\"2001:db8::1:0:0:1\"", "runtime_type": "ip", "level": "debug", "timestamp": 1682691742.7661839}
{"event": "Index deleted", "level": "debug", "timestamp": 1682691742.902472}
{"event": "Created index", "mapping_type": "integer", "level": "debug", "timestamp": 1682691743.010401}
{"event": "Trying indexing...", "mapping_type": "integer", "value": "\"192.168.0.0/16\"", "runtime_type": "ip_range", "level": "debug", "timestamp": 1682691743.0104802}
{"event": "Object indexed correctly", "mapping_type": "integer", "value": "\"192.168.0.0/16\"", "runtime_type": "ip_range", "level": "debug", "timestamp": 1682691743.0814972}
{"event": "Index deleted", "level": "debug", "timestamp": 1682691743.210114}
{"event": "Created index", "mapping_type": "integer", "level": "debug", "timestamp": 1682691743.313565}
{"event": "Trying indexing...", "mapping_type": "integer", "value": "{\"gte\":\"2015-10-31 12:00:00\",\"lte\": \"2015-11-01\"}", "runtime_type": "date_range", "level": "debug", "timestamp": 1682691743.3136451}
{"event": "Failed indexing doc", "mapping_type": "integer", "value": "{\"gte\":\"2015-10-31 12:00:00\",\"lte\": \"2015-11-01\"}", "runtime_type": "date_range", "level": "error", "timestamp": 1682691743.361429}
{"event": "Index deleted", "level": "debug", "timestamp": 1682691743.495421}
{"event": "Created index", "mapping_type": "integer", "level": "debug", "timestamp": 1682691743.599186}
{"event": "Trying indexing...", "mapping_type": "integer", "value": "{\"age\":30,\"name\":{\"first\":\"John\",\"last\":\"Smith\"}}", "runtime_type": "object", "level": "debug", "timestamp": 1682691743.5992682}
{"event": "Failed indexing doc", "mapping_type": "integer", "value": "{\"age\":30,\"name\":{\"first\":\"John\",\"last\":\"Smith\"}}", "runtime_type": "object", "level": "error", "timestamp": 1682691743.646917}
{"event": "Trying indexing...", "mapping_type": "integer", "value": "{\"age\":30,\"name.first\":\"John\",\"name.last\":\"Smith\"}", "runtime_type": "object", "level": "debug", "timestamp": 1682691743.647}
{"event": "Failed indexing doc", "mapping_type": "integer", "value": "{\"age\":30,\"name.first\":\"John\",\"name.last\":\"Smith\"}", "runtime_type": "object", "level": "error", "timestamp": 1682691743.6932302}
{"mapping_type": "date", "event": "New mapping type", "level": "debug", "timestamp": 1682691743.746187}
{"event": "Index deleted", "level": "debug", "timestamp": 1682691743.823024}
{"event": "Created index", "mapping_type": "date", "level": "debug", "timestamp": 1682691743.9283578}
{"event": "Trying indexing...", "mapping_type": "date", "value": 1, "runtime_type": "integer", "level": "debug", "timestamp": 1682691743.928438}
{"event": "Object indexed correctly", "mapping_type": "date", "value": 1, "runtime_type": "integer", "level": "debug", "timestamp": 1682691743.998761}
{"event": "Trying indexing...", "mapping_type": "date", "value": -1, "runtime_type": "integer", "level": "debug", "timestamp": 1682691743.998842}
{"event": "Object indexed correctly", "mapping_type": "date", "value": -1, "runtime_type": "integer", "level": "debug", "timestamp": 1682691744.052944}
{"event": "Trying indexing...", "mapping_type": "date", "value": 0, "runtime_type": "integer", "level": "debug", "timestamp": 1682691744.053025}
{"event": "Object indexed correctly", "mapping_type": "date", "value": 0, "runtime_type": "integer", "level": "debug", "timestamp": 1682691744.108386}
{"event": "Index deleted", "level": "debug", "timestamp": 1682691744.238688}
{"event": "Created index", "mapping_type": "date", "level": "debug", "timestamp": 1682691744.334572}
{"event": "Trying indexing...", "mapping_type": "date", "value": 1420070400000, "runtime_type": "date_nanos", "level": "debug", "timestamp": 1682691744.334651}
{"event": "Object indexed correctly", "mapping_type": "date", "value": 1420070400000, "runtime_type": "date_nanos", "level": "debug", "timestamp": 1682691744.406121}
{"event": "Trying indexing...", "mapping_type": "date", "value": "\"2015-01-01T12:10:30.123456789Z\"", "runtime_type": "date_nanos", "level": "debug", "timestamp": 1682691744.406206}
{"event": "Object indexed correctly", "mapping_type": "date", "value": "\"2015-01-01T12:10:30.123456789Z\"", "runtime_type": "date_nanos", "level": "debug", "timestamp": 1682691744.4599638}
{"event": "Trying indexing...", "mapping_type": "date", "value": "\"2015-01-01\"", "runtime_type": "date_nanos", "level": "debug", "timestamp": 1682691744.460045}
{"event": "Object indexed correctly", "mapping_type": "date", "value": "\"2015-01-01\"", "runtime_type": "date_nanos", "level": "debug", "timestamp": 1682691744.512553}
{"event": "Index deleted", "level": "debug", "timestamp": 1682691744.644301}
{"event": "Created index", "mapping_type": "date", "level": "debug", "timestamp": 1682691744.754365}
{"event": "Trying indexing...", "mapping_type": "date", "value": "\"192.168.1.1\"", "runtime_type": "ip", "level": "debug", "timestamp": 1682691744.754446}
{"event": "Object indexed correctly", "mapping_type": "date", "value": "\"192.168.1.1\"", "runtime_type": "ip", "level": "debug", "timestamp": 1682691744.825217}
{"event": "Trying indexing...", "mapping_type": "date", "value": "\"192.168.0.0/16\"", "runtime_type": "ip", "level": "debug", "timestamp": 1682691744.8253078}
{"event": "Object indexed correctly", "mapping_type": "date", "value": "\"192.168.0.0/16\"", "runtime_type": "ip", "level": "debug", "timestamp": 1682691744.878301}
{"event": "Trying indexing...", "mapping_type": "date", "value": "\"2001:db8::/48\"", "runtime_type": "ip", "level": "debug", "timestamp": 1682691744.878381}
{"event": "Object indexed correctly", "mapping_type": "date", "value": "\"2001:db8::/48\"", "runtime_type": "ip", "level": "debug", "timestamp": 1682691744.9309728}
{"event": "Trying indexing...", "mapping_type": "date", "value": "\"2001:db8::1:0:0:1\"", "runtime_type": "ip", "level": "debug", "timestamp": 1682691744.931057}
{"event": "Object indexed correctly", "mapping_type": "date", "value": "\"2001:db8::1:0:0:1\"", "runtime_type": "ip", "level": "debug", "timestamp": 1682691744.985782}
{"event": "Index deleted", "level": "debug", "timestamp": 1682691745.121216}
{"event": "Created index", "mapping_type": "date", "level": "debug", "timestamp": 1682691745.230585}
{"event": "Trying indexing...", "mapping_type": "date", "value": "\"192.168.0.0/16\"", "runtime_type": "ip_range", "level": "debug", "timestamp": 1682691745.2306619}
{"event": "Object indexed correctly", "mapping_type": "date", "value": "\"192.168.0.0/16\"", "runtime_type": "ip_range", "level": "debug", "timestamp": 1682691745.300052}
{"event": "Index deleted", "level": "debug", "timestamp": 1682691745.425832}
{"event": "Created index", "mapping_type": "date", "level": "debug", "timestamp": 1682691745.533844}
{"event": "Trying indexing...", "mapping_type": "date", "value": "{\"gte\":\"2015-10-31 12:00:00\",\"lte\": \"2015-11-01\"}", "runtime_type": "date_range", "level": "debug", "timestamp": 1682691745.533925}
{"event": "Failed indexing doc", "mapping_type": "date", "value": "{\"gte\":\"2015-10-31 12:00:00\",\"lte\": \"2015-11-01\"}", "runtime_type": "date_range", "level": "error", "timestamp": 1682691745.5801852}
{"event": "Index deleted", "level": "debug", "timestamp": 1682691745.707715}
{"event": "Created index", "mapping_type": "date", "level": "debug", "timestamp": 1682691745.814929}
{"event": "Trying indexing...", "mapping_type": "date", "value": "{\"age\":30,\"name\":{\"first\":\"John\",\"last\":\"Smith\"}}", "runtime_type": "object", "level": "debug", "timestamp": 1682691745.8150048}
{"event": "Failed indexing doc", "mapping_type": "date", "value": "{\"age\":30,\"name\":{\"first\":\"John\",\"last\":\"Smith\"}}", "runtime_type": "object", "level": "error", "timestamp": 1682691745.861821}
{"event": "Trying indexing...", "mapping_type": "date", "value": "{\"age\":30,\"name.first\":\"John\",\"name.last\":\"Smith\"}", "runtime_type": "object", "level": "debug", "timestamp": 1682691745.8619}
{"event": "Failed indexing doc", "mapping_type": "date", "value": "{\"age\":30,\"name.first\":\"John\",\"name.last\":\"Smith\"}", "runtime_type": "object", "level": "error", "timestamp": 1682691745.909267}
{"mapping_type": "date_nanos", "event": "New mapping type", "level": "debug", "timestamp": 1682691745.9632158}
{"event": "Index deleted", "level": "debug", "timestamp": 1682691746.041496}
{"event": "Created index", "mapping_type": "date_nanos", "level": "debug", "timestamp": 1682691746.14683}
{"event": "Trying indexing...", "mapping_type": "date_nanos", "value": 1, "runtime_type": "integer", "level": "debug", "timestamp": 1682691746.146911}
{"event": "Object indexed correctly", "mapping_type": "date_nanos", "value": 1, "runtime_type": "integer", "level": "debug", "timestamp": 1682691746.2172868}
{"event": "Trying indexing...", "mapping_type": "date_nanos", "value": -1, "runtime_type": "integer", "level": "debug", "timestamp": 1682691746.217371}
{"event": "Object indexed correctly", "mapping_type": "date_nanos", "value": -1, "runtime_type": "integer", "level": "debug", "timestamp": 1682691746.269721}
{"event": "Trying indexing...", "mapping_type": "date_nanos", "value": 0, "runtime_type": "integer", "level": "debug", "timestamp": 1682691746.2697978}
{"event": "Object indexed correctly", "mapping_type": "date_nanos", "value": 0, "runtime_type": "integer", "level": "debug", "timestamp": 1682691746.3225112}
{"event": "Index deleted", "level": "debug", "timestamp": 1682691746.460478}
{"event": "Created index", "mapping_type": "date_nanos", "level": "debug", "timestamp": 1682691746.570111}
{"event": "Trying indexing...", "mapping_type": "date_nanos", "value": 1420070400001, "runtime_type": "date", "level": "debug", "timestamp": 1682691746.5701928}
{"event": "Object indexed correctly", "mapping_type": "date_nanos", "value": 1420070400001, "runtime_type": "date", "level": "debug", "timestamp": 1682691746.642328}
{"event": "Trying indexing...", "mapping_type": "date_nanos", "value": "\"2015-01-01T12:10:30Z\"", "runtime_type": "date", "level": "debug", "timestamp": 1682691746.642411}
{"event": "Object indexed correctly", "mapping_type": "date_nanos", "value": "\"2015-01-01T12:10:30Z\"", "runtime_type": "date", "level": "debug", "timestamp": 1682691746.695601}
{"event": "Trying indexing...", "mapping_type": "date_nanos", "value": "\"2015-01-01\"", "runtime_type": "date", "level": "debug", "timestamp": 1682691746.695681}
{"event": "Object indexed correctly", "mapping_type": "date_nanos", "value": "\"2015-01-01\"", "runtime_type": "date", "level": "debug", "timestamp": 1682691746.749032}
{"event": "Index deleted", "level": "debug", "timestamp": 1682691746.877255}
{"event": "Created index", "mapping_type": "date_nanos", "level": "debug", "timestamp": 1682691746.9795551}
{"event": "Trying indexing...", "mapping_type": "date_nanos", "value": "\"192.168.1.1\"", "runtime_type": "ip", "level": "debug", "timestamp": 1682691746.979635}
{"event": "Object indexed correctly", "mapping_type": "date_nanos", "value": "\"192.168.1.1\"", "runtime_type": "ip", "level": "debug", "timestamp": 1682691747.0484412}
{"event": "Trying indexing...", "mapping_type": "date_nanos", "value": "\"192.168.0.0/16\"", "runtime_type": "ip", "level": "debug", "timestamp": 1682691747.0485299}
{"event": "Object indexed correctly", "mapping_type": "date_nanos", "value": "\"192.168.0.0/16\"", "runtime_type": "ip", "level": "debug", "timestamp": 1682691747.100411}
{"event": "Trying indexing...", "mapping_type": "date_nanos", "value": "\"2001:db8::/48\"", "runtime_type": "ip", "level": "debug", "timestamp": 1682691747.100492}
{"event": "Object indexed correctly", "mapping_type": "date_nanos", "value": "\"2001:db8::/48\"", "runtime_type": "ip", "level": "debug", "timestamp": 1682691747.152969}
{"event": "Trying indexing...", "mapping_type": "date_nanos", "value": "\"2001:db8::1:0:0:1\"", "runtime_type": "ip", "level": "debug", "timestamp": 1682691747.153047}
{"event": "Object indexed correctly", "mapping_type": "date_nanos", "value": "\"2001:db8::1:0:0:1\"", "runtime_type": "ip", "level": "debug", "timestamp": 1682691747.2075012}
{"event": "Index deleted", "level": "debug", "timestamp": 1682691747.339179}
{"event": "Created index", "mapping_type": "date_nanos", "level": "debug", "timestamp": 1682691747.461181}
{"event": "Trying indexing...", "mapping_type": "date_nanos", "value": "\"192.168.0.0/16\"", "runtime_type": "ip_range", "level": "debug", "timestamp": 1682691747.461262}
{"event": "Object indexed correctly", "mapping_type": "date_nanos", "value": "\"192.168.0.0/16\"", "runtime_type": "ip_range", "level": "debug", "timestamp": 1682691747.539337}
{"event": "Index deleted", "level": "debug", "timestamp": 1682691747.667205}
{"event": "Created index", "mapping_type": "date_nanos", "level": "debug", "timestamp": 1682691747.769383}
{"event": "Trying indexing...", "mapping_type": "date_nanos", "value": "{\"gte\":\"2015-10-31 12:00:00\",\"lte\": \"2015-11-01\"}", "runtime_type": "date_range", "level": "debug", "timestamp": 1682691747.769462}
{"event": "Failed indexing doc", "mapping_type": "date_nanos", "value": "{\"gte\":\"2015-10-31 12:00:00\",\"lte\": \"2015-11-01\"}", "runtime_type": "date_range", "level": "error", "timestamp": 1682691747.816035}
{"event": "Index deleted", "level": "debug", "timestamp": 1682691747.9463391}
{"event": "Created index", "mapping_type": "date_nanos", "level": "debug", "timestamp": 1682691748.048683}
{"event": "Trying indexing...", "mapping_type": "date_nanos", "value": "{\"age\":30,\"name\":{\"first\":\"John\",\"last\":\"Smith\"}}", "runtime_type": "object", "level": "debug", "timestamp": 1682691748.0487602}
{"event": "Failed indexing doc", "mapping_type": "date_nanos", "value": "{\"age\":30,\"name\":{\"first\":\"John\",\"last\":\"Smith\"}}", "runtime_type": "object", "level": "error", "timestamp": 1682691748.095673}
{"event": "Trying indexing...", "mapping_type": "date_nanos", "value": "{\"age\":30,\"name.first\":\"John\",\"name.last\":\"Smith\"}", "runtime_type": "object", "level": "debug", "timestamp": 1682691748.095757}
{"event": "Failed indexing doc", "mapping_type": "date_nanos", "value": "{\"age\":30,\"name.first\":\"John\",\"name.last\":\"Smith\"}", "runtime_type": "object", "level": "error", "timestamp": 1682691748.142755}
{"mapping_type": "ip", "event": "New mapping type", "level": "debug", "timestamp": 1682691748.196564}
{"event": "Index deleted", "level": "debug", "timestamp": 1682691748.2772322}
{"event": "Created index", "mapping_type": "ip", "level": "debug", "timestamp": 1682691748.380951}
{"event": "Trying indexing...", "mapping_type": "ip", "value": 1, "runtime_type": "integer", "level": "debug", "timestamp": 1682691748.381035}
{"event": "Object indexed correctly", "mapping_type": "ip", "value": 1, "runtime_type": "integer", "level": "debug", "timestamp": 1682691748.451628}
{"event": "Trying indexing...", "mapping_type": "ip", "value": -1, "runtime_type": "integer", "level": "debug", "timestamp": 1682691748.4517162}
{"event": "Object indexed correctly", "mapping_type": "ip", "value": -1, "runtime_type": "integer", "level": "debug", "timestamp": 1682691748.503932}
{"event": "Trying indexing...", "mapping_type": "ip", "value": 0, "runtime_type": "integer", "level": "debug", "timestamp": 1682691748.504013}
{"event": "Object indexed correctly", "mapping_type": "ip", "value": 0, "runtime_type": "integer", "level": "debug", "timestamp": 1682691748.556135}
{"event": "Index deleted", "level": "debug", "timestamp": 1682691748.685587}
{"event": "Created index", "mapping_type": "ip", "level": "debug", "timestamp": 1682691748.7899}
{"event": "Trying indexing...", "mapping_type": "ip", "value": 1420070400001, "runtime_type": "date", "level": "debug", "timestamp": 1682691748.78998}
{"event": "Object indexed correctly", "mapping_type": "ip", "value": 1420070400001, "runtime_type": "date", "level": "debug", "timestamp": 1682691748.8588328}
{"event": "Trying indexing...", "mapping_type": "ip", "value": "\"2015-01-01T12:10:30Z\"", "runtime_type": "date", "level": "debug", "timestamp": 1682691748.858921}
{"event": "Object indexed correctly", "mapping_type": "ip", "value": "\"2015-01-01T12:10:30Z\"", "runtime_type": "date", "level": "debug", "timestamp": 1682691748.911561}
{"event": "Trying indexing...", "mapping_type": "ip", "value": "\"2015-01-01\"", "runtime_type": "date", "level": "debug", "timestamp": 1682691748.9116428}
{"event": "Object indexed correctly", "mapping_type": "ip", "value": "\"2015-01-01\"", "runtime_type": "date", "level": "debug", "timestamp": 1682691748.964585}
{"event": "Index deleted", "level": "debug", "timestamp": 1682691749.0934908}
{"event": "Created index", "mapping_type": "ip", "level": "debug", "timestamp": 1682691749.20285}
{"event": "Trying indexing...", "mapping_type": "ip", "value": 1420070400000, "runtime_type": "date_nanos", "level": "debug", "timestamp": 1682691749.202935}
{"event": "Object indexed correctly", "mapping_type": "ip", "value": 1420070400000, "runtime_type": "date_nanos", "level": "debug", "timestamp": 1682691749.2732081}
{"event": "Trying indexing...", "mapping_type": "ip", "value": "\"2015-01-01T12:10:30.123456789Z\"", "runtime_type": "date_nanos", "level": "debug", "timestamp": 1682691749.273304}
{"event": "Object indexed correctly", "mapping_type": "ip", "value": "\"2015-01-01T12:10:30.123456789Z\"", "runtime_type": "date_nanos", "level": "debug", "timestamp": 1682691749.326584}
{"event": "Trying indexing...", "mapping_type": "ip", "value": "\"2015-01-01\"", "runtime_type": "date_nanos", "level": "debug", "timestamp": 1682691749.326665}
{"event": "Object indexed correctly", "mapping_type": "ip", "value": "\"2015-01-01\"", "runtime_type": "date_nanos", "level": "debug", "timestamp": 1682691749.378958}
{"event": "Index deleted", "level": "debug", "timestamp": 1682691749.514386}
{"event": "Created index", "mapping_type": "ip", "level": "debug", "timestamp": 1682691749.6147351}
{"event": "Trying indexing...", "mapping_type": "ip", "value": "\"192.168.0.0/16\"", "runtime_type": "ip_range", "level": "debug", "timestamp": 1682691749.6148212}
{"event": "Object indexed correctly", "mapping_type": "ip", "value": "\"192.168.0.0/16\"", "runtime_type": "ip_range", "level": "debug", "timestamp": 1682691749.693961}
{"event": "Index deleted", "level": "debug", "timestamp": 1682691749.8238919}
{"event": "Created index", "mapping_type": "ip", "level": "debug", "timestamp": 1682691749.929522}
{"event": "Trying indexing...", "mapping_type": "ip", "value": "{\"gte\":\"2015-10-31 12:00:00\",\"lte\": \"2015-11-01\"}", "runtime_type": "date_range", "level": "debug", "timestamp": 1682691749.9296021}
{"event": "Failed indexing doc", "mapping_type": "ip", "value": "{\"gte\":\"2015-10-31 12:00:00\",\"lte\": \"2015-11-01\"}", "runtime_type": "date_range", "level": "error", "timestamp": 1682691749.97615}
{"event": "Index deleted", "level": "debug", "timestamp": 1682691750.10093}
{"event": "Created index", "mapping_type": "ip", "level": "debug", "timestamp": 1682691750.203975}
{"event": "Trying indexing...", "mapping_type": "ip", "value": "{\"age\":30,\"name\":{\"first\":\"John\",\"last\":\"Smith\"}}", "runtime_type": "object", "level": "debug", "timestamp": 1682691750.204053}
{"event": "Failed indexing doc", "mapping_type": "ip", "value": "{\"age\":30,\"name\":{\"first\":\"John\",\"last\":\"Smith\"}}", "runtime_type": "object", "level": "error", "timestamp": 1682691750.250313}
{"event": "Trying indexing...", "mapping_type": "ip", "value": "{\"age\":30,\"name.first\":\"John\",\"name.last\":\"Smith\"}", "runtime_type": "object", "level": "debug", "timestamp": 1682691750.250396}
{"event": "Failed indexing doc", "mapping_type": "ip", "value": "{\"age\":30,\"name.first\":\"John\",\"name.last\":\"Smith\"}", "runtime_type": "object", "level": "error", "timestamp": 1682691750.2972422}
{"mapping_type": "ip_range", "event": "New mapping type", "level": "debug", "timestamp": 1682691750.350317}
{"event": "Index deleted", "level": "debug", "timestamp": 1682691750.4299352}
{"event": "Created index", "mapping_type": "ip_range", "level": "debug", "timestamp": 1682691750.533195}
{"event": "Trying indexing...", "mapping_type": "ip_range", "value": 1, "runtime_type": "integer", "level": "debug", "timestamp": 1682691750.533282}
{"event": "Failed indexing doc", "mapping_type": "ip_range", "value": 1, "runtime_type": "integer", "level": "error", "timestamp": 1682691750.5800772}
{"event": "Trying indexing...", "mapping_type": "ip_range", "value": -1, "runtime_type": "integer", "level": "debug", "timestamp": 1682691750.5801642}
{"event": "Failed indexing doc", "mapping_type": "ip_range", "value": -1, "runtime_type": "integer", "level": "error", "timestamp": 1682691750.627075}
{"event": "Trying indexing...", "mapping_type": "ip_range", "value": 0, "runtime_type": "integer", "level": "debug", "timestamp": 1682691750.627157}
{"event": "Failed indexing doc", "mapping_type": "ip_range", "value": 0, "runtime_type": "integer", "level": "error", "timestamp": 1682691750.6743062}
{"event": "Index deleted", "level": "debug", "timestamp": 1682691750.817798}
{"event": "Created index", "mapping_type": "ip_range", "level": "debug", "timestamp": 1682691750.927712}
{"event": "Trying indexing...", "mapping_type": "ip_range", "value": 1420070400001, "runtime_type": "date", "level": "debug", "timestamp": 1682691750.927798}
{"event": "Failed indexing doc", "mapping_type": "ip_range", "value": 1420070400001, "runtime_type": "date", "level": "error", "timestamp": 1682691750.974232}
{"event": "Trying indexing...", "mapping_type": "ip_range", "value": "\"2015-01-01T12:10:30Z\"", "runtime_type": "date", "level": "debug", "timestamp": 1682691750.974314}
{"event": "Failed indexing doc", "mapping_type": "ip_range", "value": "\"2015-01-01T12:10:30Z\"", "runtime_type": "date", "level": "error", "timestamp": 1682691751.0212271}
{"event": "Trying indexing...", "mapping_type": "ip_range", "value": "\"2015-01-01\"", "runtime_type": "date", "level": "debug", "timestamp": 1682691751.0213099}
{"event": "Failed indexing doc", "mapping_type": "ip_range", "value": "\"2015-01-01\"", "runtime_type": "date", "level": "error", "timestamp": 1682691751.0697348}
{"event": "Index deleted", "level": "debug", "timestamp": 1682691751.2002392}
{"event": "Created index", "mapping_type": "ip_range", "level": "debug", "timestamp": 1682691751.303488}
{"event": "Trying indexing...", "mapping_type": "ip_range", "value": 1420070400000, "runtime_type": "date_nanos", "level": "debug", "timestamp": 1682691751.303574}
{"event": "Failed indexing doc", "mapping_type": "ip_range", "value": 1420070400000, "runtime_type": "date_nanos", "level": "error", "timestamp": 1682691751.350867}
{"event": "Trying indexing...", "mapping_type": "ip_range", "value": "\"2015-01-01T12:10:30.123456789Z\"", "runtime_type": "date_nanos", "level": "debug", "timestamp": 1682691751.3509529}
{"event": "Failed indexing doc", "mapping_type": "ip_range", "value": "\"2015-01-01T12:10:30.123456789Z\"", "runtime_type": "date_nanos", "level": "error", "timestamp": 1682691751.398518}
{"event": "Trying indexing...", "mapping_type": "ip_range", "value": "\"2015-01-01\"", "runtime_type": "date_nanos", "level": "debug", "timestamp": 1682691751.398602}
{"event": "Failed indexing doc", "mapping_type": "ip_range", "value": "\"2015-01-01\"", "runtime_type": "date_nanos", "level": "error", "timestamp": 1682691751.446375}
{"event": "Index deleted", "level": "debug", "timestamp": 1682691751.573869}
{"event": "Created index", "mapping_type": "ip_range", "level": "debug", "timestamp": 1682691751.6799731}
{"event": "Trying indexing...", "mapping_type": "ip_range", "value": "\"192.168.1.1\"", "runtime_type": "ip", "level": "debug", "timestamp": 1682691751.680077}
{"event": "Failed indexing doc", "mapping_type": "ip_range", "value": "\"192.168.1.1\"", "runtime_type": "ip", "level": "error", "timestamp": 1682691751.7277818}
{"event": "Trying indexing...", "mapping_type": "ip_range", "value": "\"192.168.0.0/16\"", "runtime_type": "ip", "level": "debug", "timestamp": 1682691751.727865}
{"event": "Object indexed correctly", "mapping_type": "ip_range", "value": "\"192.168.0.0/16\"", "runtime_type": "ip", "level": "debug", "timestamp": 1682691751.804472}
{"event": "Trying indexing...", "mapping_type": "ip_range", "value": "\"2001:db8::/48\"", "runtime_type": "ip", "level": "debug", "timestamp": 1682691751.804561}
{"event": "Object indexed correctly", "mapping_type": "ip_range", "value": "\"2001:db8::/48\"", "runtime_type": "ip", "level": "debug", "timestamp": 1682691751.859009}
{"event": "Trying indexing...", "mapping_type": "ip_range", "value": "\"2001:db8::1:0:0:1\"", "runtime_type": "ip", "level": "debug", "timestamp": 1682691751.859103}
{"event": "Failed indexing doc", "mapping_type": "ip_range", "value": "\"2001:db8::1:0:0:1\"", "runtime_type": "ip", "level": "error", "timestamp": 1682691751.9106371}
{"event": "Index deleted", "level": "debug", "timestamp": 1682691752.038505}
{"event": "Created index", "mapping_type": "ip_range", "level": "debug", "timestamp": 1682691752.150076}
{"event": "Trying indexing...", "mapping_type": "ip_range", "value": "{\"gte\":\"2015-10-31 12:00:00\",\"lte\": \"2015-11-01\"}", "runtime_type": "date_range", "level": "debug", "timestamp": 1682691752.150157}
{"event": "Failed indexing doc", "mapping_type": "ip_range", "value": "{\"gte\":\"2015-10-31 12:00:00\",\"lte\": \"2015-11-01\"}", "runtime_type": "date_range", "level": "error", "timestamp": 1682691752.196345}
{"event": "Index deleted", "level": "debug", "timestamp": 1682691752.327397}
{"event": "Created index", "mapping_type": "ip_range", "level": "debug", "timestamp": 1682691752.4353302}
{"event": "Trying indexing...", "mapping_type": "ip_range", "value": "{\"age\":30,\"name\":{\"first\":\"John\",\"last\":\"Smith\"}}", "runtime_type": "object", "level": "debug", "timestamp": 1682691752.43541}
{"event": "Failed indexing doc", "mapping_type": "ip_range", "value": "{\"age\":30,\"name\":{\"first\":\"John\",\"last\":\"Smith\"}}", "runtime_type": "object", "level": "error", "timestamp": 1682691752.4848561}
{"event": "Trying indexing...", "mapping_type": "ip_range", "value": "{\"age\":30,\"name.first\":\"John\",\"name.last\":\"Smith\"}", "runtime_type": "object", "level": "debug", "timestamp": 1682691752.484951}
{"event": "Failed indexing doc", "mapping_type": "ip_range", "value": "{\"age\":30,\"name.first\":\"John\",\"name.last\":\"Smith\"}", "runtime_type": "object", "level": "error", "timestamp": 1682691752.542708}
{"mapping_type": "date_range", "event": "New mapping type", "level": "debug", "timestamp": 1682691752.598136}
{"event": "Index deleted", "level": "debug", "timestamp": 1682691752.677877}
{"event": "Created index", "mapping_type": "date_range", "level": "debug", "timestamp": 1682691752.790397}
{"event": "Trying indexing...", "mapping_type": "date_range", "value": 1, "runtime_type": "integer", "level": "debug", "timestamp": 1682691752.790485}
{"event": "Failed indexing doc", "mapping_type": "date_range", "value": 1, "runtime_type": "integer", "level": "error", "timestamp": 1682691752.838034}
{"event": "Trying indexing...", "mapping_type": "date_range", "value": -1, "runtime_type": "integer", "level": "debug", "timestamp": 1682691752.838125}
{"event": "Failed indexing doc", "mapping_type": "date_range", "value": -1, "runtime_type": "integer", "level": "error", "timestamp": 1682691752.886164}
{"event": "Trying indexing...", "mapping_type": "date_range", "value": 0, "runtime_type": "integer", "level": "debug", "timestamp": 1682691752.886249}
{"event": "Failed indexing doc", "mapping_type": "date_range", "value": 0, "runtime_type": "integer", "level": "error", "timestamp": 1682691752.9343638}
{"event": "Index deleted", "level": "debug", "timestamp": 1682691753.070771}
{"event": "Created index", "mapping_type": "date_range", "level": "debug", "timestamp": 1682691753.181924}
{"event": "Trying indexing...", "mapping_type": "date_range", "value": 1420070400001, "runtime_type": "date", "level": "debug", "timestamp": 1682691753.182011}
{"event": "Failed indexing doc", "mapping_type": "date_range", "value": 1420070400001, "runtime_type": "date", "level": "error", "timestamp": 1682691753.228276}
{"event": "Trying indexing...", "mapping_type": "date_range", "value": "\"2015-01-01T12:10:30Z\"", "runtime_type": "date", "level": "debug", "timestamp": 1682691753.2283578}
{"event": "Failed indexing doc", "mapping_type": "date_range", "value": "\"2015-01-01T12:10:30Z\"", "runtime_type": "date", "level": "error", "timestamp": 1682691753.274394}
{"event": "Trying indexing...", "mapping_type": "date_range", "value": "\"2015-01-01\"", "runtime_type": "date", "level": "debug", "timestamp": 1682691753.2744708}
{"event": "Failed indexing doc", "mapping_type": "date_range", "value": "\"2015-01-01\"", "runtime_type": "date", "level": "error", "timestamp": 1682691753.320865}
{"event": "Index deleted", "level": "debug", "timestamp": 1682691753.458071}
{"event": "Created index", "mapping_type": "date_range", "level": "debug", "timestamp": 1682691753.57344}
{"event": "Trying indexing...", "mapping_type": "date_range", "value": 1420070400000, "runtime_type": "date_nanos", "level": "debug", "timestamp": 1682691753.5735219}
{"event": "Failed indexing doc", "mapping_type": "date_range", "value": 1420070400000, "runtime_type": "date_nanos", "level": "error", "timestamp": 1682691753.6203141}
{"event": "Trying indexing...", "mapping_type": "date_range", "value": "\"2015-01-01T12:10:30.123456789Z\"", "runtime_type": "date_nanos", "level": "debug", "timestamp": 1682691753.620397}
{"event": "Failed indexing doc", "mapping_type": "date_range", "value": "\"2015-01-01T12:10:30.123456789Z\"", "runtime_type": "date_nanos", "level": "error", "timestamp": 1682691753.666949}
{"event": "Trying indexing...", "mapping_type": "date_range", "value": "\"2015-01-01\"", "runtime_type": "date_nanos", "level": "debug", "timestamp": 1682691753.66703}
{"event": "Failed indexing doc", "mapping_type": "date_range", "value": "\"2015-01-01\"", "runtime_type": "date_nanos", "level": "error", "timestamp": 1682691753.713397}
{"event": "Index deleted", "level": "debug", "timestamp": 1682691753.854811}
{"event": "Created index", "mapping_type": "date_range", "level": "debug", "timestamp": 1682691753.965575}
{"event": "Trying indexing...", "mapping_type": "date_range", "value": "\"192.168.1.1\"", "runtime_type": "ip", "level": "debug", "timestamp": 1682691753.965657}
{"event": "Failed indexing doc", "mapping_type": "date_range", "value": "\"192.168.1.1\"", "runtime_type": "ip", "level": "error", "timestamp": 1682691754.013231}
{"event": "Trying indexing...", "mapping_type": "date_range", "value": "\"192.168.0.0/16\"", "runtime_type": "ip", "level": "debug", "timestamp": 1682691754.01332}
{"event": "Failed indexing doc", "mapping_type": "date_range", "value": "\"192.168.0.0/16\"", "runtime_type": "ip", "level": "error", "timestamp": 1682691754.061218}
{"event": "Trying indexing...", "mapping_type": "date_range", "value": "\"2001:db8::/48\"", "runtime_type": "ip", "level": "debug", "timestamp": 1682691754.061298}
{"event": "Failed indexing doc", "mapping_type": "date_range", "value": "\"2001:db8::/48\"", "runtime_type": "ip", "level": "error", "timestamp": 1682691754.109801}
{"event": "Trying indexing...", "mapping_type": "date_range", "value": "\"2001:db8::1:0:0:1\"", "runtime_type": "ip", "level": "debug", "timestamp": 1682691754.1098828}
{"event": "Failed indexing doc", "mapping_type": "date_range", "value": "\"2001:db8::1:0:0:1\"", "runtime_type": "ip", "level": "error", "timestamp": 1682691754.170964}
{"event": "Index deleted", "level": "debug", "timestamp": 1682691754.30412}
{"event": "Created index", "mapping_type": "date_range", "level": "debug", "timestamp": 1682691754.4163342}
{"event": "Trying indexing...", "mapping_type": "date_range", "value": "\"192.168.0.0/16\"", "runtime_type": "ip_range", "level": "debug", "timestamp": 1682691754.416414}
{"event": "Failed indexing doc", "mapping_type": "date_range", "value": "\"192.168.0.0/16\"", "runtime_type": "ip_range", "level": "error", "timestamp": 1682691754.4631639}
{"event": "Index deleted", "level": "debug", "timestamp": 1682691754.596138}
{"event": "Created index", "mapping_type": "date_range", "level": "debug", "timestamp": 1682691754.710869}
{"event": "Trying indexing...", "mapping_type": "date_range", "value": "{\"age\":30,\"name\":{\"first\":\"John\",\"last\":\"Smith\"}}", "runtime_type": "object", "level": "debug", "timestamp": 1682691754.710953}
{"event": "Failed indexing doc", "mapping_type": "date_range", "value": "{\"age\":30,\"name\":{\"first\":\"John\",\"last\":\"Smith\"}}", "runtime_type": "object", "level": "error", "timestamp": 1682691754.758367}
{"event": "Trying indexing...", "mapping_type": "date_range", "value": "{\"age\":30,\"name.first\":\"John\",\"name.last\":\"Smith\"}", "runtime_type": "object", "level": "debug", "timestamp": 1682691754.7584481}
{"event": "Failed indexing doc", "mapping_type": "date_range", "value": "{\"age\":30,\"name.first\":\"John\",\"name.last\":\"Smith\"}", "runtime_type": "object", "level": "error", "timestamp": 1682691754.8061619}
{"mapping_type": "object", "event": "New mapping type", "level": "debug", "timestamp": 1682691754.859603}
{"event": "Index deleted", "level": "debug", "timestamp": 1682691754.93604}
{"event": "Created index", "mapping_type": "object", "level": "debug", "timestamp": 1682691755.0412002}
{"event": "Trying indexing...", "mapping_type": "object", "value": 1, "runtime_type": "integer", "level": "debug", "timestamp": 1682691755.041286}
{"event": "Failed indexing doc", "mapping_type": "object", "value": 1, "runtime_type": "integer", "level": "error", "timestamp": 1682691755.087735}
{"event": "Trying indexing...", "mapping_type": "object", "value": -1, "runtime_type": "integer", "level": "debug", "timestamp": 1682691755.0878148}
{"event": "Failed indexing doc", "mapping_type": "object", "value": -1, "runtime_type": "integer", "level": "error", "timestamp": 1682691755.1343381}
{"event": "Trying indexing...", "mapping_type": "object", "value": 0, "runtime_type": "integer", "level": "debug", "timestamp": 1682691755.134423}
{"event": "Failed indexing doc", "mapping_type": "object", "value": 0, "runtime_type": "integer", "level": "error", "timestamp": 1682691755.181012}
{"event": "Index deleted", "level": "debug", "timestamp": 1682691755.3205938}
{"event": "Created index", "mapping_type": "object", "level": "debug", "timestamp": 1682691755.4242408}
{"event": "Trying indexing...", "mapping_type": "object", "value": 1420070400001, "runtime_type": "date", "level": "debug", "timestamp": 1682691755.424324}
{"event": "Failed indexing doc", "mapping_type": "object", "value": 1420070400001, "runtime_type": "date", "level": "error", "timestamp": 1682691755.470377}
{"event": "Trying indexing...", "mapping_type": "object", "value": "\"2015-01-01T12:10:30Z\"", "runtime_type": "date", "level": "debug", "timestamp": 1682691755.470455}
{"event": "Failed indexing doc", "mapping_type": "object", "value": "\"2015-01-01T12:10:30Z\"", "runtime_type": "date", "level": "error", "timestamp": 1682691755.517326}
{"event": "Trying indexing...", "mapping_type": "object", "value": "\"2015-01-01\"", "runtime_type": "date", "level": "debug", "timestamp": 1682691755.517406}
{"event": "Failed indexing doc", "mapping_type": "object", "value": "\"2015-01-01\"", "runtime_type": "date", "level": "error", "timestamp": 1682691755.5651798}
{"event": "Index deleted", "level": "debug", "timestamp": 1682691755.69627}
{"event": "Created index", "mapping_type": "object", "level": "debug", "timestamp": 1682691755.802189}
{"event": "Trying indexing...", "mapping_type": "object", "value": 1420070400000, "runtime_type": "date_nanos", "level": "debug", "timestamp": 1682691755.802269}
{"event": "Failed indexing doc", "mapping_type": "object", "value": 1420070400000, "runtime_type": "date_nanos", "level": "error", "timestamp": 1682691755.848903}
{"event": "Trying indexing...", "mapping_type": "object", "value": "\"2015-01-01T12:10:30.123456789Z\"", "runtime_type": "date_nanos", "level": "debug", "timestamp": 1682691755.848981}
{"event": "Failed indexing doc", "mapping_type": "object", "value": "\"2015-01-01T12:10:30.123456789Z\"", "runtime_type": "date_nanos", "level": "error", "timestamp": 1682691755.895148}
{"event": "Trying indexing...", "mapping_type": "object", "value": "\"2015-01-01\"", "runtime_type": "date_nanos", "level": "debug", "timestamp": 1682691755.8952398}
{"event": "Failed indexing doc", "mapping_type": "object", "value": "\"2015-01-01\"", "runtime_type": "date_nanos", "level": "error", "timestamp": 1682691755.942178}
{"event": "Index deleted", "level": "debug", "timestamp": 1682691756.077324}
{"event": "Created index", "mapping_type": "object", "level": "debug", "timestamp": 1682691756.1845891}
{"event": "Trying indexing...", "mapping_type": "object", "value": "\"192.168.1.1\"", "runtime_type": "ip", "level": "debug", "timestamp": 1682691756.18467}
{"event": "Failed indexing doc", "mapping_type": "object", "value": "\"192.168.1.1\"", "runtime_type": "ip", "level": "error", "timestamp": 1682691756.231646}
{"event": "Trying indexing...", "mapping_type": "object", "value": "\"192.168.0.0/16\"", "runtime_type": "ip", "level": "debug", "timestamp": 1682691756.231723}
{"event": "Failed indexing doc", "mapping_type": "object", "value": "\"192.168.0.0/16\"", "runtime_type": "ip", "level": "error", "timestamp": 1682691756.279458}
{"event": "Trying indexing...", "mapping_type": "object", "value": "\"2001:db8::/48\"", "runtime_type": "ip", "level": "debug", "timestamp": 1682691756.279538}
{"event": "Failed indexing doc", "mapping_type": "object", "value": "\"2001:db8::/48\"", "runtime_type": "ip", "level": "error", "timestamp": 1682691756.327513}
{"event": "Trying indexing...", "mapping_type": "object", "value": "\"2001:db8::1:0:0:1\"", "runtime_type": "ip", "level": "debug", "timestamp": 1682691756.3275971}
{"event": "Failed indexing doc", "mapping_type": "object", "value": "\"2001:db8::1:0:0:1\"", "runtime_type": "ip", "level": "error", "timestamp": 1682691756.377859}
{"event": "Index deleted", "level": "debug", "timestamp": 1682691756.5050461}
{"event": "Created index", "mapping_type": "object", "level": "debug", "timestamp": 1682691756.617179}
{"event": "Trying indexing...", "mapping_type": "object", "value": "\"192.168.0.0/16\"", "runtime_type": "ip_range", "level": "debug", "timestamp": 1682691756.61726}
{"event": "Failed indexing doc", "mapping_type": "object", "value": "\"192.168.0.0/16\"", "runtime_type": "ip_range", "level": "error", "timestamp": 1682691756.6638348}
{"event": "Index deleted", "level": "debug", "timestamp": 1682691756.794142}
{"event": "Created index", "mapping_type": "object", "level": "debug", "timestamp": 1682691756.902807}
{"event": "Trying indexing...", "mapping_type": "object", "value": "{\"gte\":\"2015-10-31 12:00:00\",\"lte\": \"2015-11-01\"}", "runtime_type": "date_range", "level": "debug", "timestamp": 1682691756.902889}
{"event": "Object indexed correctly", "mapping_type": "object", "value": "{\"gte\":\"2015-10-31 12:00:00\",\"lte\": \"2015-11-01\"}", "runtime_type": "date_range", "level": "debug", "timestamp": 1682691756.9750788}
{"counts": {"pass": 4, "fail": 24, "ignore": 13, "partial_fail": 1, "skip": 7, "total": 49}, "event": "Counts", "level": "info", "timestamp": 1682691757.028167}
